/bin/sh: /usr/bin/flock: No such file or directory
/bin/sh: /usr/bin/flock: No such file or directory
📊 获取市场数据...
📤 发布到币安 Square...
✅ 发布成功!
🔗 https://www.binance.com/square/post/300278395323425
📊 获取市场数据...
📤 发布到币安 Square...
✅ 发布成功!
🔗 https://www.binance.com/square/post/300278437334530
📊 获取市场数据...
📤 发布到币安 Square...
✅ 发布成功!
🔗 https://www.binance.com/square/post/300278491537009
/bin/sh: /usr/bin/flock: No such file or directory
📊 获取市场数据...
📤 发布到币安 Square...
✅ 发布成功!
🔗 https://www.binance.com/square/post/300399848980962
/bin/sh: /usr/bin/flock: No such file or directory
📊 获取市场数据...
📤 发布到币安 Square...
✅ 发布成功!
🔗 https://www.binance.com/square/post/300576794900145
/bin/sh: /usr/bin/flock: No such file or directory
📊 获取市场数据...
📝 生成文案预览：
----------------------------------------
大多数人没注意到，市场真正的信号是：震荡市，方向感不足

今天的盘面不算差，但也远没到可以闭眼看多的时候。

先看核心盘面：
• BTC：$70,329（24h +1.89%）
• ETH：$2,059（24h +2.18%）
• SOL：$86.91（24h +2.91%）

我更在意的不是单个币涨了多少，而是市场处在什么阶段：震荡市，方向感不足。
其中最强的是 SOL，最弱的是 BTC，这种强弱分化本身就是信号。

市场解读：
我的判断是：现在更像“试探方向”，不是“趋势确认”。谁能把节奏踩准，谁才有利润；乱追只会来回打脸。

热点层面也有点意思：热点轮动很快，别只盯着涨跌榜。
如果热度、聪明钱和主流币方向开始共振，行情会更顺；如果只是社媒热闹、主流币没跟，那很多拉升大概率都走不远。

一句话策略：少做预判，多看确认，尤其盯住 BTC 是否给出更清晰的区间突破。

另外，今天我会额外留意这条线索：消息面没有形成单边驱动，市场主要还是在交易情绪和资金方向。

你觉得这波是趋势启动，还是情绪反弹？评论区聊聊。

#币圈 #BTC #ETH #SOL #BinanceSquare
（仅为市场观察，不构成投资建议）

📤 发布到 Binance Square...
✅ 发布成功!
🔗 https://www.binance.com/square/post/300753739893346
📊 获取市场数据...
/bin/sh: /usr/bin/flock: No such file or directory
📝 生成文案预览：
----------------------------------------
今天的币圈，都在看这个：震荡市，方向感不足

今天的盘面不算差，但也远没到可以闭眼看多的时候。

先看核心盘面：
• BTC：$70,634（24h +0.51%）
• ETH：$2,078（24h +1.21%）
• SOL：$86.96（24h +0.36%）

我更在意的不是单个币涨了多少，而是市场处在什么阶段：震荡市，方向感不足。
其中最强的是 ETH，最弱的是 SOL，这种强弱分化本身就是信号。

市场解读：
我的判断是：现在更像“试探方向”，不是“趋势确认”。谁能把节奏踩准，谁才有利润；乱追只会来回打脸。

热点层面也有点意思：热点轮动很快，别只盯着涨跌榜。
如果热度、聪明钱和主流币方向开始共振，行情会更顺；如果只是社媒热闹、主流币没跟，那很多拉升大概率都走不远。

一句话策略：少做预判，多看确认，尤其盯住 BTC 是否给出更清晰的区间突破。

另外，今天我会额外留意这条线索：消息面没有形成单边驱动，市场主要还是在交易情绪和资金方向。

你觉得这波是趋势启动，还是情绪反弹？评论区聊聊。

#币圈 #BTC #ETH #SOL #BinanceSquare
（仅为市场观察，不构成投资建议）

📤 发布到 Binance Square...
✅ 发布成功!
🔗 https://www.binance.com/square/post/300930669108498
