/Users/sudi/.openclaw/scripts/browser-self-heal.sh: line 29: 25996 Terminated: 15          "$@" > /dev/null 2>&1
/Users/sudi/.openclaw/scripts/browser-self-heal.sh: line 29: 60787 Terminated: 15          "$@" > /dev/null 2>&1
/Users/sudi/.openclaw/scripts/browser-self-heal.sh: line 29: 99976 Terminated: 15          "$@" > /dev/null 2>&1
/Users/sudi/.openclaw/scripts/browser-self-heal.sh: line 29: 19271 Terminated: 15          "$@" > /dev/null 2>&1
/Users/sudi/.openclaw/scripts/browser-self-heal.sh: line 29: 54549 Terminated: 15          "$@" > /dev/null 2>&1
/Users/sudi/.openclaw/scripts/browser-self-heal.sh: line 161: 44397 Killed: 9               sleep 2
/Users/sudi/.openclaw/scripts/browser-self-heal.sh: line 29: 80555 Terminated: 15          "$@" > /dev/null 2>&1
/Users/sudi/.openclaw/scripts/browser-self-heal.sh: line 29: 44391 Terminated: 15          "$@" > /dev/null 2>&1
/Users/sudi/.openclaw/scripts/browser-self-heal.sh: line 29: 69941 Terminated: 15          "$@" > /dev/null 2>&1
/Users/sudi/.openclaw/scripts/browser-self-heal.sh: line 29: 81428 Terminated: 15          "$@" > /dev/null 2>&1
/Users/sudi/.openclaw/scripts/browser-self-heal.sh: line 29: 41856 Terminated: 15          "$@" > /dev/null 2>&1
/Users/sudi/.openclaw/scripts/browser-self-heal.sh: line 29: 66977 Terminated: 15          "$@" > /dev/null 2>&1
/Users/sudi/.openclaw/scripts/browser-self-heal.sh: line 29: 65188 Terminated: 15          "$@" > /dev/null 2>&1
/Users/sudi/.openclaw/scripts/browser-self-heal.sh: line 29:  3806 Terminated: 15          "$@" > /dev/null 2>&1
/Users/sudi/.openclaw/scripts/browser-self-heal.sh: line 29: 31453 Terminated: 15          "$@" > /dev/null 2>&1
/Users/sudi/.openclaw/scripts/browser-self-heal.sh: line 161: 15955 Killed: 9               sleep 2
/Users/sudi/.openclaw/scripts/browser-self-heal.sh: line 78: 16460 Killed: 9               curl -fsS --max-time 3 "$CDP_URL" > /dev/null 2>&1
/Users/sudi/.openclaw/scripts/browser-self-heal.sh: fork: Resource temporarily unavailable
/Users/sudi/.openclaw/scripts/browser-self-heal.sh: fork: Resource temporarily unavailable
/Users/sudi/.openclaw/scripts/browser-self-heal.sh: fork: Resource temporarily unavailable
/Users/sudi/.openclaw/scripts/browser-self-heal.sh: fork: Resource temporarily unavailable
/Users/sudi/.openclaw/scripts/browser-self-heal.sh: fork: Resource temporarily unavailable
/Users/sudi/.openclaw/scripts/browser-self-heal.sh: fork: Resource temporarily unavailable
/Users/sudi/.openclaw/scripts/browser-self-heal.sh: fork: Resource temporarily unavailable
/Users/sudi/.openclaw/scripts/browser-self-heal.sh: fork: Resource temporarily unavailable
/Users/sudi/.openclaw/scripts/browser-self-heal.sh: fork: Resource temporarily unavailable
/Users/sudi/.openclaw/scripts/browser-self-heal.sh: fork: Resource temporarily unavailable
/Users/sudi/.openclaw/scripts/browser-self-heal.sh: fork: Resource temporarily unavailable
/Users/sudi/.openclaw/scripts/browser-self-heal.sh: fork: Resource temporarily unavailable
/Users/sudi/.openclaw/scripts/browser-self-heal.sh: fork: Resource temporarily unavailable
/Users/sudi/.openclaw/scripts/browser-self-heal.sh: fork: Resource temporarily unavailable
/Users/sudi/.openclaw/scripts/browser-self-heal.sh: fork: Resource temporarily unavailable
/Users/sudi/.openclaw/scripts/browser-self-heal.sh: fork: Resource temporarily unavailable
/Users/sudi/.openclaw/scripts/browser-self-heal.sh: fork: Resource temporarily unavailable
/Users/sudi/.openclaw/scripts/browser-self-heal.sh: fork: Resource temporarily unavailable
/Users/sudi/.openclaw/scripts/browser-self-heal.sh: fork: Resource temporarily unavailable
/Users/sudi/.openclaw/scripts/browser-self-heal.sh: fork: Resource temporarily unavailable
/Users/sudi/.openclaw/scripts/browser-self-heal.sh: fork: Resource temporarily unavailable
/Users/sudi/.openclaw/scripts/browser-self-heal.sh: fork: Resource temporarily unavailable
/Users/sudi/.openclaw/scripts/browser-self-heal.sh: fork: Resource temporarily unavailable
/Users/sudi/.openclaw/scripts/browser-self-heal.sh: fork: Resource temporarily unavailable
/Users/sudi/.openclaw/scripts/browser-self-heal.sh: fork: Resource temporarily unavailable
/Users/sudi/.openclaw/scripts/browser-self-heal.sh: fork: Resource temporarily unavailable
/Users/sudi/.openclaw/scripts/browser-self-heal.sh: fork: Resource temporarily unavailable
/Users/sudi/.openclaw/scripts/browser-self-heal.sh: fork: Resource temporarily unavailable
/Users/sudi/.openclaw/scripts/browser-self-heal.sh: fork: Resource temporarily unavailable
/Users/sudi/.openclaw/scripts/browser-self-heal.sh: fork: Resource temporarily unavailable
/Users/sudi/.openclaw/scripts/browser-self-heal.sh: fork: Resource temporarily unavailable
/Users/sudi/.openclaw/scripts/browser-self-heal.sh: fork: Resource temporarily unavailable
/Users/sudi/.openclaw/scripts/browser-self-heal.sh: fork: Resource temporarily unavailable
/Users/sudi/.openclaw/scripts/browser-self-heal.sh: fork: Resource temporarily unavailable
/Users/sudi/.openclaw/scripts/browser-self-heal.sh: fork: Resource temporarily unavailable
/Users/sudi/.openclaw/scripts/browser-self-heal.sh: fork: Resource temporarily unavailable
/Users/sudi/.openclaw/scripts/browser-self-heal.sh: fork: Resource temporarily unavailable
/Users/sudi/.openclaw/scripts/browser-self-heal.sh: fork: Resource temporarily unavailable
/Users/sudi/.openclaw/scripts/browser-self-heal.sh: fork: Resource temporarily unavailable
/Users/sudi/.openclaw/scripts/browser-self-heal.sh: fork: Resource temporarily unavailable
/Users/sudi/.openclaw/scripts/browser-self-heal.sh: fork: Resource temporarily unavailable
/Users/sudi/.openclaw/scripts/browser-self-heal.sh: fork: Resource temporarily unavailable
/Users/sudi/.openclaw/scripts/browser-self-heal.sh: fork: Resource temporarily unavailable
/Users/sudi/.openclaw/scripts/browser-self-heal.sh: fork: Resource temporarily unavailable
/Users/sudi/.openclaw/scripts/browser-self-heal.sh: fork: Resource temporarily unavailable
/Users/sudi/.openclaw/scripts/browser-self-heal.sh: fork: Resource temporarily unavailable
/Users/sudi/.openclaw/scripts/browser-self-heal.sh: fork: Resource temporarily unavailable
/Users/sudi/.openclaw/scripts/browser-self-heal.sh: fork: Resource temporarily unavailable
/Users/sudi/.openclaw/scripts/browser-self-heal.sh: fork: Resource temporarily unavailable
/Users/sudi/.openclaw/scripts/browser-self-heal.sh: fork: Resource temporarily unavailable
/Users/sudi/.openclaw/scripts/browser-self-heal.sh: fork: Resource temporarily unavailable
/Users/sudi/.openclaw/scripts/browser-self-heal.sh: fork: Resource temporarily unavailable
/Users/sudi/.openclaw/scripts/browser-self-heal.sh: fork: Resource temporarily unavailable
/Users/sudi/.openclaw/scripts/browser-self-heal.sh: fork: Resource temporarily unavailable
/Users/sudi/.openclaw/scripts/browser-self-heal.sh: fork: Resource temporarily unavailable
/Users/sudi/.openclaw/scripts/browser-self-heal.sh: fork: Resource temporarily unavailable
/Users/sudi/.openclaw/scripts/browser-self-heal.sh: fork: Resource temporarily unavailable
/Users/sudi/.openclaw/scripts/browser-self-heal.sh: fork: Resource temporarily unavailable
/Users/sudi/.openclaw/scripts/browser-self-heal.sh: fork: Resource temporarily unavailable
/Users/sudi/.openclaw/scripts/browser-self-heal.sh: fork: Resource temporarily unavailable
/Users/sudi/.openclaw/scripts/browser-self-heal.sh: fork: Resource temporarily unavailable
/Users/sudi/.openclaw/scripts/browser-self-heal.sh: fork: Resource temporarily unavailable
/Users/sudi/.openclaw/scripts/browser-self-heal.sh: fork: Resource temporarily unavailable
/Users/sudi/.openclaw/scripts/browser-self-heal.sh: fork: Resource temporarily unavailable
/Users/sudi/.openclaw/scripts/browser-self-heal.sh: fork: Resource temporarily unavailable
/Users/sudi/.openclaw/scripts/browser-self-heal.sh: fork: Resource temporarily unavailable
/Users/sudi/.openclaw/scripts/browser-self-heal.sh: fork: Resource temporarily unavailable
/Users/sudi/.openclaw/scripts/browser-self-heal.sh: fork: Resource temporarily unavailable
/Users/sudi/.openclaw/scripts/browser-self-heal.sh: fork: Resource temporarily unavailable
/Users/sudi/.openclaw/scripts/browser-self-heal.sh: fork: Resource temporarily unavailable
/Users/sudi/.openclaw/scripts/browser-self-heal.sh: fork: Resource temporarily unavailable
/Users/sudi/.openclaw/scripts/browser-self-heal.sh: fork: Resource temporarily unavailable
/Users/sudi/.openclaw/scripts/browser-self-heal.sh: fork: Resource temporarily unavailable
/Users/sudi/.openclaw/scripts/browser-self-heal.sh: fork: Resource temporarily unavailable
/Users/sudi/.openclaw/scripts/browser-self-heal.sh: fork: Resource temporarily unavailable
/Users/sudi/.openclaw/scripts/browser-self-heal.sh: fork: Resource temporarily unavailable
/Users/sudi/.openclaw/scripts/browser-self-heal.sh: fork: Resource temporarily unavailable
/Users/sudi/.openclaw/scripts/browser-self-heal.sh: fork: Resource temporarily unavailable
/Users/sudi/.openclaw/scripts/browser-self-heal.sh: fork: Resource temporarily unavailable
/Users/sudi/.openclaw/scripts/browser-self-heal.sh: fork: Resource temporarily unavailable
/Users/sudi/.openclaw/scripts/browser-self-heal.sh: fork: Resource temporarily unavailable
/Users/sudi/.openclaw/scripts/browser-self-heal.sh: fork: Resource temporarily unavailable
/Users/sudi/.openclaw/scripts/browser-self-heal.sh: fork: Resource temporarily unavailable
/Users/sudi/.openclaw/scripts/browser-self-heal.sh: fork: Resource temporarily unavailable
/Users/sudi/.openclaw/scripts/browser-self-heal.sh: fork: Resource temporarily unavailable
/Users/sudi/.openclaw/scripts/browser-self-heal.sh: fork: Resource temporarily unavailable
/Users/sudi/.openclaw/scripts/browser-self-heal.sh: fork: Resource temporarily unavailable
/Users/sudi/.openclaw/scripts/browser-self-heal.sh: fork: Resource temporarily unavailable
/Users/sudi/.openclaw/scripts/browser-self-heal.sh: fork: Resource temporarily unavailable
/Users/sudi/.openclaw/scripts/browser-self-heal.sh: fork: Resource temporarily unavailable
/Users/sudi/.openclaw/scripts/browser-self-heal.sh: fork: Resource temporarily unavailable
/Users/sudi/.openclaw/scripts/browser-self-heal.sh: fork: Resource temporarily unavailable
/Users/sudi/.openclaw/scripts/browser-self-heal.sh: fork: Resource temporarily unavailable
/Users/sudi/.openclaw/scripts/browser-self-heal.sh: fork: Resource temporarily unavailable
/Users/sudi/.openclaw/scripts/browser-self-heal.sh: fork: Resource temporarily unavailable
/Users/sudi/.openclaw/scripts/browser-self-heal.sh: fork: Resource temporarily unavailable
/Users/sudi/.openclaw/scripts/browser-self-heal.sh: fork: Resource temporarily unavailable
/Users/sudi/.openclaw/scripts/browser-self-heal.sh: fork: Resource temporarily unavailable
/Users/sudi/.openclaw/scripts/browser-self-heal.sh: fork: Resource temporarily unavailable
/Users/sudi/.openclaw/scripts/browser-self-heal.sh: fork: Resource temporarily unavailable
/Users/sudi/.openclaw/scripts/browser-self-heal.sh: fork: Resource temporarily unavailable
/Users/sudi/.openclaw/scripts/browser-self-heal.sh: fork: Resource temporarily unavailable
/Users/sudi/.openclaw/scripts/browser-self-heal.sh: fork: Resource temporarily unavailable
/Users/sudi/.openclaw/scripts/browser-self-heal.sh: fork: Resource temporarily unavailable
/Users/sudi/.openclaw/scripts/browser-self-heal.sh: fork: Resource temporarily unavailable
/Users/sudi/.openclaw/scripts/browser-self-heal.sh: fork: Resource temporarily unavailable
/Users/sudi/.openclaw/scripts/browser-self-heal.sh: fork: Resource temporarily unavailable
/Users/sudi/.openclaw/scripts/browser-self-heal.sh: fork: Resource temporarily unavailable
/Users/sudi/.openclaw/scripts/browser-self-heal.sh: fork: Resource temporarily unavailable
/Users/sudi/.openclaw/scripts/browser-self-heal.sh: fork: Resource temporarily unavailable
/Users/sudi/.openclaw/scripts/browser-self-heal.sh: fork: Resource temporarily unavailable
/Users/sudi/.openclaw/scripts/browser-self-heal.sh: fork: Resource temporarily unavailable
/Users/sudi/.openclaw/scripts/browser-self-heal.sh: fork: Resource temporarily unavailable
/Users/sudi/.openclaw/scripts/browser-self-heal.sh: fork: Resource temporarily unavailable
/Users/sudi/.openclaw/scripts/browser-self-heal.sh: fork: Resource temporarily unavailable
/Users/sudi/.openclaw/scripts/browser-self-heal.sh: fork: Resource temporarily unavailable
/Users/sudi/.openclaw/scripts/browser-self-heal.sh: fork: Resource temporarily unavailable
/Users/sudi/.openclaw/scripts/browser-self-heal.sh: fork: Resource temporarily unavailable
/Users/sudi/.openclaw/scripts/browser-self-heal.sh: fork: Resource temporarily unavailable
/Users/sudi/.openclaw/scripts/browser-self-heal.sh: fork: Resource temporarily unavailable
/Users/sudi/.openclaw/scripts/browser-self-heal.sh: fork: Resource temporarily unavailable
/Users/sudi/.openclaw/scripts/browser-self-heal.sh: fork: Resource temporarily unavailable
/Users/sudi/.openclaw/scripts/browser-self-heal.sh: fork: Resource temporarily unavailable
/Users/sudi/.openclaw/scripts/browser-self-heal.sh: fork: Resource temporarily unavailable
/Users/sudi/.openclaw/scripts/browser-self-heal.sh: fork: Resource temporarily unavailable
/Users/sudi/.openclaw/scripts/browser-self-heal.sh: fork: Resource temporarily unavailable
/Users/sudi/.openclaw/scripts/browser-self-heal.sh: fork: Resource temporarily unavailable
/Users/sudi/.openclaw/scripts/browser-self-heal.sh: fork: Resource temporarily unavailable
/Users/sudi/.openclaw/scripts/browser-self-heal.sh: fork: Resource temporarily unavailable
/Users/sudi/.openclaw/scripts/browser-self-heal.sh: fork: Resource temporarily unavailable
/Users/sudi/.openclaw/scripts/browser-self-heal.sh: fork: Resource temporarily unavailable
/Users/sudi/.openclaw/scripts/browser-self-heal.sh: fork: Resource temporarily unavailable
/Users/sudi/.openclaw/scripts/browser-self-heal.sh: fork: Resource temporarily unavailable
/Users/sudi/.openclaw/scripts/browser-self-heal.sh: fork: Resource temporarily unavailable
/Users/sudi/.openclaw/scripts/browser-self-heal.sh: fork: Resource temporarily unavailable
/Users/sudi/.openclaw/scripts/browser-self-heal.sh: fork: Resource temporarily unavailable
/Users/sudi/.openclaw/scripts/browser-self-heal.sh: fork: Resource temporarily unavailable
/Users/sudi/.openclaw/scripts/browser-self-heal.sh: fork: Resource temporarily unavailable
/Users/sudi/.openclaw/scripts/browser-self-heal.sh: fork: Resource temporarily unavailable
/Users/sudi/.openclaw/scripts/browser-self-heal.sh: fork: Resource temporarily unavailable
/Users/sudi/.openclaw/scripts/browser-self-heal.sh: fork: Resource temporarily unavailable
/Users/sudi/.openclaw/scripts/browser-self-heal.sh: fork: Resource temporarily unavailable
/Users/sudi/.openclaw/scripts/browser-self-heal.sh: fork: Resource temporarily unavailable
/Users/sudi/.openclaw/scripts/browser-self-heal.sh: fork: Resource temporarily unavailable
/Users/sudi/.openclaw/scripts/browser-self-heal.sh: fork: Resource temporarily unavailable
/Users/sudi/.openclaw/scripts/browser-self-heal.sh: fork: Resource temporarily unavailable
/Users/sudi/.openclaw/scripts/browser-self-heal.sh: fork: Resource temporarily unavailable
/Users/sudi/.openclaw/scripts/browser-self-heal.sh: fork: Resource temporarily unavailable
/Users/sudi/.openclaw/scripts/browser-self-heal.sh: fork: Resource temporarily unavailable
/Users/sudi/.openclaw/scripts/browser-self-heal.sh: fork: Resource temporarily unavailable
/Users/sudi/.openclaw/scripts/browser-self-heal.sh: fork: Resource temporarily unavailable
/Users/sudi/.openclaw/scripts/browser-self-heal.sh: fork: Resource temporarily unavailable
/Users/sudi/.openclaw/scripts/browser-self-heal.sh: fork: Resource temporarily unavailable
/Users/sudi/.openclaw/scripts/browser-self-heal.sh: fork: Resource temporarily unavailable
/Users/sudi/.openclaw/scripts/browser-self-heal.sh: fork: Resource temporarily unavailable
/Users/sudi/.openclaw/scripts/browser-self-heal.sh: fork: Resource temporarily unavailable
/Users/sudi/.openclaw/scripts/browser-self-heal.sh: fork: Resource temporarily unavailable
/Users/sudi/.openclaw/scripts/browser-self-heal.sh: fork: Resource temporarily unavailable
/Users/sudi/.openclaw/scripts/browser-self-heal.sh: fork: Resource temporarily unavailable
/Users/sudi/.openclaw/scripts/browser-self-heal.sh: fork: Resource temporarily unavailable
/Users/sudi/.openclaw/scripts/browser-self-heal.sh: fork: Resource temporarily unavailable
/Users/sudi/.openclaw/scripts/browser-self-heal.sh: fork: Resource temporarily unavailable
/Users/sudi/.openclaw/scripts/browser-self-heal.sh: fork: Resource temporarily unavailable
/Users/sudi/.openclaw/scripts/browser-self-heal.sh: fork: Resource temporarily unavailable
/Users/sudi/.openclaw/scripts/browser-self-heal.sh: fork: Resource temporarily unavailable
/Users/sudi/.openclaw/scripts/browser-self-heal.sh: fork: Resource temporarily unavailable
/Users/sudi/.openclaw/scripts/browser-self-heal.sh: fork: Resource temporarily unavailable
/Users/sudi/.openclaw/scripts/browser-self-heal.sh: fork: Resource temporarily unavailable
/Users/sudi/.openclaw/scripts/browser-self-heal.sh: fork: Resource temporarily unavailable
/Users/sudi/.openclaw/scripts/browser-self-heal.sh: fork: Resource temporarily unavailable
/Users/sudi/.openclaw/scripts/browser-self-heal.sh: fork: Resource temporarily unavailable
/Users/sudi/.openclaw/scripts/browser-self-heal.sh: fork: Resource temporarily unavailable
/Users/sudi/.openclaw/scripts/browser-self-heal.sh: fork: Resource temporarily unavailable
/Users/sudi/.openclaw/scripts/browser-self-heal.sh: fork: Resource temporarily unavailable
/Users/sudi/.openclaw/scripts/browser-self-heal.sh: fork: Resource temporarily unavailable
/Users/sudi/.openclaw/scripts/browser-self-heal.sh: fork: Resource temporarily unavailable
/Users/sudi/.openclaw/scripts/browser-self-heal.sh: fork: Resource temporarily unavailable
/Users/sudi/.openclaw/scripts/browser-self-heal.sh: fork: Resource temporarily unavailable
/Users/sudi/.openclaw/scripts/browser-self-heal.sh: fork: Resource temporarily unavailable
/Users/sudi/.openclaw/scripts/browser-self-heal.sh: fork: Resource temporarily unavailable
/Users/sudi/.openclaw/scripts/browser-self-heal.sh: fork: Resource temporarily unavailable
/Users/sudi/.openclaw/scripts/browser-self-heal.sh: fork: Resource temporarily unavailable
/Users/sudi/.openclaw/scripts/browser-self-heal.sh: fork: Resource temporarily unavailable
/Users/sudi/.openclaw/scripts/browser-self-heal.sh: fork: Resource temporarily unavailable
/Users/sudi/.openclaw/scripts/browser-self-heal.sh: fork: Resource temporarily unavailable
/Users/sudi/.openclaw/scripts/browser-self-heal.sh: fork: Resource temporarily unavailable
/Users/sudi/.openclaw/scripts/browser-self-heal.sh: fork: Resource temporarily unavailable
/Users/sudi/.openclaw/scripts/browser-self-heal.sh: fork: Resource temporarily unavailable
/Users/sudi/.openclaw/scripts/browser-self-heal.sh: fork: Resource temporarily unavailable
/Users/sudi/.openclaw/scripts/browser-self-heal.sh: fork: Resource temporarily unavailable
/Users/sudi/.openclaw/scripts/browser-self-heal.sh: fork: Resource temporarily unavailable
/Users/sudi/.openclaw/scripts/browser-self-heal.sh: fork: Resource temporarily unavailable
/Users/sudi/.openclaw/scripts/browser-self-heal.sh: fork: Resource temporarily unavailable
/Users/sudi/.openclaw/scripts/browser-self-heal.sh: fork: Resource temporarily unavailable
/Users/sudi/.openclaw/scripts/browser-self-heal.sh: fork: Resource temporarily unavailable
/Users/sudi/.openclaw/scripts/browser-self-heal.sh: fork: Resource temporarily unavailable
/Users/sudi/.openclaw/scripts/browser-self-heal.sh: fork: Resource temporarily unavailable
/Users/sudi/.openclaw/scripts/browser-self-heal.sh: fork: Resource temporarily unavailable
/Users/sudi/.openclaw/scripts/browser-self-heal.sh: fork: Resource temporarily unavailable
/Users/sudi/.openclaw/scripts/browser-self-heal.sh: fork: Resource temporarily unavailable
/Users/sudi/.openclaw/scripts/browser-self-heal.sh: fork: Resource temporarily unavailable
/Users/sudi/.openclaw/scripts/browser-self-heal.sh: fork: Resource temporarily unavailable
/Users/sudi/.openclaw/scripts/browser-self-heal.sh: fork: Resource temporarily unavailable
/Users/sudi/.openclaw/scripts/browser-self-heal.sh: fork: Resource temporarily unavailable
/Users/sudi/.openclaw/scripts/browser-self-heal.sh: fork: Resource temporarily unavailable
/Users/sudi/.openclaw/scripts/browser-self-heal.sh: fork: Resource temporarily unavailable
/Users/sudi/.openclaw/scripts/browser-self-heal.sh: fork: Resource temporarily unavailable
/Users/sudi/.openclaw/scripts/browser-self-heal.sh: fork: Resource temporarily unavailable
/Users/sudi/.openclaw/scripts/browser-self-heal.sh: fork: Resource temporarily unavailable
/Users/sudi/.openclaw/scripts/browser-self-heal.sh: fork: Resource temporarily unavailable
/Users/sudi/.openclaw/scripts/browser-self-heal.sh: fork: Resource temporarily unavailable
/Users/sudi/.openclaw/scripts/browser-self-heal.sh: fork: Resource temporarily unavailable
/Users/sudi/.openclaw/scripts/browser-self-heal.sh: fork: Resource temporarily unavailable
/Users/sudi/.openclaw/scripts/browser-self-heal.sh: fork: Resource temporarily unavailable
/Users/sudi/.openclaw/scripts/browser-self-heal.sh: fork: Resource temporarily unavailable
/Users/sudi/.openclaw/scripts/browser-self-heal.sh: fork: Resource temporarily unavailable
/Users/sudi/.openclaw/scripts/browser-self-heal.sh: fork: Resource temporarily unavailable
/Users/sudi/.openclaw/scripts/browser-self-heal.sh: fork: Resource temporarily unavailable
/Users/sudi/.openclaw/scripts/browser-self-heal.sh: fork: Resource temporarily unavailable
/Users/sudi/.openclaw/scripts/browser-self-heal.sh: fork: Resource temporarily unavailable
/Users/sudi/.openclaw/scripts/browser-self-heal.sh: fork: Resource temporarily unavailable
/Users/sudi/.openclaw/scripts/browser-self-heal.sh: fork: Resource temporarily unavailable
/Users/sudi/.openclaw/scripts/browser-self-heal.sh: fork: Resource temporarily unavailable
/Users/sudi/.openclaw/scripts/browser-self-heal.sh: fork: Resource temporarily unavailable
/Users/sudi/.openclaw/scripts/browser-self-heal.sh: fork: Resource temporarily unavailable
/Users/sudi/.openclaw/scripts/browser-self-heal.sh: fork: Resource temporarily unavailable
/Users/sudi/.openclaw/scripts/browser-self-heal.sh: fork: Resource temporarily unavailable
/Users/sudi/.openclaw/scripts/browser-self-heal.sh: fork: Resource temporarily unavailable
/Users/sudi/.openclaw/scripts/browser-self-heal.sh: fork: Resource temporarily unavailable
/Users/sudi/.openclaw/scripts/browser-self-heal.sh: fork: Resource temporarily unavailable
/Users/sudi/.openclaw/scripts/browser-self-heal.sh: fork: Resource temporarily unavailable
/Users/sudi/.openclaw/scripts/browser-self-heal.sh: fork: Resource temporarily unavailable
/Users/sudi/.openclaw/scripts/browser-self-heal.sh: fork: Resource temporarily unavailable
/Users/sudi/.openclaw/scripts/browser-self-heal.sh: fork: Resource temporarily unavailable
/Users/sudi/.openclaw/scripts/browser-self-heal.sh: fork: Resource temporarily unavailable
/Users/sudi/.openclaw/scripts/browser-self-heal.sh: fork: Resource temporarily unavailable
/Users/sudi/.openclaw/scripts/browser-self-heal.sh: fork: Resource temporarily unavailable
/Users/sudi/.openclaw/scripts/browser-self-heal.sh: fork: Resource temporarily unavailable
/Users/sudi/.openclaw/scripts/browser-self-heal.sh: fork: Resource temporarily unavailable
/Users/sudi/.openclaw/scripts/browser-self-heal.sh: fork: Resource temporarily unavailable
/Users/sudi/.openclaw/scripts/browser-self-heal.sh: fork: Resource temporarily unavailable
/Users/sudi/.openclaw/scripts/browser-self-heal.sh: fork: Resource temporarily unavailable
/Users/sudi/.openclaw/scripts/browser-self-heal.sh: fork: Resource temporarily unavailable
/Users/sudi/.openclaw/scripts/browser-self-heal.sh: fork: Resource temporarily unavailable
/Users/sudi/.openclaw/scripts/browser-self-heal.sh: fork: Resource temporarily unavailable
/Users/sudi/.openclaw/scripts/browser-self-heal.sh: fork: Resource temporarily unavailable
/Users/sudi/.openclaw/scripts/browser-self-heal.sh: fork: Resource temporarily unavailable
/Users/sudi/.openclaw/scripts/browser-self-heal.sh: fork: Resource temporarily unavailable
/Users/sudi/.openclaw/scripts/browser-self-heal.sh: fork: Resource temporarily unavailable
/Users/sudi/.openclaw/scripts/browser-self-heal.sh: fork: Resource temporarily unavailable
/Users/sudi/.openclaw/scripts/browser-self-heal.sh: fork: Resource temporarily unavailable
/Users/sudi/.openclaw/scripts/browser-self-heal.sh: fork: Resource temporarily unavailable
/Users/sudi/.openclaw/scripts/browser-self-heal.sh: fork: Resource temporarily unavailable
/Users/sudi/.openclaw/scripts/browser-self-heal.sh: fork: Resource temporarily unavailable
/Users/sudi/.openclaw/scripts/browser-self-heal.sh: fork: Resource temporarily unavailable
/Users/sudi/.openclaw/scripts/browser-self-heal.sh: fork: Resource temporarily unavailable
/Users/sudi/.openclaw/scripts/browser-self-heal.sh: fork: Resource temporarily unavailable
/Users/sudi/.openclaw/scripts/browser-self-heal.sh: fork: Resource temporarily unavailable
/Users/sudi/.openclaw/scripts/browser-self-heal.sh: fork: Resource temporarily unavailable
/Users/sudi/.openclaw/scripts/browser-self-heal.sh: fork: Resource temporarily unavailable
/Users/sudi/.openclaw/scripts/browser-self-heal.sh: fork: Resource temporarily unavailable
/Users/sudi/.openclaw/scripts/browser-self-heal.sh: fork: Resource temporarily unavailable
/Users/sudi/.openclaw/scripts/browser-self-heal.sh: fork: Resource temporarily unavailable
/Users/sudi/.openclaw/scripts/browser-self-heal.sh: fork: Resource temporarily unavailable
/Users/sudi/.openclaw/scripts/browser-self-heal.sh: fork: Resource temporarily unavailable
/Users/sudi/.openclaw/scripts/browser-self-heal.sh: fork: Resource temporarily unavailable
/Users/sudi/.openclaw/scripts/browser-self-heal.sh: fork: Resource temporarily unavailable
/Users/sudi/.openclaw/scripts/browser-self-heal.sh: fork: Resource temporarily unavailable
/Users/sudi/.openclaw/scripts/browser-self-heal.sh: fork: Resource temporarily unavailable
/Users/sudi/.openclaw/scripts/browser-self-heal.sh: fork: Resource temporarily unavailable
/Users/sudi/.openclaw/scripts/browser-self-heal.sh: fork: Resource temporarily unavailable
/Users/sudi/.openclaw/scripts/browser-self-heal.sh: fork: Resource temporarily unavailable
/Users/sudi/.openclaw/scripts/browser-self-heal.sh: fork: Resource temporarily unavailable
/Users/sudi/.openclaw/scripts/browser-self-heal.sh: fork: Resource temporarily unavailable
/Users/sudi/.openclaw/scripts/browser-self-heal.sh: fork: Resource temporarily unavailable
/Users/sudi/.openclaw/scripts/browser-self-heal.sh: fork: Resource temporarily unavailable
/Users/sudi/.openclaw/scripts/browser-self-heal.sh: fork: Resource temporarily unavailable
/Users/sudi/.openclaw/scripts/browser-self-heal.sh: fork: Resource temporarily unavailable
/Users/sudi/.openclaw/scripts/browser-self-heal.sh: fork: Resource temporarily unavailable
/Users/sudi/.openclaw/scripts/browser-self-heal.sh: fork: Resource temporarily unavailable
/Users/sudi/.openclaw/scripts/browser-self-heal.sh: fork: Resource temporarily unavailable
/Users/sudi/.openclaw/scripts/browser-self-heal.sh: fork: Resource temporarily unavailable
/Users/sudi/.openclaw/scripts/browser-self-heal.sh: fork: Resource temporarily unavailable
/Users/sudi/.openclaw/scripts/browser-self-heal.sh: fork: Resource temporarily unavailable
/Users/sudi/.openclaw/scripts/browser-self-heal.sh: fork: Resource temporarily unavailable
/Users/sudi/.openclaw/scripts/browser-self-heal.sh: fork: Resource temporarily unavailable
/Users/sudi/.openclaw/scripts/browser-self-heal.sh: fork: Resource temporarily unavailable
/Users/sudi/.openclaw/scripts/browser-self-heal.sh: fork: Resource temporarily unavailable
/Users/sudi/.openclaw/scripts/browser-self-heal.sh: fork: Resource temporarily unavailable
/Users/sudi/.openclaw/scripts/browser-self-heal.sh: fork: Resource temporarily unavailable
/Users/sudi/.openclaw/scripts/browser-self-heal.sh: fork: Resource temporarily unavailable
/Users/sudi/.openclaw/scripts/browser-self-heal.sh: fork: Resource temporarily unavailable
/Users/sudi/.openclaw/scripts/browser-self-heal.sh: fork: Resource temporarily unavailable
/Users/sudi/.openclaw/scripts/browser-self-heal.sh: fork: Resource temporarily unavailable
/Users/sudi/.openclaw/scripts/browser-self-heal.sh: fork: Resource temporarily unavailable
/Users/sudi/.openclaw/scripts/browser-self-heal.sh: fork: Resource temporarily unavailable
/Users/sudi/.openclaw/scripts/browser-self-heal.sh: fork: Resource temporarily unavailable
/Users/sudi/.openclaw/scripts/browser-self-heal.sh: fork: Resource temporarily unavailable
/Users/sudi/.openclaw/scripts/browser-self-heal.sh: fork: Resource temporarily unavailable
/Users/sudi/.openclaw/scripts/browser-self-heal.sh: fork: Resource temporarily unavailable
/Users/sudi/.openclaw/scripts/browser-self-heal.sh: fork: Resource temporarily unavailable
/Users/sudi/.openclaw/scripts/browser-self-heal.sh: fork: Resource temporarily unavailable
/Users/sudi/.openclaw/scripts/browser-self-heal.sh: fork: Resource temporarily unavailable
/Users/sudi/.openclaw/scripts/browser-self-heal.sh: fork: Resource temporarily unavailable
/Users/sudi/.openclaw/scripts/browser-self-heal.sh: fork: Resource temporarily unavailable
/Users/sudi/.openclaw/scripts/browser-self-heal.sh: fork: Resource temporarily unavailable
/Users/sudi/.openclaw/scripts/browser-self-heal.sh: fork: Resource temporarily unavailable
/Users/sudi/.openclaw/scripts/browser-self-heal.sh: fork: Resource temporarily unavailable
/Users/sudi/.openclaw/scripts/browser-self-heal.sh: fork: Resource temporarily unavailable
/Users/sudi/.openclaw/scripts/browser-self-heal.sh: fork: Resource temporarily unavailable
/Users/sudi/.openclaw/scripts/browser-self-heal.sh: fork: Resource temporarily unavailable
/Users/sudi/.openclaw/scripts/browser-self-heal.sh: fork: Resource temporarily unavailable
/Users/sudi/.openclaw/scripts/browser-self-heal.sh: fork: Resource temporarily unavailable
/Users/sudi/.openclaw/scripts/browser-self-heal.sh: fork: Resource temporarily unavailable
/Users/sudi/.openclaw/scripts/browser-self-heal.sh: fork: Resource temporarily unavailable
/Users/sudi/.openclaw/scripts/browser-self-heal.sh: fork: Resource temporarily unavailable
/Users/sudi/.openclaw/scripts/browser-self-heal.sh: fork: Resource temporarily unavailable
/Users/sudi/.openclaw/scripts/browser-self-heal.sh: fork: Resource temporarily unavailable
/Users/sudi/.openclaw/scripts/browser-self-heal.sh: fork: Resource temporarily unavailable
/Users/sudi/.openclaw/scripts/browser-self-heal.sh: fork: Resource temporarily unavailable
/Users/sudi/.openclaw/scripts/browser-self-heal.sh: fork: Resource temporarily unavailable
/Users/sudi/.openclaw/scripts/browser-self-heal.sh: fork: Resource temporarily unavailable
/Users/sudi/.openclaw/scripts/browser-self-heal.sh: fork: Resource temporarily unavailable
/Users/sudi/.openclaw/scripts/browser-self-heal.sh: fork: Resource temporarily unavailable
/Users/sudi/.openclaw/scripts/browser-self-heal.sh: fork: Resource temporarily unavailable
/Users/sudi/.openclaw/scripts/browser-self-heal.sh: fork: Resource temporarily unavailable
/Users/sudi/.openclaw/scripts/browser-self-heal.sh: fork: Resource temporarily unavailable
/Users/sudi/.openclaw/scripts/browser-self-heal.sh: fork: Resource temporarily unavailable
/Users/sudi/.openclaw/scripts/browser-self-heal.sh: fork: Resource temporarily unavailable
/Users/sudi/.openclaw/scripts/browser-self-heal.sh: fork: Resource temporarily unavailable
/Users/sudi/.openclaw/scripts/browser-self-heal.sh: fork: Resource temporarily unavailable
/Users/sudi/.openclaw/scripts/browser-self-heal.sh: fork: Resource temporarily unavailable
/Users/sudi/.openclaw/scripts/browser-self-heal.sh: fork: Resource temporarily unavailable
/Users/sudi/.openclaw/scripts/browser-self-heal.sh: fork: Resource temporarily unavailable
/Users/sudi/.openclaw/scripts/browser-self-heal.sh: fork: Resource temporarily unavailable
/Users/sudi/.openclaw/scripts/browser-self-heal.sh: fork: Resource temporarily unavailable
/Users/sudi/.openclaw/scripts/browser-self-heal.sh: fork: Resource temporarily unavailable
/Users/sudi/.openclaw/scripts/browser-self-heal.sh: fork: Resource temporarily unavailable
/Users/sudi/.openclaw/scripts/browser-self-heal.sh: fork: Resource temporarily unavailable
/Users/sudi/.openclaw/scripts/browser-self-heal.sh: fork: Resource temporarily unavailable
/Users/sudi/.openclaw/scripts/browser-self-heal.sh: fork: Resource temporarily unavailable
/Users/sudi/.openclaw/scripts/browser-self-heal.sh: fork: Resource temporarily unavailable
/Users/sudi/.openclaw/scripts/browser-self-heal.sh: fork: Resource temporarily unavailable
/Users/sudi/.openclaw/scripts/browser-self-heal.sh: fork: Resource temporarily unavailable
/Users/sudi/.openclaw/scripts/browser-self-heal.sh: fork: Resource temporarily unavailable
/Users/sudi/.openclaw/scripts/browser-self-heal.sh: fork: Resource temporarily unavailable
/Users/sudi/.openclaw/scripts/browser-self-heal.sh: fork: Resource temporarily unavailable
/Users/sudi/.openclaw/scripts/browser-self-heal.sh: fork: Resource temporarily unavailable
/Users/sudi/.openclaw/scripts/browser-self-heal.sh: fork: Resource temporarily unavailable
/Users/sudi/.openclaw/scripts/browser-self-heal.sh: fork: Resource temporarily unavailable
/Users/sudi/.openclaw/scripts/browser-self-heal.sh: fork: Resource temporarily unavailable
/Users/sudi/.openclaw/scripts/browser-self-heal.sh: fork: Resource temporarily unavailable
/Users/sudi/.openclaw/scripts/browser-self-heal.sh: fork: Resource temporarily unavailable
/Users/sudi/.openclaw/scripts/browser-self-heal.sh: fork: Resource temporarily unavailable
/Users/sudi/.openclaw/scripts/browser-self-heal.sh: fork: Resource temporarily unavailable
/Users/sudi/.openclaw/scripts/browser-self-heal.sh: fork: Resource temporarily unavailable
/Users/sudi/.openclaw/scripts/browser-self-heal.sh: fork: Resource temporarily unavailable
/Users/sudi/.openclaw/scripts/browser-self-heal.sh: fork: Resource temporarily unavailable
/Users/sudi/.openclaw/scripts/browser-self-heal.sh: fork: Resource temporarily unavailable
/Users/sudi/.openclaw/scripts/browser-self-heal.sh: fork: Resource temporarily unavailable
/Users/sudi/.openclaw/scripts/browser-self-heal.sh: fork: Resource temporarily unavailable
/Users/sudi/.openclaw/scripts/browser-self-heal.sh: fork: Resource temporarily unavailable
/Users/sudi/.openclaw/scripts/browser-self-heal.sh: fork: Resource temporarily unavailable
/Users/sudi/.openclaw/scripts/browser-self-heal.sh: fork: Resource temporarily unavailable
/Users/sudi/.openclaw/scripts/browser-self-heal.sh: fork: Resource temporarily unavailable
/Users/sudi/.openclaw/scripts/browser-self-heal.sh: fork: Resource temporarily unavailable
/Users/sudi/.openclaw/scripts/browser-self-heal.sh: fork: Resource temporarily unavailable
/Users/sudi/.openclaw/scripts/browser-self-heal.sh: fork: Resource temporarily unavailable
/Users/sudi/.openclaw/scripts/browser-self-heal.sh: fork: Resource temporarily unavailable
/Users/sudi/.openclaw/scripts/browser-self-heal.sh: fork: Resource temporarily unavailable
/Users/sudi/.openclaw/scripts/browser-self-heal.sh: fork: Resource temporarily unavailable
/Users/sudi/.openclaw/scripts/browser-self-heal.sh: fork: Resource temporarily unavailable
/Users/sudi/.openclaw/scripts/browser-self-heal.sh: fork: Resource temporarily unavailable
/Users/sudi/.openclaw/scripts/browser-self-heal.sh: fork: Resource temporarily unavailable
/Users/sudi/.openclaw/scripts/browser-self-heal.sh: fork: Resource temporarily unavailable
/Users/sudi/.openclaw/scripts/browser-self-heal.sh: fork: Resource temporarily unavailable
/Users/sudi/.openclaw/scripts/browser-self-heal.sh: fork: Resource temporarily unavailable
/Users/sudi/.openclaw/scripts/browser-self-heal.sh: fork: Resource temporarily unavailable
/Users/sudi/.openclaw/scripts/browser-self-heal.sh: fork: Resource temporarily unavailable
/Users/sudi/.openclaw/scripts/browser-self-heal.sh: fork: Resource temporarily unavailable
/Users/sudi/.openclaw/scripts/browser-self-heal.sh: fork: Resource temporarily unavailable
/Users/sudi/.openclaw/scripts/browser-self-heal.sh: fork: Resource temporarily unavailable
/Users/sudi/.openclaw/scripts/browser-self-heal.sh: fork: Resource temporarily unavailable
/Users/sudi/.openclaw/scripts/browser-self-heal.sh: fork: Resource temporarily unavailable
/Users/sudi/.openclaw/scripts/browser-self-heal.sh: fork: Resource temporarily unavailable
/Users/sudi/.openclaw/scripts/browser-self-heal.sh: fork: Resource temporarily unavailable
/Users/sudi/.openclaw/scripts/browser-self-heal.sh: fork: Resource temporarily unavailable
/Users/sudi/.openclaw/scripts/browser-self-heal.sh: fork: Resource temporarily unavailable
/Users/sudi/.openclaw/scripts/browser-self-heal.sh: fork: Resource temporarily unavailable
/Users/sudi/.openclaw/scripts/browser-self-heal.sh: fork: Resource temporarily unavailable
/Users/sudi/.openclaw/scripts/browser-self-heal.sh: fork: Resource temporarily unavailable
/Users/sudi/.openclaw/scripts/browser-self-heal.sh: fork: Resource temporarily unavailable
/Users/sudi/.openclaw/scripts/browser-self-heal.sh: fork: Resource temporarily unavailable
/Users/sudi/.openclaw/scripts/browser-self-heal.sh: fork: Resource temporarily unavailable
/Users/sudi/.openclaw/scripts/browser-self-heal.sh: fork: Resource temporarily unavailable
/Users/sudi/.openclaw/scripts/browser-self-heal.sh: fork: Resource temporarily unavailable
/Users/sudi/.openclaw/scripts/browser-self-heal.sh: fork: Resource temporarily unavailable
/Users/sudi/.openclaw/scripts/browser-self-heal.sh: fork: Resource temporarily unavailable
/Users/sudi/.openclaw/scripts/browser-self-heal.sh: fork: Resource temporarily unavailable
/Users/sudi/.openclaw/scripts/browser-self-heal.sh: fork: Resource temporarily unavailable
/Users/sudi/.openclaw/scripts/browser-self-heal.sh: fork: Resource temporarily unavailable
/Users/sudi/.openclaw/scripts/browser-self-heal.sh: fork: Resource temporarily unavailable
/Users/sudi/.openclaw/scripts/browser-self-heal.sh: fork: Resource temporarily unavailable
/Users/sudi/.openclaw/scripts/browser-self-heal.sh: fork: Resource temporarily unavailable
/Users/sudi/.openclaw/scripts/browser-self-heal.sh: fork: Resource temporarily unavailable
/Users/sudi/.openclaw/scripts/browser-self-heal.sh: fork: Resource temporarily unavailable
/Users/sudi/.openclaw/scripts/browser-self-heal.sh: fork: Resource temporarily unavailable
/Users/sudi/.openclaw/scripts/browser-self-heal.sh: fork: Resource temporarily unavailable
/Users/sudi/.openclaw/scripts/browser-self-heal.sh: fork: Resource temporarily unavailable
/Users/sudi/.openclaw/scripts/browser-self-heal.sh: fork: Resource temporarily unavailable
/Users/sudi/.openclaw/scripts/browser-self-heal.sh: fork: Resource temporarily unavailable
/Users/sudi/.openclaw/scripts/browser-self-heal.sh: fork: Resource temporarily unavailable
/Users/sudi/.openclaw/scripts/browser-self-heal.sh: fork: Resource temporarily unavailable
/Users/sudi/.openclaw/scripts/browser-self-heal.sh: fork: Resource temporarily unavailable
/Users/sudi/.openclaw/scripts/browser-self-heal.sh: fork: Resource temporarily unavailable
/Users/sudi/.openclaw/scripts/browser-self-heal.sh: fork: Resource temporarily unavailable
/Users/sudi/.openclaw/scripts/browser-self-heal.sh: fork: Resource temporarily unavailable
/Users/sudi/.openclaw/scripts/browser-self-heal.sh: fork: Resource temporarily unavailable
/Users/sudi/.openclaw/scripts/browser-self-heal.sh: fork: Resource temporarily unavailable
/Users/sudi/.openclaw/scripts/browser-self-heal.sh: fork: Resource temporarily unavailable
/Users/sudi/.openclaw/scripts/browser-self-heal.sh: fork: Resource temporarily unavailable
/Users/sudi/.openclaw/scripts/browser-self-heal.sh: fork: Resource temporarily unavailable
/Users/sudi/.openclaw/scripts/browser-self-heal.sh: fork: Resource temporarily unavailable
/Users/sudi/.openclaw/scripts/browser-self-heal.sh: fork: Resource temporarily unavailable
/Users/sudi/.openclaw/scripts/browser-self-heal.sh: fork: Resource temporarily unavailable
/Users/sudi/.openclaw/scripts/browser-self-heal.sh: fork: Resource temporarily unavailable
/Users/sudi/.openclaw/scripts/browser-self-heal.sh: fork: Resource temporarily unavailable
/Users/sudi/.openclaw/scripts/browser-self-heal.sh: fork: Resource temporarily unavailable
/Users/sudi/.openclaw/scripts/browser-self-heal.sh: fork: Resource temporarily unavailable
/Users/sudi/.openclaw/scripts/browser-self-heal.sh: fork: Resource temporarily unavailable
/Users/sudi/.openclaw/scripts/browser-self-heal.sh: fork: Resource temporarily unavailable
/Users/sudi/.openclaw/scripts/browser-self-heal.sh: fork: Resource temporarily unavailable
/Users/sudi/.openclaw/scripts/browser-self-heal.sh: fork: Resource temporarily unavailable
/Users/sudi/.openclaw/scripts/browser-self-heal.sh: fork: Resource temporarily unavailable
/Users/sudi/.openclaw/scripts/browser-self-heal.sh: fork: Resource temporarily unavailable
/Users/sudi/.openclaw/scripts/browser-self-heal.sh: fork: Resource temporarily unavailable
/Users/sudi/.openclaw/scripts/browser-self-heal.sh: fork: Resource temporarily unavailable
/Users/sudi/.openclaw/scripts/browser-self-heal.sh: fork: Resource temporarily unavailable
/Users/sudi/.openclaw/scripts/browser-self-heal.sh: fork: Resource temporarily unavailable
/Users/sudi/.openclaw/scripts/browser-self-heal.sh: fork: Resource temporarily unavailable
/Users/sudi/.openclaw/scripts/browser-self-heal.sh: fork: Resource temporarily unavailable
/Users/sudi/.openclaw/scripts/browser-self-heal.sh: fork: Resource temporarily unavailable
/Users/sudi/.openclaw/scripts/browser-self-heal.sh: fork: Resource temporarily unavailable
/Users/sudi/.openclaw/scripts/browser-self-heal.sh: fork: Resource temporarily unavailable
/Users/sudi/.openclaw/scripts/browser-self-heal.sh: fork: Resource temporarily unavailable
