[2026-03-11 00:18:14] ok: CDP healthy on :18800
[2026-03-11 00:19:14] heal start: browser CDP is not responsive
[2026-03-11 00:19:16] removed stale profile lock: /Users/sudi/.openclaw/browser/openclaw/user-data/SingletonLock
[2026-03-11 00:19:16] removed stale profile lock: /Users/sudi/.openclaw/browser/openclaw/user-data/SingletonCookie
[2026-03-11 00:19:16] removed stale profile lock: /Users/sudi/.openclaw/browser/openclaw/user-data/SingletonSocket
[2026-03-11 00:19:16] removed stale profile lock: /Users/sudi/.openclaw/browser/openclaw/user-data/RunningChromeVersion
[2026-03-11 00:19:37] heal step1 failed: browser start did not recover CDP; restarting gateway
[2026-03-11 00:19:57] heal failed: manual intervention required
[2026-03-11 00:20:58] heal start: browser CDP is not responsive
[2026-03-11 00:21:10] heal ok: CDP recovered on :18800
[2026-03-11 00:22:07] ok: CDP healthy on :18800
[2026-03-11 00:23:07] heal start: browser CDP is not responsive
[2026-03-11 00:23:17] removed stale profile lock: /Users/sudi/.openclaw/browser/openclaw/user-data/SingletonLock
[2026-03-11 00:23:17] removed stale profile lock: /Users/sudi/.openclaw/browser/openclaw/user-data/SingletonCookie
[2026-03-11 00:23:17] removed stale profile lock: /Users/sudi/.openclaw/browser/openclaw/user-data/SingletonSocket
[2026-03-11 00:23:17] removed stale profile lock: /Users/sudi/.openclaw/browser/openclaw/user-data/RunningChromeVersion
[2026-03-11 00:23:33] heal ok: CDP recovered on :18800
[2026-03-11 00:24:33] ok: CDP healthy on :18800
[2026-03-11 00:25:33] ok: CDP healthy on :18800
[2026-03-11 00:26:33] ok: CDP healthy on :18800
[2026-03-11 00:27:33] ok: CDP healthy on :18800
[2026-03-11 00:28:33] ok: CDP healthy on :18800
[2026-03-11 00:29:33] ok: CDP healthy on :18800
[2026-03-11 00:30:34] ok: CDP healthy on :18800
[2026-03-11 00:31:34] ok: CDP healthy on :18800
[2026-03-11 00:32:34] ok: CDP healthy on :18800
[2026-03-11 00:33:34] heal start: browser CDP is not responsive
[2026-03-11 00:33:51] removed stale profile lock: /Users/sudi/.openclaw/browser/openclaw/user-data/SingletonLock
[2026-03-11 00:33:51] removed stale profile lock: /Users/sudi/.openclaw/browser/openclaw/user-data/SingletonCookie
[2026-03-11 00:33:51] removed stale profile lock: /Users/sudi/.openclaw/browser/openclaw/user-data/SingletonSocket
[2026-03-11 00:33:51] removed stale profile lock: /Users/sudi/.openclaw/browser/openclaw/user-data/RunningChromeVersion
[2026-03-11 00:34:25] heal ok: CDP recovered on :18800
[2026-03-11 00:35:26] ok: CDP healthy on :18800
[2026-03-11 00:36:26] ok: CDP healthy on :18800
[2026-03-11 00:37:26] heal start: browser CDP is not responsive
[2026-03-11 00:38:26] heal ok: CDP recovered on :18800
[2026-03-11 00:39:26] ok: CDP healthy on :18800
[2026-03-11 00:40:26] ok: CDP healthy on :18800
[2026-03-11 00:41:26] ok: CDP healthy on :18800
[2026-03-11 00:42:26] ok: CDP healthy on :18800
[2026-03-11 00:43:26] ok: CDP healthy on :18800
[2026-03-11 00:44:26] heal start: browser CDP is not responsive
[2026-03-11 00:44:52] heal ok: CDP recovered on :18800
[2026-03-11 00:45:52] ok: CDP healthy on :18800
[2026-03-11 00:46:52] heal start: browser CDP is not responsive
[2026-03-11 00:47:21] heal ok: CDP recovered on :18800
[2026-03-11 00:48:21] heal start: browser CDP is not responsive
[2026-03-11 00:49:01] heal ok: CDP recovered on :18800
[2026-03-11 00:50:01] ok: CDP healthy on :18800
[2026-03-11 00:51:01] ok: CDP healthy on :18800
[2026-03-11 00:52:01] ok: CDP healthy on :18800
[2026-03-11 00:53:02] ok: CDP healthy on :18800
[2026-03-11 00:54:02] ok: CDP healthy on :18800
[2026-03-11 00:55:02] ok: CDP healthy on :18800
[2026-03-11 00:56:02] ok: CDP healthy on :18800
[2026-03-11 00:57:02] ok: CDP healthy on :18800
[2026-03-11 00:58:02] ok: CDP healthy on :18800
[2026-03-11 00:59:02] ok: CDP healthy on :18800
[2026-03-11 01:00:02] heal start: browser CDP is not responsive
[2026-03-11 01:00:39] heal ok: CDP recovered on :18800
[2026-03-11 01:01:39] ok: CDP healthy on :18800
[2026-03-11 01:02:40] heal start: browser CDP is not responsive
[2026-03-11 01:03:23] heal ok: CDP recovered on :18800
[2026-03-11 01:04:23] heal start: browser CDP is not responsive
[2026-03-11 01:04:55] heal ok: CDP recovered on :18800
[2026-03-11 01:05:55] ok: CDP healthy on :18800
[2026-03-11 01:06:55] ok: CDP healthy on :18800
[2026-03-11 01:07:55] heal start: browser CDP is not responsive
[2026-03-11 01:08:31] heal ok: CDP recovered on :18800
[2026-03-11 01:09:31] ok: CDP healthy on :18800
[2026-03-11 01:10:31] ok: CDP healthy on :18800
[2026-03-11 01:11:31] ok: CDP healthy on :18800
[2026-03-11 01:12:31] ok: CDP healthy on :18800
[2026-03-11 01:13:31] ok: CDP healthy on :18800
[2026-03-11 01:14:31] ok: CDP healthy on :18800
[2026-03-11 01:15:32] ok: CDP healthy on :18800
[2026-03-11 01:16:32] ok: CDP healthy on :18800
[2026-03-11 01:17:32] ok: CDP healthy on :18800
[2026-03-11 01:18:32] ok: CDP healthy on :18800
[2026-03-11 01:19:32] ok: CDP healthy on :18800
[2026-03-11 01:20:32] ok: CDP healthy on :18800
[2026-03-11 01:21:32] ok: CDP healthy on :18800
[2026-03-11 01:22:32] ok: CDP healthy on :18800
[2026-03-11 01:23:32] ok: CDP healthy on :18800
[2026-03-11 01:24:32] ok: CDP healthy on :18800
[2026-03-11 01:25:32] ok: CDP healthy on :18800
[2026-03-11 01:26:32] ok: CDP healthy on :18800
[2026-03-11 01:27:32] ok: CDP healthy on :18800
[2026-03-11 01:28:32] ok: CDP healthy on :18800
[2026-03-11 01:29:32] ok: CDP healthy on :18800
[2026-03-11 01:30:32] ok: CDP healthy on :18800
[2026-03-11 01:31:32] ok: CDP healthy on :18800
[2026-03-11 01:32:32] ok: CDP healthy on :18800
[2026-03-11 01:33:33] ok: CDP healthy on :18800
[2026-03-11 01:34:33] ok: CDP healthy on :18800
[2026-03-11 01:35:33] ok: CDP healthy on :18800
[2026-03-11 01:36:33] ok: CDP healthy on :18800
[2026-03-11 01:37:33] ok: CDP healthy on :18800
[2026-03-11 01:38:33] ok: CDP healthy on :18800
[2026-03-11 01:39:33] ok: CDP healthy on :18800
[2026-03-11 01:40:33] ok: CDP healthy on :18800
[2026-03-11 01:41:33] ok: CDP healthy on :18800
[2026-03-11 01:42:33] ok: CDP healthy on :18800
[2026-03-11 01:43:33] ok: CDP healthy on :18800
[2026-03-11 01:44:33] ok: CDP healthy on :18800
[2026-03-11 01:45:33] ok: CDP healthy on :18800
[2026-03-11 01:46:33] ok: CDP healthy on :18800
[2026-03-11 01:47:33] ok: CDP healthy on :18800
[2026-03-11 01:48:33] ok: CDP healthy on :18800
[2026-03-11 01:49:33] ok: CDP healthy on :18800
[2026-03-11 01:50:33] ok: CDP healthy on :18800
[2026-03-11 01:51:34] ok: CDP healthy on :18800
[2026-03-11 01:52:34] ok: CDP healthy on :18800
[2026-03-11 01:53:34] ok: CDP healthy on :18800
[2026-03-11 01:54:34] ok: CDP healthy on :18800
[2026-03-11 01:55:34] ok: CDP healthy on :18800
[2026-03-11 01:56:34] ok: CDP healthy on :18800
[2026-03-11 01:57:34] ok: CDP healthy on :18800
[2026-03-11 01:58:34] ok: CDP healthy on :18800
[2026-03-11 01:59:34] ok: CDP healthy on :18800
[2026-03-11 02:00:34] ok: CDP healthy on :18800
[2026-03-11 02:01:34] ok: CDP healthy on :18800
[2026-03-11 02:02:34] ok: CDP healthy on :18800
[2026-03-11 02:03:34] ok: CDP healthy on :18800
[2026-03-11 02:04:34] ok: CDP healthy on :18800
[2026-03-11 02:05:34] ok: CDP healthy on :18800
[2026-03-11 02:06:34] ok: CDP healthy on :18800
[2026-03-11 02:07:35] ok: CDP healthy on :18800
[2026-03-11 02:08:35] ok: CDP healthy on :18800
[2026-03-11 02:09:35] ok: CDP healthy on :18800
[2026-03-11 02:10:35] ok: CDP healthy on :18800
[2026-03-11 02:11:35] ok: CDP healthy on :18800
[2026-03-11 02:12:35] ok: CDP healthy on :18800
[2026-03-11 02:13:35] ok: CDP healthy on :18800
[2026-03-11 02:14:35] ok: CDP healthy on :18800
[2026-03-11 02:15:35] ok: CDP healthy on :18800
[2026-03-11 02:16:35] ok: CDP healthy on :18800
[2026-03-11 02:17:35] ok: CDP healthy on :18800
[2026-03-11 02:18:35] ok: CDP healthy on :18800
[2026-03-11 02:19:35] ok: CDP healthy on :18800
[2026-03-11 02:20:35] ok: CDP healthy on :18800
[2026-03-11 02:21:35] ok: CDP healthy on :18800
[2026-03-11 02:22:35] ok: CDP healthy on :18800
[2026-03-11 02:23:35] ok: CDP healthy on :18800
[2026-03-11 02:24:35] ok: CDP healthy on :18800
[2026-03-11 02:25:36] ok: CDP healthy on :18800
[2026-03-11 02:26:36] ok: CDP healthy on :18800
[2026-03-11 02:27:36] ok: CDP healthy on :18800
[2026-03-11 02:28:36] ok: CDP healthy on :18800
[2026-03-11 02:29:36] ok: CDP healthy on :18800
[2026-03-11 02:30:36] ok: CDP healthy on :18800
[2026-03-11 02:31:36] ok: CDP healthy on :18800
[2026-03-11 02:32:36] ok: CDP healthy on :18800
[2026-03-11 02:33:36] ok: CDP healthy on :18800
[2026-03-11 02:34:36] ok: CDP healthy on :18800
[2026-03-11 02:35:36] ok: CDP healthy on :18800
[2026-03-11 02:36:36] ok: CDP healthy on :18800
[2026-03-11 02:37:36] ok: CDP healthy on :18800
[2026-03-11 02:38:36] ok: CDP healthy on :18800
[2026-03-11 02:39:36] ok: CDP healthy on :18800
[2026-03-11 02:40:36] ok: CDP healthy on :18800
[2026-03-11 02:41:36] ok: CDP healthy on :18800
[2026-03-11 02:42:36] ok: CDP healthy on :18800
[2026-03-11 02:43:37] ok: CDP healthy on :18800
[2026-03-11 02:44:37] ok: CDP healthy on :18800
[2026-03-11 02:45:37] ok: CDP healthy on :18800
[2026-03-11 02:46:37] ok: CDP healthy on :18800
[2026-03-11 02:47:37] ok: CDP healthy on :18800
[2026-03-11 02:48:37] ok: CDP healthy on :18800
[2026-03-11 02:49:37] ok: CDP healthy on :18800
[2026-03-11 02:50:37] ok: CDP healthy on :18800
[2026-03-11 02:51:37] ok: CDP healthy on :18800
[2026-03-11 02:52:37] ok: CDP healthy on :18800
[2026-03-11 02:53:37] ok: CDP healthy on :18800
[2026-03-11 02:54:37] ok: CDP healthy on :18800
[2026-03-11 02:55:37] ok: CDP healthy on :18800
[2026-03-11 02:56:37] ok: CDP healthy on :18800
[2026-03-11 02:57:37] ok: CDP healthy on :18800
[2026-03-11 02:58:37] ok: CDP healthy on :18800
[2026-03-11 02:59:38] ok: CDP healthy on :18800
[2026-03-11 03:00:38] ok: CDP healthy on :18800
[2026-03-11 03:01:38] ok: CDP healthy on :18800
[2026-03-11 03:02:38] ok: CDP healthy on :18800
[2026-03-11 03:03:38] ok: CDP healthy on :18800
[2026-03-11 03:04:38] ok: CDP healthy on :18800
[2026-03-11 03:05:38] ok: CDP healthy on :18800
[2026-03-11 03:06:38] ok: CDP healthy on :18800
[2026-03-11 03:07:38] ok: CDP healthy on :18800
[2026-03-11 03:08:38] ok: CDP healthy on :18800
[2026-03-11 03:09:38] ok: CDP healthy on :18800
[2026-03-11 03:10:38] ok: CDP healthy on :18800
[2026-03-11 03:11:38] ok: CDP healthy on :18800
[2026-03-11 03:12:38] ok: CDP healthy on :18800
[2026-03-11 03:13:38] ok: CDP healthy on :18800
[2026-03-11 03:14:38] ok: CDP healthy on :18800
[2026-03-11 03:15:38] ok: CDP healthy on :18800
[2026-03-11 03:16:38] ok: CDP healthy on :18800
[2026-03-11 03:17:39] ok: CDP healthy on :18800
[2026-03-11 03:18:39] ok: CDP healthy on :18800
[2026-03-11 03:19:39] ok: CDP healthy on :18800
[2026-03-11 03:20:39] ok: CDP healthy on :18800
[2026-03-11 03:21:39] ok: CDP healthy on :18800
[2026-03-11 03:22:39] ok: CDP healthy on :18800
[2026-03-11 03:23:39] ok: CDP healthy on :18800
[2026-03-11 03:24:39] ok: CDP healthy on :18800
[2026-03-11 03:25:39] ok: CDP healthy on :18800
[2026-03-11 03:26:39] ok: CDP healthy on :18800
[2026-03-11 03:27:39] ok: CDP healthy on :18800
[2026-03-11 03:28:39] ok: CDP healthy on :18800
[2026-03-11 03:29:39] ok: CDP healthy on :18800
[2026-03-11 03:30:39] ok: CDP healthy on :18800
[2026-03-11 03:31:39] ok: CDP healthy on :18800
[2026-03-11 03:32:39] ok: CDP healthy on :18800
[2026-03-11 03:33:39] ok: CDP healthy on :18800
[2026-03-11 03:34:39] ok: CDP healthy on :18800
[2026-03-11 03:35:40] ok: CDP healthy on :18800
[2026-03-11 03:36:40] ok: CDP healthy on :18800
[2026-03-11 03:37:40] ok: CDP healthy on :18800
[2026-03-11 03:38:40] ok: CDP healthy on :18800
[2026-03-11 03:39:40] ok: CDP healthy on :18800
[2026-03-11 03:40:40] ok: CDP healthy on :18800
[2026-03-11 03:41:40] ok: CDP healthy on :18800
[2026-03-11 03:42:40] ok: CDP healthy on :18800
[2026-03-11 03:43:40] ok: CDP healthy on :18800
[2026-03-11 03:44:40] ok: CDP healthy on :18800
[2026-03-11 03:45:40] ok: CDP healthy on :18800
[2026-03-11 03:46:40] ok: CDP healthy on :18800
[2026-03-11 03:47:40] ok: CDP healthy on :18800
[2026-03-11 03:48:40] ok: CDP healthy on :18800
[2026-03-11 03:49:40] ok: CDP healthy on :18800
[2026-03-11 03:50:40] ok: CDP healthy on :18800
[2026-03-11 03:51:40] ok: CDP healthy on :18800
[2026-03-11 03:52:40] ok: CDP healthy on :18800
[2026-03-11 03:53:41] ok: CDP healthy on :18800
[2026-03-11 03:54:41] ok: CDP healthy on :18800
[2026-03-11 03:55:41] ok: CDP healthy on :18800
[2026-03-11 03:56:41] ok: CDP healthy on :18800
[2026-03-11 03:57:41] ok: CDP healthy on :18800
[2026-03-11 03:58:41] ok: CDP healthy on :18800
[2026-03-11 03:59:41] ok: CDP healthy on :18800
[2026-03-11 04:00:41] ok: CDP healthy on :18800
[2026-03-11 04:01:41] ok: CDP healthy on :18800
[2026-03-11 04:02:41] ok: CDP healthy on :18800
[2026-03-11 04:03:41] ok: CDP healthy on :18800
[2026-03-11 04:04:41] ok: CDP healthy on :18800
[2026-03-11 04:05:41] ok: CDP healthy on :18800
[2026-03-11 04:06:41] ok: CDP healthy on :18800
[2026-03-11 04:07:41] ok: CDP healthy on :18800
[2026-03-11 04:08:41] ok: CDP healthy on :18800
[2026-03-11 04:09:41] ok: CDP healthy on :18800
[2026-03-11 04:10:41] ok: CDP healthy on :18800
[2026-03-11 04:11:42] ok: CDP healthy on :18800
[2026-03-11 04:12:42] ok: CDP healthy on :18800
[2026-03-11 04:13:42] ok: CDP healthy on :18800
[2026-03-11 04:14:42] ok: CDP healthy on :18800
[2026-03-11 04:15:42] ok: CDP healthy on :18800
[2026-03-11 04:16:42] ok: CDP healthy on :18800
[2026-03-11 04:17:42] ok: CDP healthy on :18800
[2026-03-11 04:18:42] ok: CDP healthy on :18800
[2026-03-11 04:19:42] ok: CDP healthy on :18800
[2026-03-11 04:20:42] ok: CDP healthy on :18800
[2026-03-11 04:21:42] ok: CDP healthy on :18800
[2026-03-11 04:22:42] ok: CDP healthy on :18800
[2026-03-11 04:23:42] ok: CDP healthy on :18800
[2026-03-11 04:24:42] ok: CDP healthy on :18800
[2026-03-11 04:25:42] ok: CDP healthy on :18800
[2026-03-11 04:26:42] ok: CDP healthy on :18800
[2026-03-11 04:27:42] ok: CDP healthy on :18800
[2026-03-11 04:28:42] ok: CDP healthy on :18800
[2026-03-11 04:29:43] ok: CDP healthy on :18800
[2026-03-11 04:30:43] ok: CDP healthy on :18800
[2026-03-11 04:31:43] ok: CDP healthy on :18800
[2026-03-11 04:32:43] ok: CDP healthy on :18800
[2026-03-11 04:33:43] ok: CDP healthy on :18800
[2026-03-11 04:34:43] ok: CDP healthy on :18800
[2026-03-11 04:35:43] ok: CDP healthy on :18800
[2026-03-11 04:36:43] ok: CDP healthy on :18800
[2026-03-11 04:37:43] ok: CDP healthy on :18800
[2026-03-11 04:38:43] ok: CDP healthy on :18800
[2026-03-11 04:39:43] ok: CDP healthy on :18800
[2026-03-11 04:40:43] ok: CDP healthy on :18800
[2026-03-11 04:41:43] ok: CDP healthy on :18800
[2026-03-11 04:42:43] ok: CDP healthy on :18800
[2026-03-11 04:43:43] ok: CDP healthy on :18800
[2026-03-11 04:44:43] ok: CDP healthy on :18800
[2026-03-11 04:45:43] ok: CDP healthy on :18800
[2026-03-11 04:46:43] ok: CDP healthy on :18800
[2026-03-11 04:47:43] ok: CDP healthy on :18800
[2026-03-11 04:48:44] ok: CDP healthy on :18800
[2026-03-11 04:49:44] ok: CDP healthy on :18800
[2026-03-11 04:50:44] ok: CDP healthy on :18800
[2026-03-11 04:51:44] ok: CDP healthy on :18800
[2026-03-11 04:52:44] ok: CDP healthy on :18800
[2026-03-11 04:53:44] ok: CDP healthy on :18800
[2026-03-11 04:54:44] ok: CDP healthy on :18800
[2026-03-11 04:55:44] ok: CDP healthy on :18800
[2026-03-11 04:56:44] ok: CDP healthy on :18800
[2026-03-11 04:57:44] ok: CDP healthy on :18800
[2026-03-11 04:58:44] ok: CDP healthy on :18800
[2026-03-11 04:59:44] ok: CDP healthy on :18800
[2026-03-11 05:00:44] ok: CDP healthy on :18800
[2026-03-11 05:01:44] ok: CDP healthy on :18800
[2026-03-11 05:02:44] ok: CDP healthy on :18800
[2026-03-11 05:03:44] ok: CDP healthy on :18800
[2026-03-11 05:04:44] ok: CDP healthy on :18800
[2026-03-11 05:05:45] ok: CDP healthy on :18800
[2026-03-11 05:06:45] ok: CDP healthy on :18800
[2026-03-11 05:07:45] ok: CDP healthy on :18800
[2026-03-11 05:08:45] ok: CDP healthy on :18800
[2026-03-11 05:09:45] ok: CDP healthy on :18800
[2026-03-11 05:10:45] ok: CDP healthy on :18800
[2026-03-11 05:11:45] ok: CDP healthy on :18800
[2026-03-11 05:12:45] ok: CDP healthy on :18800
[2026-03-11 05:13:45] ok: CDP healthy on :18800
[2026-03-11 05:14:45] ok: CDP healthy on :18800
[2026-03-11 05:15:45] ok: CDP healthy on :18800
[2026-03-11 05:16:45] ok: CDP healthy on :18800
[2026-03-11 05:17:45] ok: CDP healthy on :18800
[2026-03-11 05:18:45] ok: CDP healthy on :18800
[2026-03-11 05:19:45] ok: CDP healthy on :18800
[2026-03-11 05:20:45] ok: CDP healthy on :18800
[2026-03-11 05:21:45] ok: CDP healthy on :18800
[2026-03-11 05:22:45] ok: CDP healthy on :18800
[2026-03-11 05:23:46] ok: CDP healthy on :18800
[2026-03-11 05:24:46] ok: CDP healthy on :18800
[2026-03-11 05:25:46] ok: CDP healthy on :18800
[2026-03-11 05:26:46] ok: CDP healthy on :18800
[2026-03-11 05:27:46] ok: CDP healthy on :18800
[2026-03-11 05:28:46] ok: CDP healthy on :18800
[2026-03-11 05:29:46] ok: CDP healthy on :18800
[2026-03-11 05:30:46] ok: CDP healthy on :18800
[2026-03-11 05:31:46] ok: CDP healthy on :18800
[2026-03-11 05:32:46] ok: CDP healthy on :18800
[2026-03-11 05:33:46] ok: CDP healthy on :18800
[2026-03-11 05:34:46] ok: CDP healthy on :18800
[2026-03-11 05:35:46] ok: CDP healthy on :18800
[2026-03-11 05:36:46] ok: CDP healthy on :18800
[2026-03-11 05:37:46] ok: CDP healthy on :18800
[2026-03-11 05:38:46] ok: CDP healthy on :18800
[2026-03-11 05:39:46] ok: CDP healthy on :18800
[2026-03-11 05:40:47] ok: CDP healthy on :18800
[2026-03-11 05:41:47] ok: CDP healthy on :18800
[2026-03-11 05:42:47] ok: CDP healthy on :18800
[2026-03-11 05:43:47] ok: CDP healthy on :18800
[2026-03-11 05:44:47] ok: CDP healthy on :18800
[2026-03-11 05:45:47] ok: CDP healthy on :18800
[2026-03-11 05:46:47] ok: CDP healthy on :18800
[2026-03-11 05:47:47] ok: CDP healthy on :18800
[2026-03-11 05:48:47] ok: CDP healthy on :18800
[2026-03-11 05:49:47] ok: CDP healthy on :18800
[2026-03-11 05:50:47] ok: CDP healthy on :18800
[2026-03-11 05:51:47] ok: CDP healthy on :18800
[2026-03-11 05:52:47] ok: CDP healthy on :18800
[2026-03-11 05:53:47] ok: CDP healthy on :18800
[2026-03-11 05:54:47] ok: CDP healthy on :18800
[2026-03-11 05:55:47] ok: CDP healthy on :18800
[2026-03-11 05:56:47] ok: CDP healthy on :18800
[2026-03-11 05:57:47] ok: CDP healthy on :18800
[2026-03-11 05:58:48] ok: CDP healthy on :18800
[2026-03-11 05:59:48] ok: CDP healthy on :18800
[2026-03-11 06:00:48] ok: CDP healthy on :18800
[2026-03-11 06:01:48] ok: CDP healthy on :18800
[2026-03-11 06:02:48] ok: CDP healthy on :18800
[2026-03-11 06:03:48] ok: CDP healthy on :18800
[2026-03-11 06:04:48] ok: CDP healthy on :18800
[2026-03-11 06:05:48] ok: CDP healthy on :18800
[2026-03-11 06:06:48] ok: CDP healthy on :18800
[2026-03-11 06:07:48] ok: CDP healthy on :18800
[2026-03-11 06:08:48] ok: CDP healthy on :18800
[2026-03-11 06:09:48] ok: CDP healthy on :18800
[2026-03-11 06:10:48] ok: CDP healthy on :18800
[2026-03-11 06:11:48] ok: CDP healthy on :18800
[2026-03-11 06:12:48] ok: CDP healthy on :18800
[2026-03-11 06:13:48] ok: CDP healthy on :18800
[2026-03-11 06:14:48] ok: CDP healthy on :18800
[2026-03-11 06:15:49] ok: CDP healthy on :18800
[2026-03-11 06:16:49] ok: CDP healthy on :18800
[2026-03-11 06:17:49] ok: CDP healthy on :18800
[2026-03-11 06:18:49] ok: CDP healthy on :18800
[2026-03-11 06:19:49] ok: CDP healthy on :18800
[2026-03-11 06:20:49] ok: CDP healthy on :18800
[2026-03-11 06:21:49] ok: CDP healthy on :18800
[2026-03-11 06:22:49] ok: CDP healthy on :18800
[2026-03-11 06:23:49] ok: CDP healthy on :18800
[2026-03-11 06:24:49] ok: CDP healthy on :18800
[2026-03-11 06:25:49] ok: CDP healthy on :18800
[2026-03-11 06:26:49] ok: CDP healthy on :18800
[2026-03-11 06:27:49] ok: CDP healthy on :18800
[2026-03-11 06:28:49] ok: CDP healthy on :18800
[2026-03-11 06:29:49] ok: CDP healthy on :18800
[2026-03-11 06:30:49] ok: CDP healthy on :18800
[2026-03-11 06:31:49] ok: CDP healthy on :18800
[2026-03-11 06:32:50] ok: CDP healthy on :18800
[2026-03-11 06:33:50] ok: CDP healthy on :18800
[2026-03-11 06:34:50] ok: CDP healthy on :18800
[2026-03-11 06:35:50] ok: CDP healthy on :18800
[2026-03-11 06:36:50] ok: CDP healthy on :18800
[2026-03-11 06:37:50] ok: CDP healthy on :18800
[2026-03-11 06:38:50] ok: CDP healthy on :18800
[2026-03-11 06:39:50] ok: CDP healthy on :18800
[2026-03-11 06:40:50] ok: CDP healthy on :18800
[2026-03-11 06:41:50] ok: CDP healthy on :18800
[2026-03-11 06:42:50] ok: CDP healthy on :18800
[2026-03-11 06:43:50] ok: CDP healthy on :18800
[2026-03-11 06:44:50] ok: CDP healthy on :18800
[2026-03-11 06:45:50] ok: CDP healthy on :18800
[2026-03-11 06:46:50] ok: CDP healthy on :18800
[2026-03-11 06:47:50] ok: CDP healthy on :18800
[2026-03-11 06:48:50] ok: CDP healthy on :18800
[2026-03-11 06:49:50] ok: CDP healthy on :18800
[2026-03-11 06:50:50] ok: CDP healthy on :18800
[2026-03-11 06:51:51] ok: CDP healthy on :18800
[2026-03-11 06:52:51] ok: CDP healthy on :18800
[2026-03-11 06:53:51] ok: CDP healthy on :18800
[2026-03-11 06:54:51] ok: CDP healthy on :18800
[2026-03-11 06:55:51] ok: CDP healthy on :18800
[2026-03-11 06:56:51] ok: CDP healthy on :18800
[2026-03-11 06:57:51] ok: CDP healthy on :18800
[2026-03-11 06:58:51] ok: CDP healthy on :18800
[2026-03-11 06:59:51] ok: CDP healthy on :18800
[2026-03-11 07:00:51] ok: CDP healthy on :18800
[2026-03-11 07:01:51] ok: CDP healthy on :18800
[2026-03-11 07:02:51] ok: CDP healthy on :18800
[2026-03-11 07:03:51] ok: CDP healthy on :18800
[2026-03-11 07:04:51] ok: CDP healthy on :18800
[2026-03-11 07:05:51] ok: CDP healthy on :18800
[2026-03-11 07:06:52] ok: CDP healthy on :18800
[2026-03-11 07:07:52] ok: CDP healthy on :18800
[2026-03-11 07:08:52] ok: CDP healthy on :18800
[2026-03-11 07:09:52] ok: CDP healthy on :18800
[2026-03-11 07:10:52] ok: CDP healthy on :18800
[2026-03-11 07:11:52] ok: CDP healthy on :18800
[2026-03-11 07:12:52] ok: CDP healthy on :18800
[2026-03-11 07:13:52] ok: CDP healthy on :18800
[2026-03-11 07:14:52] ok: CDP healthy on :18800
[2026-03-11 07:15:52] ok: CDP healthy on :18800
[2026-03-11 07:16:52] ok: CDP healthy on :18800
[2026-03-11 07:17:52] ok: CDP healthy on :18800
[2026-03-11 07:18:52] ok: CDP healthy on :18800
[2026-03-11 07:19:52] ok: CDP healthy on :18800
[2026-03-11 07:20:52] ok: CDP healthy on :18800
[2026-03-11 07:21:52] ok: CDP healthy on :18800
[2026-03-11 07:22:52] ok: CDP healthy on :18800
[2026-03-11 07:23:52] ok: CDP healthy on :18800
[2026-03-11 07:24:53] ok: CDP healthy on :18800
[2026-03-11 07:25:53] ok: CDP healthy on :18800
[2026-03-11 07:26:53] ok: CDP healthy on :18800
[2026-03-11 07:27:53] ok: CDP healthy on :18800
[2026-03-11 07:28:53] ok: CDP healthy on :18800
[2026-03-11 07:29:53] ok: CDP healthy on :18800
[2026-03-11 07:30:53] ok: CDP healthy on :18800
[2026-03-11 07:31:53] ok: CDP healthy on :18800
[2026-03-11 07:32:53] ok: CDP healthy on :18800
[2026-03-11 07:33:53] ok: CDP healthy on :18800
[2026-03-11 07:34:53] ok: CDP healthy on :18800
[2026-03-11 07:35:53] ok: CDP healthy on :18800
[2026-03-11 07:36:53] ok: CDP healthy on :18800
[2026-03-11 07:37:53] ok: CDP healthy on :18800
[2026-03-11 07:38:53] ok: CDP healthy on :18800
[2026-03-11 07:39:53] ok: CDP healthy on :18800
[2026-03-11 07:40:53] ok: CDP healthy on :18800
[2026-03-11 07:41:53] ok: CDP healthy on :18800
[2026-03-11 07:42:54] ok: CDP healthy on :18800
[2026-03-11 07:43:54] ok: CDP healthy on :18800
[2026-03-11 07:44:54] ok: CDP healthy on :18800
[2026-03-11 07:45:54] ok: CDP healthy on :18800
[2026-03-11 07:46:54] ok: CDP healthy on :18800
[2026-03-11 07:47:54] ok: CDP healthy on :18800
[2026-03-11 07:48:54] ok: CDP healthy on :18800
[2026-03-11 07:49:54] ok: CDP healthy on :18800
[2026-03-11 07:50:54] ok: CDP healthy on :18800
[2026-03-11 07:51:54] ok: CDP healthy on :18800
[2026-03-11 07:52:54] ok: CDP healthy on :18800
[2026-03-11 07:53:54] ok: CDP healthy on :18800
[2026-03-11 07:54:54] ok: CDP healthy on :18800
[2026-03-11 07:55:54] ok: CDP healthy on :18800
[2026-03-11 07:56:54] ok: CDP healthy on :18800
[2026-03-11 07:57:54] ok: CDP healthy on :18800
[2026-03-11 07:58:54] ok: CDP healthy on :18800
[2026-03-11 07:59:55] ok: CDP healthy on :18800
[2026-03-11 08:00:55] ok: CDP healthy on :18800
[2026-03-11 08:01:55] ok: CDP healthy on :18800
[2026-03-11 08:02:55] ok: CDP healthy on :18800
[2026-03-11 08:03:55] ok: CDP healthy on :18800
[2026-03-11 08:04:55] ok: CDP healthy on :18800
[2026-03-11 08:05:55] ok: CDP healthy on :18800
[2026-03-11 08:06:55] ok: CDP healthy on :18800
[2026-03-11 08:07:55] ok: CDP healthy on :18800
[2026-03-11 08:08:55] ok: CDP healthy on :18800
[2026-03-11 08:09:55] ok: CDP healthy on :18800
[2026-03-11 08:10:55] ok: CDP healthy on :18800
[2026-03-11 08:11:55] ok: CDP healthy on :18800
[2026-03-11 08:12:55] ok: CDP healthy on :18800
[2026-03-11 08:13:55] ok: CDP healthy on :18800
[2026-03-11 08:14:55] ok: CDP healthy on :18800
[2026-03-11 08:15:55] ok: CDP healthy on :18800
[2026-03-11 08:16:55] ok: CDP healthy on :18800
[2026-03-11 08:17:56] ok: CDP healthy on :18800
[2026-03-11 08:18:56] ok: CDP healthy on :18800
[2026-03-11 08:19:56] ok: CDP healthy on :18800
[2026-03-11 08:20:56] ok: CDP healthy on :18800
[2026-03-11 08:21:56] ok: CDP healthy on :18800
[2026-03-11 08:22:56] ok: CDP healthy on :18800
[2026-03-11 08:23:56] ok: CDP healthy on :18800
[2026-03-11 08:24:56] ok: CDP healthy on :18800
[2026-03-11 08:25:56] ok: CDP healthy on :18800
[2026-03-11 08:26:56] ok: CDP healthy on :18800
[2026-03-11 08:27:56] ok: CDP healthy on :18800
[2026-03-11 08:28:56] ok: CDP healthy on :18800
[2026-03-11 08:29:56] ok: CDP healthy on :18800
[2026-03-11 08:30:56] ok: CDP healthy on :18800
[2026-03-11 08:31:56] ok: CDP healthy on :18800
[2026-03-11 08:32:56] ok: CDP healthy on :18800
[2026-03-11 08:33:56] ok: CDP healthy on :18800
[2026-03-11 08:34:56] ok: CDP healthy on :18800
[2026-03-11 08:35:57] ok: CDP healthy on :18800
[2026-03-11 08:36:57] ok: CDP healthy on :18800
[2026-03-11 08:37:57] ok: CDP healthy on :18800
[2026-03-11 08:38:57] ok: CDP healthy on :18800
[2026-03-11 08:39:57] ok: CDP healthy on :18800
[2026-03-11 08:40:57] ok: CDP healthy on :18800
[2026-03-11 08:41:57] ok: CDP healthy on :18800
[2026-03-11 08:42:57] ok: CDP healthy on :18800
[2026-03-11 08:43:57] ok: CDP healthy on :18800
[2026-03-11 08:44:57] ok: CDP healthy on :18800
[2026-03-11 08:45:57] ok: CDP healthy on :18800
[2026-03-11 08:46:57] ok: CDP healthy on :18800
[2026-03-11 08:47:57] ok: CDP healthy on :18800
[2026-03-11 08:48:57] ok: CDP healthy on :18800
[2026-03-11 08:49:57] ok: CDP healthy on :18800
[2026-03-11 08:50:57] ok: CDP healthy on :18800
[2026-03-11 08:51:57] ok: CDP healthy on :18800
[2026-03-11 08:52:58] ok: CDP healthy on :18800
[2026-03-11 08:53:58] ok: CDP healthy on :18800
[2026-03-11 08:54:58] ok: CDP healthy on :18800
[2026-03-11 08:55:58] ok: CDP healthy on :18800
[2026-03-11 08:56:58] ok: CDP healthy on :18800
[2026-03-11 08:57:58] ok: CDP healthy on :18800
[2026-03-11 08:58:58] ok: CDP healthy on :18800
[2026-03-11 08:59:58] ok: CDP healthy on :18800
[2026-03-11 09:00:58] ok: CDP healthy on :18800
[2026-03-11 09:01:58] ok: CDP healthy on :18800
[2026-03-11 09:02:58] ok: CDP healthy on :18800
[2026-03-11 09:03:58] ok: CDP healthy on :18800
[2026-03-11 09:04:58] ok: CDP healthy on :18800
[2026-03-11 09:05:58] ok: CDP healthy on :18800
[2026-03-11 09:06:58] ok: CDP healthy on :18800
[2026-03-11 09:07:58] ok: CDP healthy on :18800
[2026-03-11 09:08:58] ok: CDP healthy on :18800
[2026-03-11 09:09:59] ok: CDP healthy on :18800
[2026-03-11 09:10:59] ok: CDP healthy on :18800
[2026-03-11 09:11:59] ok: CDP healthy on :18800
[2026-03-11 09:12:59] ok: CDP healthy on :18800
[2026-03-11 09:13:59] ok: CDP healthy on :18800
[2026-03-11 09:14:59] ok: CDP healthy on :18800
[2026-03-11 09:15:59] ok: CDP healthy on :18800
[2026-03-11 09:16:59] ok: CDP healthy on :18800
[2026-03-11 09:17:59] ok: CDP healthy on :18800
[2026-03-11 09:18:59] ok: CDP healthy on :18800
[2026-03-11 09:19:59] ok: CDP healthy on :18800
[2026-03-11 09:20:59] ok: CDP healthy on :18800
[2026-03-11 09:21:59] ok: CDP healthy on :18800
[2026-03-11 09:22:59] ok: CDP healthy on :18800
[2026-03-11 09:23:59] ok: CDP healthy on :18800
[2026-03-11 09:24:59] ok: CDP healthy on :18800
[2026-03-11 09:26:00] ok: CDP healthy on :18800
[2026-03-11 09:27:00] ok: CDP healthy on :18800
[2026-03-11 09:28:00] ok: CDP healthy on :18800
[2026-03-11 09:29:00] ok: CDP healthy on :18800
[2026-03-11 09:30:00] ok: CDP healthy on :18800
[2026-03-11 09:31:00] ok: CDP healthy on :18800
[2026-03-11 09:32:00] ok: CDP healthy on :18800
[2026-03-11 09:33:00] ok: CDP healthy on :18800
[2026-03-11 09:34:00] ok: CDP healthy on :18800
[2026-03-11 09:35:00] ok: CDP healthy on :18800
[2026-03-11 09:36:00] ok: CDP healthy on :18800
[2026-03-11 09:37:00] ok: CDP healthy on :18800
[2026-03-11 09:38:00] ok: CDP healthy on :18800
[2026-03-11 09:39:00] ok: CDP healthy on :18800
[2026-03-11 09:40:00] ok: CDP healthy on :18800
[2026-03-11 09:41:00] ok: CDP healthy on :18800
[2026-03-11 09:42:00] ok: CDP healthy on :18800
[2026-03-11 09:43:01] ok: CDP healthy on :18800
[2026-03-11 09:44:01] ok: CDP healthy on :18800
[2026-03-11 09:45:01] ok: CDP healthy on :18800
[2026-03-11 09:46:01] ok: CDP healthy on :18800
[2026-03-11 09:47:01] ok: CDP healthy on :18800
[2026-03-11 09:48:01] ok: CDP healthy on :18800
[2026-03-11 09:49:01] ok: CDP healthy on :18800
[2026-03-11 09:50:01] ok: CDP healthy on :18800
[2026-03-11 09:51:01] ok: CDP healthy on :18800
[2026-03-11 09:52:01] ok: CDP healthy on :18800
[2026-03-11 09:53:01] ok: CDP healthy on :18800
[2026-03-11 09:54:01] ok: CDP healthy on :18800
[2026-03-11 09:55:01] ok: CDP healthy on :18800
[2026-03-11 09:56:01] ok: CDP healthy on :18800
[2026-03-11 09:57:01] ok: CDP healthy on :18800
[2026-03-11 09:58:01] ok: CDP healthy on :18800
[2026-03-11 09:59:01] ok: CDP healthy on :18800
[2026-03-11 10:00:02] ok: CDP healthy on :18800
[2026-03-11 10:01:02] ok: CDP healthy on :18800
[2026-03-11 10:02:02] ok: CDP healthy on :18800
[2026-03-11 10:03:02] ok: CDP healthy on :18800
[2026-03-11 10:04:02] ok: CDP healthy on :18800
[2026-03-11 10:05:02] ok: CDP healthy on :18800
[2026-03-11 10:06:02] ok: CDP healthy on :18800
[2026-03-11 10:07:02] ok: CDP healthy on :18800
[2026-03-11 10:08:02] ok: CDP healthy on :18800
[2026-03-11 10:09:02] ok: CDP healthy on :18800
[2026-03-11 10:10:02] ok: CDP healthy on :18800
[2026-03-11 10:11:02] ok: CDP healthy on :18800
[2026-03-11 10:12:02] ok: CDP healthy on :18800
[2026-03-11 10:13:02] ok: CDP healthy on :18800
[2026-03-11 10:14:02] ok: CDP healthy on :18800
[2026-03-11 10:15:02] ok: CDP healthy on :18800
[2026-03-11 10:16:02] ok: CDP healthy on :18800
[2026-03-11 10:17:03] ok: CDP healthy on :18800
[2026-03-11 10:18:03] ok: CDP healthy on :18800
[2026-03-11 10:19:03] ok: CDP healthy on :18800
[2026-03-11 10:20:03] ok: CDP healthy on :18800
[2026-03-11 10:21:03] ok: CDP healthy on :18800
[2026-03-11 10:22:03] ok: CDP healthy on :18800
[2026-03-11 10:23:03] ok: CDP healthy on :18800
[2026-03-11 10:24:03] ok: CDP healthy on :18800
[2026-03-11 10:25:03] ok: CDP healthy on :18800
[2026-03-11 10:26:03] ok: CDP healthy on :18800
[2026-03-11 10:27:03] ok: CDP healthy on :18800
[2026-03-11 10:28:03] ok: CDP healthy on :18800
[2026-03-11 10:29:03] ok: CDP healthy on :18800
[2026-03-11 10:30:03] heal start: browser CDP is not responsive
[2026-03-11 10:32:07] heal step1 failed: browser start did not recover CDP; restarting gateway
[2026-03-11 10:32:41] heal ok: recovered after gateway restart
[2026-03-11 10:33:41] ok: CDP healthy on :18800
[2026-03-11 10:34:41] ok: CDP healthy on :18800
[2026-03-11 10:35:42] ok: CDP healthy on :18800
[2026-03-11 10:36:42] ok: CDP healthy on :18800
[2026-03-11 10:37:42] ok: CDP healthy on :18800
[2026-03-11 10:38:42] ok: CDP healthy on :18800
[2026-03-11 10:39:42] ok: CDP healthy on :18800
[2026-03-11 10:40:42] ok: CDP healthy on :18800
[2026-03-11 10:41:42] ok: CDP healthy on :18800
[2026-03-11 10:42:42] ok: CDP healthy on :18800
[2026-03-11 10:43:42] ok: CDP healthy on :18800
[2026-03-11 10:44:42] ok: CDP healthy on :18800
[2026-03-11 10:45:42] ok: CDP healthy on :18800
[2026-03-11 10:46:42] ok: CDP healthy on :18800
[2026-03-11 10:47:42] ok: CDP healthy on :18800
[2026-03-11 10:48:42] ok: CDP healthy on :18800
[2026-03-11 10:49:43] ok: CDP healthy on :18800
[2026-03-11 10:50:43] ok: CDP healthy on :18800
[2026-03-11 10:51:43] ok: CDP healthy on :18800
[2026-03-11 10:52:43] ok: CDP healthy on :18800
[2026-03-11 10:53:43] ok: CDP healthy on :18800
[2026-03-11 10:54:43] heal start: browser CDP is not responsive
[2026-03-11 10:55:30] heal ok: CDP recovered on :18800
[2026-03-11 10:56:30] ok: CDP healthy on :18800
[2026-03-11 10:57:30] ok: CDP healthy on :18800
[2026-03-11 10:58:30] ok: CDP healthy on :18800
[2026-03-11 10:59:30] ok: CDP healthy on :18800
[2026-03-11 11:00:30] ok: CDP healthy on :18800
[2026-03-11 11:01:30] ok: CDP healthy on :18800
[2026-03-11 11:02:30] ok: CDP healthy on :18800
[2026-03-11 11:03:31] ok: CDP healthy on :18800
[2026-03-11 11:04:31] ok: CDP healthy on :18800
[2026-03-11 11:05:31] ok: CDP healthy on :18800
[2026-03-11 11:06:31] ok: CDP healthy on :18800
[2026-03-11 11:07:31] ok: CDP healthy on :18800
[2026-03-11 11:08:31] ok: CDP healthy on :18800
[2026-03-11 11:09:31] ok: CDP healthy on :18800
[2026-03-11 11:10:31] ok: CDP healthy on :18800
[2026-03-11 11:11:31] ok: CDP healthy on :18800
[2026-03-11 11:12:31] ok: CDP healthy on :18800
[2026-03-11 11:13:31] ok: CDP healthy on :18800
[2026-03-11 11:14:31] ok: CDP healthy on :18800
[2026-03-11 11:15:31] ok: CDP healthy on :18800
[2026-03-11 11:16:31] ok: CDP healthy on :18800
[2026-03-11 11:17:31] ok: CDP healthy on :18800
[2026-03-11 11:18:31] ok: CDP healthy on :18800
[2026-03-11 11:19:32] ok: CDP healthy on :18800
[2026-03-11 11:20:32] ok: CDP healthy on :18800
[2026-03-11 11:21:32] ok: CDP healthy on :18800
[2026-03-11 11:22:32] ok: CDP healthy on :18800
[2026-03-11 11:23:32] ok: CDP healthy on :18800
[2026-03-11 11:24:32] ok: CDP healthy on :18800
[2026-03-11 11:25:32] ok: CDP healthy on :18800
[2026-03-11 11:26:32] ok: CDP healthy on :18800
[2026-03-11 11:27:32] ok: CDP healthy on :18800
[2026-03-11 11:28:32] ok: CDP healthy on :18800
[2026-03-11 11:29:32] ok: CDP healthy on :18800
[2026-03-11 11:30:32] ok: CDP healthy on :18800
[2026-03-11 11:31:32] ok: CDP healthy on :18800
[2026-03-11 11:32:32] ok: CDP healthy on :18800
[2026-03-11 11:33:33] ok: CDP healthy on :18800
[2026-03-11 11:34:33] ok: CDP healthy on :18800
[2026-03-11 11:35:33] ok: CDP healthy on :18800
[2026-03-11 11:36:33] ok: CDP healthy on :18800
[2026-03-11 11:37:33] ok: CDP healthy on :18800
[2026-03-11 11:38:33] ok: CDP healthy on :18800
[2026-03-11 11:39:33] ok: CDP healthy on :18800
[2026-03-11 11:40:33] ok: CDP healthy on :18800
[2026-03-11 11:41:33] ok: CDP healthy on :18800
[2026-03-11 11:42:33] ok: CDP healthy on :18800
[2026-03-11 11:43:33] ok: CDP healthy on :18800
[2026-03-11 11:44:33] ok: CDP healthy on :18800
[2026-03-11 11:45:33] ok: CDP healthy on :18800
[2026-03-11 11:46:33] ok: CDP healthy on :18800
[2026-03-11 11:47:33] ok: CDP healthy on :18800
[2026-03-11 11:48:33] ok: CDP healthy on :18800
[2026-03-11 11:49:33] ok: CDP healthy on :18800
[2026-03-11 11:50:33] ok: CDP healthy on :18800
[2026-03-11 11:51:34] ok: CDP healthy on :18800
[2026-03-11 11:52:34] ok: CDP healthy on :18800
[2026-03-11 11:53:34] ok: CDP healthy on :18800
[2026-03-11 11:54:34] ok: CDP healthy on :18800
[2026-03-11 11:55:34] ok: CDP healthy on :18800
[2026-03-11 11:56:34] ok: CDP healthy on :18800
[2026-03-11 11:57:34] ok: CDP healthy on :18800
[2026-03-11 11:58:34] ok: CDP healthy on :18800
[2026-03-11 11:59:34] ok: CDP healthy on :18800
[2026-03-11 12:00:34] ok: CDP healthy on :18800
[2026-03-11 12:01:34] ok: CDP healthy on :18800
[2026-03-11 12:02:34] ok: CDP healthy on :18800
[2026-03-11 12:03:34] ok: CDP healthy on :18800
[2026-03-11 12:04:34] ok: CDP healthy on :18800
[2026-03-11 12:05:34] ok: CDP healthy on :18800
[2026-03-11 12:06:35] ok: CDP healthy on :18800
[2026-03-11 12:07:35] ok: CDP healthy on :18800
[2026-03-11 12:08:35] ok: CDP healthy on :18800
[2026-03-11 12:09:35] ok: CDP healthy on :18800
[2026-03-11 12:10:35] ok: CDP healthy on :18800
[2026-03-11 12:11:35] ok: CDP healthy on :18800
[2026-03-11 12:12:35] ok: CDP healthy on :18800
[2026-03-11 12:13:35] ok: CDP healthy on :18800
[2026-03-11 12:14:35] ok: CDP healthy on :18800
[2026-03-11 12:15:35] ok: CDP healthy on :18800
[2026-03-11 12:16:35] ok: CDP healthy on :18800
[2026-03-11 12:17:35] ok: CDP healthy on :18800
[2026-03-11 12:18:35] ok: CDP healthy on :18800
[2026-03-11 12:19:35] ok: CDP healthy on :18800
[2026-03-11 12:20:35] ok: CDP healthy on :18800
[2026-03-11 12:21:35] ok: CDP healthy on :18800
[2026-03-11 12:22:35] ok: CDP healthy on :18800
[2026-03-11 12:23:36] ok: CDP healthy on :18800
[2026-03-11 12:24:36] ok: CDP healthy on :18800
[2026-03-11 12:25:36] ok: CDP healthy on :18800
[2026-03-11 12:26:36] ok: CDP healthy on :18800
[2026-03-11 12:27:36] ok: CDP healthy on :18800
[2026-03-11 12:28:36] ok: CDP healthy on :18800
[2026-03-11 12:29:36] ok: CDP healthy on :18800
[2026-03-11 12:30:36] ok: CDP healthy on :18800
[2026-03-11 12:31:36] ok: CDP healthy on :18800
[2026-03-11 12:32:36] ok: CDP healthy on :18800
[2026-03-11 12:33:36] ok: CDP healthy on :18800
[2026-03-11 12:34:36] ok: CDP healthy on :18800
[2026-03-11 12:35:36] ok: CDP healthy on :18800
[2026-03-11 12:36:36] ok: CDP healthy on :18800
[2026-03-11 12:37:36] ok: CDP healthy on :18800
[2026-03-11 12:38:36] ok: CDP healthy on :18800
[2026-03-11 12:39:36] ok: CDP healthy on :18800
[2026-03-11 12:40:36] ok: CDP healthy on :18800
[2026-03-11 12:41:37] ok: CDP healthy on :18800
[2026-03-11 12:42:37] ok: CDP healthy on :18800
[2026-03-11 12:43:37] ok: CDP healthy on :18800
[2026-03-11 12:44:37] ok: CDP healthy on :18800
[2026-03-11 12:45:37] ok: CDP healthy on :18800
[2026-03-11 12:46:37] ok: CDP healthy on :18800
[2026-03-11 12:47:37] ok: CDP healthy on :18800
[2026-03-11 12:48:37] ok: CDP healthy on :18800
[2026-03-11 12:49:37] ok: CDP healthy on :18800
[2026-03-11 12:50:37] ok: CDP healthy on :18800
[2026-03-11 12:51:37] ok: CDP healthy on :18800
[2026-03-11 12:52:37] ok: CDP healthy on :18800
[2026-03-11 12:53:37] ok: CDP healthy on :18800
[2026-03-11 12:54:37] ok: CDP healthy on :18800
[2026-03-11 12:55:37] ok: CDP healthy on :18800
[2026-03-11 12:56:37] ok: CDP healthy on :18800
[2026-03-11 12:57:38] ok: CDP healthy on :18800
[2026-03-11 12:58:38] ok: CDP healthy on :18800
[2026-03-11 12:59:38] ok: CDP healthy on :18800
[2026-03-11 13:00:38] ok: CDP healthy on :18800
[2026-03-11 13:01:38] ok: CDP healthy on :18800
[2026-03-11 13:02:38] ok: CDP healthy on :18800
[2026-03-11 13:03:38] ok: CDP healthy on :18800
[2026-03-11 13:04:38] ok: CDP healthy on :18800
[2026-03-11 13:05:38] ok: CDP healthy on :18800
[2026-03-11 13:06:38] ok: CDP healthy on :18800
[2026-03-11 13:07:38] ok: CDP healthy on :18800
[2026-03-11 13:08:38] ok: CDP healthy on :18800
[2026-03-11 13:09:38] ok: CDP healthy on :18800
[2026-03-11 13:10:38] ok: CDP healthy on :18800
[2026-03-11 13:11:38] ok: CDP healthy on :18800
[2026-03-11 13:12:39] heal start: browser CDP is not responsive
[2026-03-11 13:14:30] heal step1 failed: browser start did not recover CDP; restarting gateway
