[Sat Mar 21 21:00:01 KST 2026] Starting daily automation workflow...
[1/5] Checking Nexus...
[2/5] Checking Fortytwo...
[3/5] Checking websites...
[4/5] Updating skills...
[5/5] Memory backup...
[Done] Daily automation completed at Sat Mar 21 21:00:03 KST 2026
[Sun Mar 22 09:00:01 KST 2026] Starting daily automation workflow...
[1/5] Checking Nexus...
[2/5] Checking Fortytwo...
[3/5] Checking websites...
[4/5] Updating skills...
[5/5] Memory backup...
[Done] Daily automation completed at Sun Mar 22 09:00:04 KST 2026
[Sun Mar 22 21:00:05 KST 2026] Starting daily automation workflow...
[1/5] Checking Nexus...
[2/5] Checking Fortytwo...
[3/5] Checking websites...
[4/5] Updating skills...
[5/5] Memory backup...
[Done] Daily automation completed at Sun Mar 22 21:00:09 KST 2026
[Mon Mar 23 09:00:02 KST 2026] Starting daily automation workflow...
[1/5] Checking Nexus...
[2/5] Checking Fortytwo...
[3/5] Checking websites...
[4/5] Updating skills...
[5/5] Memory backup...
[Done] Daily automation completed at Mon Mar 23 09:00:10 KST 2026
[Mon Mar 23 21:00:04 KST 2026] Starting daily automation workflow...
[1/5] Checking Nexus...
[2/5] Checking Fortytwo...
[3/5] Checking websites...
[4/5] Updating skills...
[5/5] Memory backup...
