03-21 10:33 余额: 717.50000000
{"ok":true,"result":{"message_id":1358,"from":{"id":8560545483,"is_bot":true,"first_name":"\u82cf\u8fea\u5c0f\u80d6\ud83d\udc37M4","username":"openclaw_test_2026_bot"},"chat":{"id":-1003727098894,"title":"M4 \u76d1\u5de5\u7fa4","type":"supergroup"},"date":1774056836,"text":"\ud83d\udd25 \u4f4e Stake \u673a\u4f1a\uff01\n\n\u4f59\u989d: 717.50000000 Energy\n\n\u2022 ID: 2d4045e7 | Stake: 500.0 | psychology\n\u2022 ID: a38f70b9 | Stake: 500.0 | sociology","entities":[{"offset":3,"length":11,"type":"bold"}]}}03-21 10:33 发送通知: 2 个机会
03-21 10:48 余额: 717.50000000
{"ok":true,"result":{"message_id":1359,"from":{"id":8560545483,"is_bot":true,"first_name":"\u82cf\u8fea\u5c0f\u80d6\ud83d\udc37M4","username":"openclaw_test_2026_bot"},"chat":{"id":-1003727098894,"title":"M4 \u76d1\u5de5\u7fa4","type":"supergroup"},"date":1774057740,"text":"\ud83d\udd25 \u4f4e Stake \u673a\u4f1a\uff01\n\n\u4f59\u989d: 717.50000000 Energy\n\n\u2022 ID: 2d4045e7 | Stake: 500.0 | psychology\n\u2022 ID: a38f70b9 | Stake: 500.0 | sociology","entities":[{"offset":3,"length":11,"type":"bold"}]}}03-21 10:49 发送通知: 2 个机会
03-21 11:04 余额: 717.50000000
03-21 11:04 无低 stake 机会 (stake > 500)
03-21 11:19 余额: 717.50000000
03-21 11:19 无低 stake 机会 (stake > 500)
03-21 11:34 余额: 717.50000000
03-21 11:34 无低 stake 机会 (stake > 500)
03-21 11:49 余额: 717.50000000
03-21 11:49 无低 stake 机会 (stake > 500)
03-21 12:04 余额: 717.50000000
{"ok":true,"result":{"message_id":1361,"from":{"id":8560545483,"is_bot":true,"first_name":"\u82cf\u8fea\u5c0f\u80d6\ud83d\udc37M4","username":"openclaw_test_2026_bot"},"chat":{"id":-1003727098894,"title":"M4 \u76d1\u5de5\u7fa4","type":"supergroup"},"date":1774062254,"text":"\ud83d\udd25 \u4f4e Stake \u673a\u4f1a\uff01\n\n\u4f59\u989d: 717.50000000 Energy\n\n\u2022 ID: 7230e800 | Stake: 500.0 | computer science\n\u2022 ID: 8ae5592a | Stake: 500.0 | computer science\n\u2022 ID: 99fc9422 | Stake: 500.0 | computer science\n\u2022 ID: 529dbc54 | Stake: 500.0 | psychology","entities":[{"offset":3,"length":11,"type":"bold"}]}}03-21 12:04 发送通知: 4 个机会
03-21 12:19 余额: 717.50000000
{"ok":true,"result":{"message_id":1364,"from":{"id":8560545483,"is_bot":true,"first_name":"\u82cf\u8fea\u5c0f\u80d6\ud83d\udc37M4","username":"openclaw_test_2026_bot"},"chat":{"id":-1003727098894,"title":"M4 \u76d1\u5de5\u7fa4","type":"supergroup"},"date":1774063158,"text":"\ud83d\udd25 \u4f4e Stake \u673a\u4f1a\uff01\n\n\u4f59\u989d: 717.50000000 Energy\n\n\u2022 ID: 7230e800 | Stake: 500.0 | computer science\n\u2022 ID: 8ae5592a | Stake: 500.0 | computer science\n\u2022 ID: 99fc9422 | Stake: 500.0 | computer science\n\u2022 ID: 529dbc54 | Stake: 500.0 | psychology","entities":[{"offset":3,"length":11,"type":"bold"}]}}03-21 12:19 发送通知: 4 个机会
03-21 12:34 余额: 717.50000000
{"ok":true,"result":{"message_id":1366,"from":{"id":8560545483,"is_bot":true,"first_name":"\u82cf\u8fea\u5c0f\u80d6\ud83d\udc37M4","username":"openclaw_test_2026_bot"},"chat":{"id":-1003727098894,"title":"M4 \u76d1\u5de5\u7fa4","type":"supergroup"},"date":1774064062,"text":"\ud83d\udd25 \u4f4e Stake \u673a\u4f1a\uff01\n\n\u4f59\u989d: 717.50000000 Energy\n\n\u2022 ID: 7230e800 | Stake: 500.0 | computer science\n\u2022 ID: 8ae5592a | Stake: 500.0 | computer science\n\u2022 ID: 99fc9422 | Stake: 500.0 | computer science\n\u2022 ID: 529dbc54 | Stake: 500.0 | psychology","entities":[{"offset":3,"length":11,"type":"bold"}]}}03-21 12:34 发送通知: 4 个机会
03-21 12:49 余额: 717.50000000
03-21 12:49 无低 stake 机会 (stake > 500)
03-21 13:04 余额: 717.50000000
03-21 13:04 无低 stake 机会 (stake > 500)
03-21 13:19 余额: 717.50000000
03-21 13:19 无低 stake 机会 (stake > 500)
03-21 13:34 余额: 717.50000000
03-21 13:34 无低 stake 机会 (stake > 500)
03-21 13:49 余额: 717.50000000
03-21 13:49 无低 stake 机会 (stake > 500)
03-21 14:04 余额: 717.50000000
03-21 14:04 无低 stake 机会 (stake > 500)
03-21 14:19 余额: 717.50000000
03-21 14:19 无低 stake 机会 (stake > 500)
03-21 14:34 余额: 717.50000000
03-21 14:34 无低 stake 机会 (stake > 500)
03-21 14:49 余额: 717.50000000
03-21 14:49 无低 stake 机会 (stake > 500)
03-21 15:04 余额: 717.50000000
03-21 15:04 无低 stake 机会 (stake > 500)
03-21 15:19 余额: 717.50000000
03-21 15:19 无低 stake 机会 (stake > 500)
03-21 15:34 余额: 717.50000000
03-21 15:34 无低 stake 机会 (stake > 500)
03-21 15:49 余额: 717.50000000
03-21 15:49 无低 stake 机会 (stake > 500)
03-21 16:04 余额: 717.50000000
03-21 16:05 无低 stake 机会 (stake > 500)
03-21 16:20 余额: 717.50000000
03-21 16:20 无低 stake 机会 (stake > 500)
03-21 16:35 余额: 717.50000000
03-21 16:35 无低 stake 机会 (stake > 500)
03-21 16:50 余额: 717.50000000
03-21 16:50 无低 stake 机会 (stake > 500)
03-21 17:05 余额: 717.50000000
03-21 17:05 无低 stake 机会 (stake > 500)
03-21 17:20 余额: 717.50000000
03-21 17:20 无低 stake 机会 (stake > 500)
03-21 17:35 余额: 717.50000000
03-21 17:35 无低 stake 机会 (stake > 500)
03-21 17:50 余额: 717.50000000
03-21 17:50 无低 stake 机会 (stake > 500)
03-21 18:05 余额: 717.50000000
03-21 18:05 无低 stake 机会 (stake > 500)
03-21 18:20 余额: 717.50000000
03-21 18:20 无低 stake 机会 (stake > 500)
03-21 18:35 余额: 717.50000000
03-21 18:35 无低 stake 机会 (stake > 500)
03-21 18:50 余额: 717.50000000
03-21 18:50 无低 stake 机会 (stake > 500)
03-21 19:05 余额: 717.50000000
03-21 19:05 无低 stake 机会 (stake > 500)
03-21 19:20 余额: 717.50000000
03-21 19:20 无低 stake 机会 (stake > 500)
03-21 19:35 余额: 717.50000000
03-21 19:35 无低 stake 机会 (stake > 500)
03-21 19:50 余额: 717.50000000
03-21 19:50 无低 stake 机会 (stake > 500)
03-21 20:05 余额: 717.50000000
03-21 20:05 无低 stake 机会 (stake > 500)
03-21 20:20 余额: 717.50000000
03-21 20:20 无低 stake 机会 (stake > 500)
03-21 20:35 余额: 717.50000000
03-21 20:35 无低 stake 机会 (stake > 500)
03-21 20:50 余额: 717.50000000
03-21 20:50 无低 stake 机会 (stake > 500)
03-21 21:05 余额: 717.50000000
03-21 21:05 无低 stake 机会 (stake > 500)
03-21 21:21 余额: 717.50000000
03-21 21:21 无低 stake 机会 (stake > 500)
03-21 21:36 余额: 717.50000000
03-21 21:36 无低 stake 机会 (stake > 500)
03-21 21:51 余额: 717.50000000
03-21 21:51 无低 stake 机会 (stake > 500)
03-21 22:06 余额: 717.50000000
03-21 22:06 无低 stake 机会 (stake > 500)
03-21 22:21 余额: 717.50000000
03-21 22:21 无低 stake 机会 (stake > 500)
03-21 22:36 余额: 717.50000000
03-21 22:36 无低 stake 机会 (stake > 500)
03-21 22:51 余额: 717.50000000
03-21 22:51 无低 stake 机会 (stake > 500)
03-21 23:06 余额: 717.50000000
03-21 23:06 无低 stake 机会 (stake > 500)
03-21 23:21 余额: 717.50000000
03-21 23:21 无低 stake 机会 (stake > 500)
03-21 23:36 余额: 717.50000000
03-21 23:36 无低 stake 机会 (stake > 500)
03-21 23:51 余额: 717.50000000
03-21 23:51 无低 stake 机会 (stake > 500)
03-22 00:06 余额: 717.50000000
03-22 00:06 无低 stake 机会 (stake > 500)
03-22 00:21 余额: 717.50000000
03-22 00:21 无低 stake 机会 (stake > 500)
03-22 00:36 余额: 717.50000000
03-22 00:36 无低 stake 机会 (stake > 500)
03-22 00:51 余额: 717.50000000
03-22 00:51 无低 stake 机会 (stake > 500)
03-22 01:06 余额: 717.50000000
03-22 01:06 无低 stake 机会 (stake > 500)
03-22 01:21 余额: 717.50000000
03-22 01:21 无低 stake 机会 (stake > 500)
03-22 01:36 余额: 717.50000000
03-22 01:36 无低 stake 机会 (stake > 500)
03-22 01:51 余额: 717.50000000
03-22 01:51 无低 stake 机会 (stake > 500)
03-22 02:06 余额: 717.50000000
03-22 02:06 无低 stake 机会 (stake > 500)
03-22 02:21 余额: 717.50000000
03-22 02:21 无低 stake 机会 (stake > 500)
03-22 02:36 余额: 717.50000000
03-22 02:37 无低 stake 机会 (stake > 500)
03-22 02:52 余额: 717.50000000
03-22 02:52 无低 stake 机会 (stake > 500)
03-22 03:07 余额: 717.50000000
03-22 03:07 无低 stake 机会 (stake > 500)
03-22 03:22 余额: 717.50000000
03-22 03:22 无低 stake 机会 (stake > 500)
03-22 03:37 余额: 717.50000000
03-22 03:37 无低 stake 机会 (stake > 500)
03-22 03:52 余额: 717.50000000
03-22 03:52 无低 stake 机会 (stake > 500)
03-22 04:07 余额: 717.50000000
03-22 04:07 无低 stake 机会 (stake > 500)
03-22 04:22 余额: 717.50000000
03-22 04:22 无低 stake 机会 (stake > 500)
03-22 04:37 余额: 717.50000000
03-22 04:37 无低 stake 机会 (stake > 500)
03-22 04:52 余额: 717.50000000
03-22 04:52 无低 stake 机会 (stake > 500)
03-22 05:07 余额: 717.50000000
03-22 05:07 无低 stake 机会 (stake > 500)
03-22 05:22 余额: 717.50000000
03-22 05:22 无低 stake 机会 (stake > 500)
03-22 05:37 余额: 717.50000000
03-22 05:37 无低 stake 机会 (stake > 500)
03-22 05:52 余额: 717.50000000
{"ok":true,"result":{"message_id":1399,"from":{"id":8560545483,"is_bot":true,"first_name":"\u82cf\u8fea\u5c0f\u80d6\ud83d\udc37M4","username":"openclaw_test_2026_bot"},"chat":{"id":-1003727098894,"title":"M4 \u76d1\u5de5\u7fa4","type":"supergroup"},"date":1774126356,"text":"\ud83d\udd25 \u4f4e Stake \u673a\u4f1a\uff01\n\n\u4f59\u989d: 717.50000000 Energy\n\n\u2022 ID: 4b1d2d70 | Stake: 350.0 | general","entities":[{"offset":3,"length":11,"type":"bold"}]}}03-22 05:52 发送通知: 1 个机会
03-22 06:07 余额: 717.50000000
{"ok":true,"result":{"message_id":1402,"from":{"id":8560545483,"is_bot":true,"first_name":"\u82cf\u8fea\u5c0f\u80d6\ud83d\udc37M4","username":"openclaw_test_2026_bot"},"chat":{"id":-1003727098894,"title":"M4 \u76d1\u5de5\u7fa4","type":"supergroup"},"date":1774127259,"text":"\ud83d\udd25 \u4f4e Stake \u673a\u4f1a\uff01\n\n\u4f59\u989d: 717.50000000 Energy\n\n\u2022 ID: 4b1d2d70 | Stake: 350.0 | general","entities":[{"offset":3,"length":11,"type":"bold"}]}}03-22 06:07 发送通知: 1 个机会
03-22 06:22 余额: 717.50000000
03-22 06:22 无低 stake 机会 (stake > 500)
03-22 06:37 余额: 717.50000000
03-22 06:37 无低 stake 机会 (stake > 500)
03-22 06:52 余额: 717.50000000
03-22 06:52 无低 stake 机会 (stake > 500)
03-22 07:07 余额: 717.50000000
03-22 07:07 无低 stake 机会 (stake > 500)
03-22 07:22 余额: 717.50000000
03-22 07:22 无低 stake 机会 (stake > 500)
03-22 07:37 余额: 717.50000000
03-22 07:37 无低 stake 机会 (stake > 500)
03-22 07:52 余额: 717.50000000
03-22 07:52 无低 stake 机会 (stake > 500)
03-22 08:08 余额: 717.50000000
03-22 08:08 无低 stake 机会 (stake > 500)
03-22 08:23 余额: 717.50000000
03-22 08:23 无低 stake 机会 (stake > 500)
03-22 08:38 余额: 717.50000000
03-22 08:38 无低 stake 机会 (stake > 500)
03-22 08:53 余额: 717.50000000
03-22 08:53 无低 stake 机会 (stake > 500)
03-22 09:08 余额: 717.50000000
03-22 09:08 无低 stake 机会 (stake > 500)
03-22 09:23 余额: 717.50000000
03-22 09:23 无低 stake 机会 (stake > 500)
03-22 09:38 余额: 717.50000000
03-22 09:38 无低 stake 机会 (stake > 500)
03-22 09:53 余额: 717.50000000
03-22 09:53 无低 stake 机会 (stake > 500)
03-22 10:08 余额: 717.50000000
03-22 10:08 无低 stake 机会 (stake > 500)
03-22 10:23 余额: 717.50000000
03-22 10:23 无低 stake 机会 (stake > 500)
03-22 10:38 余额: 717.50000000
03-22 10:38 无低 stake 机会 (stake > 500)
03-22 10:53 余额: 717.50000000
03-22 10:53 无低 stake 机会 (stake > 500)
03-22 11:08 余额: 717.50000000
03-22 11:08 无低 stake 机会 (stake > 500)
03-22 11:23 余额: 717.50000000
03-22 11:23 无低 stake 机会 (stake > 500)
03-22 11:38 余额: 717.50000000
03-22 11:38 无低 stake 机会 (stake > 500)
03-22 11:53 余额: 717.50000000
03-22 11:53 无低 stake 机会 (stake > 500)
03-22 12:08 余额: 717.50000000
03-22 12:08 无低 stake 机会 (stake > 500)
03-22 12:23 余额: 717.50000000
03-22 12:23 无低 stake 机会 (stake > 500)
03-22 12:38 余额: 717.50000000
03-22 12:38 无低 stake 机会 (stake > 500)
03-22 12:53 余额: 717.50000000
03-22 12:53 无低 stake 机会 (stake > 500)
03-22 13:08 余额: 717.50000000
03-22 13:08 无低 stake 机会 (stake > 500)
03-22 13:23 余额: 717.50000000
03-22 13:23 无低 stake 机会 (stake > 500)
03-22 13:39 余额: 717.50000000
03-22 13:39 无低 stake 机会 (stake > 500)
03-22 13:54 余额: 717.50000000
03-22 13:54 无低 stake 机会 (stake > 500)
03-22 14:09 余额: 717.50000000
03-22 14:09 无低 stake 机会 (stake > 500)
03-22 14:24 余额: 717.50000000
03-22 14:24 无低 stake 机会 (stake > 500)
03-22 14:39 余额: 717.50000000
03-22 14:39 无低 stake 机会 (stake > 500)
03-22 14:54 余额: 717.50000000
03-22 14:54 无低 stake 机会 (stake > 500)
03-22 15:09 余额: 717.50000000
03-22 15:09 无低 stake 机会 (stake > 500)
03-22 15:24 余额: 717.50000000
03-22 15:24 无低 stake 机会 (stake > 500)
03-22 15:39 余额: 717.50000000
03-22 15:39 无低 stake 机会 (stake > 500)
03-22 15:54 余额: 717.50000000
03-22 15:54 无低 stake 机会 (stake > 500)
03-22 16:09 余额: 717.50000000
03-22 16:09 无低 stake 机会 (stake > 500)
03-22 16:24 余额: 717.50000000
03-22 16:24 无低 stake 机会 (stake > 500)
03-22 16:39 余额: 717.50000000
03-22 16:39 无低 stake 机会 (stake > 500)
03-22 16:54 余额: 717.50000000
03-22 16:54 无低 stake 机会 (stake > 500)
03-22 17:09 余额: 717.50000000
03-22 17:09 无低 stake 机会 (stake > 500)
03-22 17:24 余额: 717.50000000
03-22 17:24 无低 stake 机会 (stake > 500)
03-22 17:39 余额: 717.50000000
03-22 17:39 无低 stake 机会 (stake > 500)
03-22 17:54 余额: 717.50000000
03-22 17:54 无低 stake 机会 (stake > 500)
03-22 18:09 余额: 717.50000000
03-22 18:09 无低 stake 机会 (stake > 500)
03-22 18:24 余额: 717.50000000
03-22 18:24 无低 stake 机会 (stake > 500)
03-22 18:39 余额: 717.50000000
03-22 18:39 无低 stake 机会 (stake > 500)
03-22 18:55 余额: 717.50000000
03-22 18:55 无低 stake 机会 (stake > 500)
03-22 19:10 余额: 717.50000000
03-22 19:10 无低 stake 机会 (stake > 500)
03-22 19:25 余额: 717.50000000
03-22 19:25 无低 stake 机会 (stake > 500)
03-22 19:40 余额: 717.50000000
03-22 19:40 无低 stake 机会 (stake > 500)
03-22 19:55 余额: 717.50000000
03-22 19:55 无低 stake 机会 (stake > 500)
03-22 20:10 余额: 717.50000000
03-22 20:10 无低 stake 机会 (stake > 500)
03-22 20:25 余额: 717.50000000
03-22 20:25 无低 stake 机会 (stake > 500)
03-22 20:40 余额: 717.50000000
03-22 20:40 无低 stake 机会 (stake > 500)
03-22 20:55 余额: 717.50000000
03-22 20:55 无低 stake 机会 (stake > 500)
03-22 21:10 余额: 717.50000000
03-22 21:10 无低 stake 机会 (stake > 500)
03-22 21:25 余额: 717.50000000
03-22 21:25 无低 stake 机会 (stake > 500)
03-22 21:40 余额: 717.50000000
03-22 21:40 无低 stake 机会 (stake > 500)
03-22 21:55 余额: 717.50000000
03-22 21:55 无低 stake 机会 (stake > 500)
03-22 22:10 余额: 717.50000000
03-22 22:10 无低 stake 机会 (stake > 500)
03-22 22:25 余额: 717.50000000
03-22 22:25 无低 stake 机会 (stake > 500)
03-22 22:40 余额: 717.50000000
03-22 22:40 无低 stake 机会 (stake > 500)
03-22 22:55 余额: 717.50000000
03-22 22:55 无低 stake 机会 (stake > 500)
03-22 23:10 余额: 717.50000000
03-22 23:10 无低 stake 机会 (stake > 500)
03-22 23:25 余额: 717.50000000
03-22 23:25 无低 stake 机会 (stake > 500)
03-22 23:40 余额: 717.50000000
03-22 23:40 无低 stake 机会 (stake > 500)
03-22 23:55 余额: 717.50000000
03-22 23:55 无低 stake 机会 (stake > 500)
03-23 00:11 余额: 717.50000000
03-23 00:11 无低 stake 机会 (stake > 500)
03-23 00:26 余额: 717.50000000
03-23 00:26 无低 stake 机会 (stake > 500)
03-23 00:41 余额: 717.50000000
03-23 00:41 无低 stake 机会 (stake > 500)
03-23 00:56 余额: 717.50000000
03-23 00:56 无低 stake 机会 (stake > 500)
03-23 01:11 余额: 717.50000000
03-23 01:11 无低 stake 机会 (stake > 500)
03-23 01:26 余额: 717.50000000
03-23 01:26 无低 stake 机会 (stake > 500)
03-23 01:41 余额: 717.50000000
03-23 01:41 无低 stake 机会 (stake > 500)
03-23 01:56 余额: 717.50000000
03-23 01:56 无低 stake 机会 (stake > 500)
03-23 02:11 余额: 717.50000000
03-23 02:11 无低 stake 机会 (stake > 500)
03-23 02:26 余额: 717.50000000
03-23 02:26 无低 stake 机会 (stake > 500)
03-23 02:41 余额: 717.50000000
03-23 02:41 无低 stake 机会 (stake > 500)
03-23 02:56 余额: 717.50000000
03-23 02:56 无低 stake 机会 (stake > 500)
03-23 03:11 余额: 717.50000000
03-23 03:11 无低 stake 机会 (stake > 500)
03-23 03:26 余额: 717.50000000
03-23 03:26 无低 stake 机会 (stake > 500)
03-23 03:41 余额: 717.50000000
03-23 03:41 无低 stake 机会 (stake > 500)
03-23 03:56 余额: 717.50000000
03-23 03:56 无低 stake 机会 (stake > 500)
03-23 04:11 余额: 717.50000000
03-23 04:11 无低 stake 机会 (stake > 500)
03-23 04:26 余额: 717.50000000
03-23 04:26 无低 stake 机会 (stake > 500)
03-23 04:41 余额: 717.50000000
03-23 04:41 无低 stake 机会 (stake > 500)
03-23 04:56 余额: 717.50000000
03-23 04:56 无低 stake 机会 (stake > 500)
03-23 05:11 余额: 717.50000000
03-23 05:11 无低 stake 机会 (stake > 500)
03-23 05:27 余额: 717.50000000
03-23 05:27 无低 stake 机会 (stake > 500)
03-23 05:42 余额: 717.50000000
03-23 05:42 无低 stake 机会 (stake > 500)
03-23 05:57 余额: 717.50000000
03-23 05:57 无低 stake 机会 (stake > 500)
03-23 06:12 余额: 717.50000000
03-23 06:12 无低 stake 机会 (stake > 500)
03-23 06:27 余额: 717.50000000
03-23 06:27 无低 stake 机会 (stake > 500)
03-23 06:42 余额: 717.50000000
03-23 06:42 无低 stake 机会 (stake > 500)
03-23 06:57 余额: 717.50000000
03-23 06:57 无低 stake 机会 (stake > 500)
