[main e609c46] Auto backup: 2026-03-21
 21 files changed, 1336 insertions(+), 5 deletions(-)
 create mode 100644 memory/fortytwo-auto-check.log
 create mode 100644 memory/nexus-auto-check.log
 create mode 100644 memory/stock-monitor/reports/600589-close-2026-03-21.json
 create mode 100644 memory/website-check.log
To https://github.com/0xUnite/0xUnite-OPENCLAW.git
   cf06880..e609c46  main -> main
[main 03a2688] Auto backup: 2026-03-21
 20 files changed, 3281 insertions(+), 8 deletions(-)
 create mode 100644 memory/git-backup.log
To https://github.com/0xUnite/0xUnite-OPENCLAW.git
   e609c46..03a2688  main -> main
[main e1c3d17] Auto backup: 2026-03-21
 18 files changed, 425 insertions(+), 8 deletions(-)
To https://github.com/0xUnite/0xUnite-OPENCLAW.git
   03a2688..e1c3d17  main -> main
[main 379aba0] Auto backup: 2026-03-21
 8 files changed, 77 insertions(+), 1 deletion(-)
To https://github.com/0xUnite/0xUnite-OPENCLAW.git
   e1c3d17..379aba0  main -> main
[main 8f71443] Auto backup: 2026-03-21
 15 files changed, 163 insertions(+), 5 deletions(-)
 create mode 100644 memory/daily-automation.err.log
 create mode 100644 memory/daily-automation.log
To https://github.com/0xUnite/0xUnite-OPENCLAW.git
   379aba0..8f71443  main -> main
[main 331fa0d] Auto backup: 2026-03-21
 21 files changed, 903 insertions(+), 8 deletions(-)
To https://github.com/0xUnite/0xUnite-OPENCLAW.git
   8f71443..331fa0d  main -> main
