📊 *系统状态* 03/14 01:19

| 项目 | 状态 |
| :--- | :--- |
| Nexus 节点 | ✅ 12节点(运行01:03) |
| Fortytwo Agent | ✅ 心跳01:18|活跃 |
| Fortytwo 终端 | ✅ 余额717 |

━━━━━━━━━━━━━━━━━━━━
{"ok":true,"result":{"message_id":731,"from":{"id":8560545483,"is_bot":true,"first_name":"\u82cf\u8fea\u5c0f\u80d6\ud83d\udc37M4","username":"openclaw_test_2026_bot"},"chat":{"id":-1003727098894,"title":"M4 \u76d1\u5de5\u7fa4","type":"supergroup"},"date":1773418751,"text":"\ud83d\udcca \u7cfb\u7edf\u72b6\u6001 03/14 01:19\n\n| \u9879\u76ee | \u72b6\u6001 |\n| :--- | :--- |\n| Nexus \u8282\u70b9 | \u2705 12\u8282\u70b9(\u8fd0\u884c01:03) |\n| Fortytwo Agent | \u2705 \u5fc3\u8df301:18|\u6d3b\u8dc3 |\n| Fortytwo \u7ec8\u7aef | \u2705 \u4f59\u989d717 |\n\n\u2501\u2501\u2501\u2501\u2501\u2501\u2501\u2501\u2501\u2501\u2501\u2501\u2501\u2501\u2501\u2501\u2501\u2501\u2501\u2501","entities":[{"offset":3,"length":4,"type":"bold"}]}}📊 *系统状态* 03/14 02:19

| 项目 | 状态 |
| :--- | :--- |
| Nexus 节点 | ✅ 12节点(运行06-12:01:10) |
| Fortytwo Agent | ✅ 心跳02:18|活跃4 |
| Fortytwo 终端 | ✅ 余额717 |

━━━━━━━━━━━━━━━━━━━━
{"ok":true,"result":{"message_id":734,"from":{"id":8560545483,"is_bot":true,"first_name":"\u82cf\u8fea\u5c0f\u80d6\ud83d\udc37M4","username":"openclaw_test_2026_bot"},"chat":{"id":-1003727098894,"title":"M4 \u76d1\u5de5\u7fa4","type":"supergroup"},"date":1773422353,"text":"\ud83d\udcca \u7cfb\u7edf\u72b6\u6001 03/14 02:19\n\n| \u9879\u76ee | \u72b6\u6001 |\n| :--- | :--- |\n| Nexus \u8282\u70b9 | \u2705 12\u8282\u70b9(\u8fd0\u884c06-12:01:10) |\n| Fortytwo Agent | \u2705 \u5fc3\u8df302:18|\u6d3b\u8dc34 |\n| Fortytwo \u7ec8\u7aef | \u2705 \u4f59\u989d717 |\n\n\u2501\u2501\u2501\u2501\u2501\u2501\u2501\u2501\u2501\u2501\u2501\u2501\u2501\u2501\u2501\u2501\u2501\u2501\u2501\u2501","entities":[{"offset":3,"length":4,"type":"bold"}]}}📊 *系统状态* 03/14 03:19

| 项目 | 状态 |
| :--- | :--- |
| Nexus 节点 | ✅ 12节点(运行00:26) |
| Fortytwo Agent | ✅ 心跳03:18|活跃 |
| Fortytwo 终端 | ✅ 余额717 |

━━━━━━━━━━━━━━━━━━━━
{"ok":true,"result":{"message_id":735,"from":{"id":8560545483,"is_bot":true,"first_name":"\u82cf\u8fea\u5c0f\u80d6\ud83d\udc37M4","username":"openclaw_test_2026_bot"},"chat":{"id":-1003727098894,"title":"M4 \u76d1\u5de5\u7fa4","type":"supergroup"},"date":1773425955,"text":"\ud83d\udcca \u7cfb\u7edf\u72b6\u6001 03/14 03:19\n\n| \u9879\u76ee | \u72b6\u6001 |\n| :--- | :--- |\n| Nexus \u8282\u70b9 | \u2705 12\u8282\u70b9(\u8fd0\u884c00:26) |\n| Fortytwo Agent | \u2705 \u5fc3\u8df303:18|\u6d3b\u8dc3 |\n| Fortytwo \u7ec8\u7aef | \u2705 \u4f59\u989d717 |\n\n\u2501\u2501\u2501\u2501\u2501\u2501\u2501\u2501\u2501\u2501\u2501\u2501\u2501\u2501\u2501\u2501\u2501\u2501\u2501\u2501","entities":[{"offset":3,"length":4,"type":"bold"}]}}📊 *系统状态* 03/14 04:19

| 项目 | 状态 |
| :--- | :--- |
| Nexus 节点 | ✅ 12节点(运行00:39) |
| Fortytwo Agent | ✅ 心跳04:18|活跃4 |
| Fortytwo 终端 | ✅ 余额717 |

━━━━━━━━━━━━━━━━━━━━
{"ok":true,"result":{"message_id":738,"from":{"id":8560545483,"is_bot":true,"first_name":"\u82cf\u8fea\u5c0f\u80d6\ud83d\udc37M4","username":"openclaw_test_2026_bot"},"chat":{"id":-1003727098894,"title":"M4 \u76d1\u5de5\u7fa4","type":"supergroup"},"date":1773429557,"text":"\ud83d\udcca \u7cfb\u7edf\u72b6\u6001 03/14 04:19\n\n| \u9879\u76ee | \u72b6\u6001 |\n| :--- | :--- |\n| Nexus \u8282\u70b9 | \u2705 12\u8282\u70b9(\u8fd0\u884c00:39) |\n| Fortytwo Agent | \u2705 \u5fc3\u8df304:18|\u6d3b\u8dc34 |\n| Fortytwo \u7ec8\u7aef | \u2705 \u4f59\u989d717 |\n\n\u2501\u2501\u2501\u2501\u2501\u2501\u2501\u2501\u2501\u2501\u2501\u2501\u2501\u2501\u2501\u2501\u2501\u2501\u2501\u2501","entities":[{"offset":3,"length":4,"type":"bold"}]}}📊 *系统状态* 03/14 05:19

| 项目 | 状态 |
| :--- | :--- |
| Nexus 节点 | ✅ 12节点(运行00:32) |
| Fortytwo Agent | ✅ 心跳05:18|活跃8 |
| Fortytwo 终端 | ✅ 余额717 |

━━━━━━━━━━━━━━━━━━━━
{"ok":true,"result":{"message_id":739,"from":{"id":8560545483,"is_bot":true,"first_name":"\u82cf\u8fea\u5c0f\u80d6\ud83d\udc37M4","username":"openclaw_test_2026_bot"},"chat":{"id":-1003727098894,"title":"M4 \u76d1\u5de5\u7fa4","type":"supergroup"},"date":1773433158,"text":"\ud83d\udcca \u7cfb\u7edf\u72b6\u6001 03/14 05:19\n\n| \u9879\u76ee | \u72b6\u6001 |\n| :--- | :--- |\n| Nexus \u8282\u70b9 | \u2705 12\u8282\u70b9(\u8fd0\u884c00:32) |\n| Fortytwo Agent | \u2705 \u5fc3\u8df305:18|\u6d3b\u8dc38 |\n| Fortytwo \u7ec8\u7aef | \u2705 \u4f59\u989d717 |\n\n\u2501\u2501\u2501\u2501\u2501\u2501\u2501\u2501\u2501\u2501\u2501\u2501\u2501\u2501\u2501\u2501\u2501\u2501\u2501\u2501","entities":[{"offset":3,"length":4,"type":"bold"}]}}📊 *系统状态* 03/14 06:19

| 项目 | 状态 |
| :--- | :--- |
| Nexus 节点 | ✅ 12节点(运行00:40) |
| Fortytwo Agent | ✅ 心跳06:18|活跃 |
| Fortytwo 终端 | ✅ 余额717 |

━━━━━━━━━━━━━━━━━━━━
{"ok":true,"result":{"message_id":742,"from":{"id":8560545483,"is_bot":true,"first_name":"\u82cf\u8fea\u5c0f\u80d6\ud83d\udc37M4","username":"openclaw_test_2026_bot"},"chat":{"id":-1003727098894,"title":"M4 \u76d1\u5de5\u7fa4","type":"supergroup"},"date":1773436760,"text":"\ud83d\udcca \u7cfb\u7edf\u72b6\u6001 03/14 06:19\n\n| \u9879\u76ee | \u72b6\u6001 |\n| :--- | :--- |\n| Nexus \u8282\u70b9 | \u2705 12\u8282\u70b9(\u8fd0\u884c00:40) |\n| Fortytwo Agent | \u2705 \u5fc3\u8df306:18|\u6d3b\u8dc3 |\n| Fortytwo \u7ec8\u7aef | \u2705 \u4f59\u989d717 |\n\n\u2501\u2501\u2501\u2501\u2501\u2501\u2501\u2501\u2501\u2501\u2501\u2501\u2501\u2501\u2501\u2501\u2501\u2501\u2501\u2501","entities":[{"offset":3,"length":4,"type":"bold"}]}}📊 *系统状态* 03/14 07:19

| 项目 | 状态 |
| :--- | :--- |
| Nexus 节点 | ✅ 12节点(运行00:41) |
| Fortytwo Agent | ✅ 心跳07:18|活跃3 |
| Fortytwo 终端 | ✅ 余额717 |

━━━━━━━━━━━━━━━━━━━━
{"ok":true,"result":{"message_id":743,"from":{"id":8560545483,"is_bot":true,"first_name":"\u82cf\u8fea\u5c0f\u80d6\ud83d\udc37M4","username":"openclaw_test_2026_bot"},"chat":{"id":-1003727098894,"title":"M4 \u76d1\u5de5\u7fa4","type":"supergroup"},"date":1773440362,"text":"\ud83d\udcca \u7cfb\u7edf\u72b6\u6001 03/14 07:19\n\n| \u9879\u76ee | \u72b6\u6001 |\n| :--- | :--- |\n| Nexus \u8282\u70b9 | \u2705 12\u8282\u70b9(\u8fd0\u884c00:41) |\n| Fortytwo Agent | \u2705 \u5fc3\u8df307:18|\u6d3b\u8dc33 |\n| Fortytwo \u7ec8\u7aef | \u2705 \u4f59\u989d717 |\n\n\u2501\u2501\u2501\u2501\u2501\u2501\u2501\u2501\u2501\u2501\u2501\u2501\u2501\u2501\u2501\u2501\u2501\u2501\u2501\u2501","entities":[{"offset":3,"length":4,"type":"bold"}]}}📊 *系统状态* 03/14 08:19

| 项目 | 状态 |
| :--- | :--- |
| Nexus 节点 | ✅ 12节点(运行00:40) |
| Fortytwo Agent | ✅ 心跳08:18|活跃4 |
| Fortytwo 终端 | ✅ 余额717 |

━━━━━━━━━━━━━━━━━━━━
{"ok":true,"result":{"message_id":746,"from":{"id":8560545483,"is_bot":true,"first_name":"\u82cf\u8fea\u5c0f\u80d6\ud83d\udc37M4","username":"openclaw_test_2026_bot"},"chat":{"id":-1003727098894,"title":"M4 \u76d1\u5de5\u7fa4","type":"supergroup"},"date":1773443964,"text":"\ud83d\udcca \u7cfb\u7edf\u72b6\u6001 03/14 08:19\n\n| \u9879\u76ee | \u72b6\u6001 |\n| :--- | :--- |\n| Nexus \u8282\u70b9 | \u2705 12\u8282\u70b9(\u8fd0\u884c00:40) |\n| Fortytwo Agent | \u2705 \u5fc3\u8df308:18|\u6d3b\u8dc34 |\n| Fortytwo \u7ec8\u7aef | \u2705 \u4f59\u989d717 |\n\n\u2501\u2501\u2501\u2501\u2501\u2501\u2501\u2501\u2501\u2501\u2501\u2501\u2501\u2501\u2501\u2501\u2501\u2501\u2501\u2501","entities":[{"offset":3,"length":4,"type":"bold"}]}}📊 *系统状态* 03/14 09:19

| 项目 | 状态 |
| :--- | :--- |
| Nexus 节点 | ✅ 12节点(运行00:36) |
| Fortytwo Agent | ✅ 心跳09:18|活跃 |
| Fortytwo 终端 | ✅ 余额717 |

━━━━━━━━━━━━━━━━━━━━
{"ok":true,"result":{"message_id":747,"from":{"id":8560545483,"is_bot":true,"first_name":"\u82cf\u8fea\u5c0f\u80d6\ud83d\udc37M4","username":"openclaw_test_2026_bot"},"chat":{"id":-1003727098894,"title":"M4 \u76d1\u5de5\u7fa4","type":"supergroup"},"date":1773447565,"text":"\ud83d\udcca \u7cfb\u7edf\u72b6\u6001 03/14 09:19\n\n| \u9879\u76ee | \u72b6\u6001 |\n| :--- | :--- |\n| Nexus \u8282\u70b9 | \u2705 12\u8282\u70b9(\u8fd0\u884c00:36) |\n| Fortytwo Agent | \u2705 \u5fc3\u8df309:18|\u6d3b\u8dc3 |\n| Fortytwo \u7ec8\u7aef | \u2705 \u4f59\u989d717 |\n\n\u2501\u2501\u2501\u2501\u2501\u2501\u2501\u2501\u2501\u2501\u2501\u2501\u2501\u2501\u2501\u2501\u2501\u2501\u2501\u2501","entities":[{"offset":3,"length":4,"type":"bold"}]}}📊 *系统状态* 03/14 10:19

| 项目 | 状态 |
| :--- | :--- |
| Nexus 节点 | ✅ 11节点(运行00:29) |
| Fortytwo Agent | ✅ 心跳10:18|活跃 |
| Fortytwo 终端 | ✅ 余额717 |

━━━━━━━━━━━━━━━━━━━━
{"ok":true,"result":{"message_id":750,"from":{"id":8560545483,"is_bot":true,"first_name":"\u82cf\u8fea\u5c0f\u80d6\ud83d\udc37M4","username":"openclaw_test_2026_bot"},"chat":{"id":-1003727098894,"title":"M4 \u76d1\u5de5\u7fa4","type":"supergroup"},"date":1773451167,"text":"\ud83d\udcca \u7cfb\u7edf\u72b6\u6001 03/14 10:19\n\n| \u9879\u76ee | \u72b6\u6001 |\n| :--- | :--- |\n| Nexus \u8282\u70b9 | \u2705 11\u8282\u70b9(\u8fd0\u884c00:29) |\n| Fortytwo Agent | \u2705 \u5fc3\u8df310:18|\u6d3b\u8dc3 |\n| Fortytwo \u7ec8\u7aef | \u2705 \u4f59\u989d717 |\n\n\u2501\u2501\u2501\u2501\u2501\u2501\u2501\u2501\u2501\u2501\u2501\u2501\u2501\u2501\u2501\u2501\u2501\u2501\u2501\u2501","entities":[{"offset":3,"length":4,"type":"bold"}]}}📊 *系统状态* 03/14 11:19

| 项目 | 状态 |
| :--- | :--- |
| Nexus 节点 | ✅ 12节点(运行00:38) |
| Fortytwo Agent | ✅ 心跳11:19|活跃4 |
| Fortytwo 终端 | ✅ 余额717 |

━━━━━━━━━━━━━━━━━━━━
{"ok":true,"result":{"message_id":751,"from":{"id":8560545483,"is_bot":true,"first_name":"\u82cf\u8fea\u5c0f\u80d6\ud83d\udc37M4","username":"openclaw_test_2026_bot"},"chat":{"id":-1003727098894,"title":"M4 \u76d1\u5de5\u7fa4","type":"supergroup"},"date":1773454769,"text":"\ud83d\udcca \u7cfb\u7edf\u72b6\u6001 03/14 11:19\n\n| \u9879\u76ee | \u72b6\u6001 |\n| :--- | :--- |\n| Nexus \u8282\u70b9 | \u2705 12\u8282\u70b9(\u8fd0\u884c00:38) |\n| Fortytwo Agent | \u2705 \u5fc3\u8df311:19|\u6d3b\u8dc34 |\n| Fortytwo \u7ec8\u7aef | \u2705 \u4f59\u989d717 |\n\n\u2501\u2501\u2501\u2501\u2501\u2501\u2501\u2501\u2501\u2501\u2501\u2501\u2501\u2501\u2501\u2501\u2501\u2501\u2501\u2501","entities":[{"offset":3,"length":4,"type":"bold"}]}}📊 *系统状态* 03/14 12:19

| 项目 | 状态 |
| :--- | :--- |
| Nexus 节点 | ✅ 12节点(运行00:33) |
| Fortytwo Agent | ✅ 心跳12:19|活跃 |
| Fortytwo 终端 | ✅ 余额717 |

━━━━━━━━━━━━━━━━━━━━
{"ok":true,"result":{"message_id":754,"from":{"id":8560545483,"is_bot":true,"first_name":"\u82cf\u8fea\u5c0f\u80d6\ud83d\udc37M4","username":"openclaw_test_2026_bot"},"chat":{"id":-1003727098894,"title":"M4 \u76d1\u5de5\u7fa4","type":"supergroup"},"date":1773458370,"text":"\ud83d\udcca \u7cfb\u7edf\u72b6\u6001 03/14 12:19\n\n| \u9879\u76ee | \u72b6\u6001 |\n| :--- | :--- |\n| Nexus \u8282\u70b9 | \u2705 12\u8282\u70b9(\u8fd0\u884c00:33) |\n| Fortytwo Agent | \u2705 \u5fc3\u8df312:19|\u6d3b\u8dc3 |\n| Fortytwo \u7ec8\u7aef | \u2705 \u4f59\u989d717 |\n\n\u2501\u2501\u2501\u2501\u2501\u2501\u2501\u2501\u2501\u2501\u2501\u2501\u2501\u2501\u2501\u2501\u2501\u2501\u2501\u2501","entities":[{"offset":3,"length":4,"type":"bold"}]}}📊 *系统状态* 03/14 13:19

| 项目 | 状态 |
| :--- | :--- |
| Nexus 节点 | ✅ 12节点(运行06-23:01:28) |
| Fortytwo Agent | ✅ 心跳13:19|活跃6 |
| Fortytwo 终端 | ✅ 余额717 |

━━━━━━━━━━━━━━━━━━━━
{"ok":true,"result":{"message_id":755,"from":{"id":8560545483,"is_bot":true,"first_name":"\u82cf\u8fea\u5c0f\u80d6\ud83d\udc37M4","username":"openclaw_test_2026_bot"},"chat":{"id":-1003727098894,"title":"M4 \u76d1\u5de5\u7fa4","type":"supergroup"},"date":1773461972,"text":"\ud83d\udcca \u7cfb\u7edf\u72b6\u6001 03/14 13:19\n\n| \u9879\u76ee | \u72b6\u6001 |\n| :--- | :--- |\n| Nexus \u8282\u70b9 | \u2705 12\u8282\u70b9(\u8fd0\u884c06-23:01:28) |\n| Fortytwo Agent | \u2705 \u5fc3\u8df313:19|\u6d3b\u8dc36 |\n| Fortytwo \u7ec8\u7aef | \u2705 \u4f59\u989d717 |\n\n\u2501\u2501\u2501\u2501\u2501\u2501\u2501\u2501\u2501\u2501\u2501\u2501\u2501\u2501\u2501\u2501\u2501\u2501\u2501\u2501","entities":[{"offset":3,"length":4,"type":"bold"}]}}📊 *系统状态* 03/14 14:19

| 项目 | 状态 |
| :--- | :--- |
| Nexus 节点 | ✅ 12节点(运行00:43) |
| Fortytwo Agent | ✅ 心跳14:19|活跃5 |
| Fortytwo 终端 | ✅ 余额717 |

━━━━━━━━━━━━━━━━━━━━
{"ok":true,"result":{"message_id":758,"from":{"id":8560545483,"is_bot":true,"first_name":"\u82cf\u8fea\u5c0f\u80d6\ud83d\udc37M4","username":"openclaw_test_2026_bot"},"chat":{"id":-1003727098894,"title":"M4 \u76d1\u5de5\u7fa4","type":"supergroup"},"date":1773465573,"text":"\ud83d\udcca \u7cfb\u7edf\u72b6\u6001 03/14 14:19\n\n| \u9879\u76ee | \u72b6\u6001 |\n| :--- | :--- |\n| Nexus \u8282\u70b9 | \u2705 12\u8282\u70b9(\u8fd0\u884c00:43) |\n| Fortytwo Agent | \u2705 \u5fc3\u8df314:19|\u6d3b\u8dc35 |\n| Fortytwo \u7ec8\u7aef | \u2705 \u4f59\u989d717 |\n\n\u2501\u2501\u2501\u2501\u2501\u2501\u2501\u2501\u2501\u2501\u2501\u2501\u2501\u2501\u2501\u2501\u2501\u2501\u2501\u2501","entities":[{"offset":3,"length":4,"type":"bold"}]}}📊 *系统状态* 03/14 15:19

| 项目 | 状态 |
| :--- | :--- |
| Nexus 节点 | ✅ 12节点(运行00:31) |
| Fortytwo Agent | ✅ 心跳15:19|活跃 |
| Fortytwo 终端 | ✅ 余额717 |

━━━━━━━━━━━━━━━━━━━━
{"ok":true,"result":{"message_id":759,"from":{"id":8560545483,"is_bot":true,"first_name":"\u82cf\u8fea\u5c0f\u80d6\ud83d\udc37M4","username":"openclaw_test_2026_bot"},"chat":{"id":-1003727098894,"title":"M4 \u76d1\u5de5\u7fa4","type":"supergroup"},"date":1773469175,"text":"\ud83d\udcca \u7cfb\u7edf\u72b6\u6001 03/14 15:19\n\n| \u9879\u76ee | \u72b6\u6001 |\n| :--- | :--- |\n| Nexus \u8282\u70b9 | \u2705 12\u8282\u70b9(\u8fd0\u884c00:31) |\n| Fortytwo Agent | \u2705 \u5fc3\u8df315:19|\u6d3b\u8dc3 |\n| Fortytwo \u7ec8\u7aef | \u2705 \u4f59\u989d717 |\n\n\u2501\u2501\u2501\u2501\u2501\u2501\u2501\u2501\u2501\u2501\u2501\u2501\u2501\u2501\u2501\u2501\u2501\u2501\u2501\u2501","entities":[{"offset":3,"length":4,"type":"bold"}]}}📊 *系统状态* 03/14 16:19

| 项目 | 状态 |
| :--- | :--- |
| Nexus 节点 | ✅ 12节点(运行00:40) |
| Fortytwo Agent | ✅ 心跳16:19|活跃3 |
| Fortytwo 终端 | ✅ 余额717 |

━━━━━━━━━━━━━━━━━━━━
{"ok":true,"result":{"message_id":762,"from":{"id":8560545483,"is_bot":true,"first_name":"\u82cf\u8fea\u5c0f\u80d6\ud83d\udc37M4","username":"openclaw_test_2026_bot"},"chat":{"id":-1003727098894,"title":"M4 \u76d1\u5de5\u7fa4","type":"supergroup"},"date":1773472777,"text":"\ud83d\udcca \u7cfb\u7edf\u72b6\u6001 03/14 16:19\n\n| \u9879\u76ee | \u72b6\u6001 |\n| :--- | :--- |\n| Nexus \u8282\u70b9 | \u2705 12\u8282\u70b9(\u8fd0\u884c00:40) |\n| Fortytwo Agent | \u2705 \u5fc3\u8df316:19|\u6d3b\u8dc33 |\n| Fortytwo \u7ec8\u7aef | \u2705 \u4f59\u989d717 |\n\n\u2501\u2501\u2501\u2501\u2501\u2501\u2501\u2501\u2501\u2501\u2501\u2501\u2501\u2501\u2501\u2501\u2501\u2501\u2501\u2501","entities":[{"offset":3,"length":4,"type":"bold"}]}}📊 *系统状态* 03/14 17:19

| 项目 | 状态 |
| :--- | :--- |
| Nexus 节点 | ✅ 11节点(运行00:32) |
| Fortytwo Agent | ✅ 心跳17:19|活跃4 |
| Fortytwo 终端 | ✅ 余额717 |

━━━━━━━━━━━━━━━━━━━━
{"ok":true,"result":{"message_id":763,"from":{"id":8560545483,"is_bot":true,"first_name":"\u82cf\u8fea\u5c0f\u80d6\ud83d\udc37M4","username":"openclaw_test_2026_bot"},"chat":{"id":-1003727098894,"title":"M4 \u76d1\u5de5\u7fa4","type":"supergroup"},"date":1773476378,"text":"\ud83d\udcca \u7cfb\u7edf\u72b6\u6001 03/14 17:19\n\n| \u9879\u76ee | \u72b6\u6001 |\n| :--- | :--- |\n| Nexus \u8282\u70b9 | \u2705 11\u8282\u70b9(\u8fd0\u884c00:32) |\n| Fortytwo Agent | \u2705 \u5fc3\u8df317:19|\u6d3b\u8dc34 |\n| Fortytwo \u7ec8\u7aef | \u2705 \u4f59\u989d717 |\n\n\u2501\u2501\u2501\u2501\u2501\u2501\u2501\u2501\u2501\u2501\u2501\u2501\u2501\u2501\u2501\u2501\u2501\u2501\u2501\u2501","entities":[{"offset":3,"length":4,"type":"bold"}]}}📊 *系统状态* 03/14 18:19

| 项目 | 状态 |
| :--- | :--- |
| Nexus 节点 | ✅ 12节点(运行00:39) |
| Fortytwo Agent | ✅ 心跳18:19|活跃 |
| Fortytwo 终端 | ✅ 余额717 |

━━━━━━━━━━━━━━━━━━━━
{"ok":true,"result":{"message_id":766,"from":{"id":8560545483,"is_bot":true,"first_name":"\u82cf\u8fea\u5c0f\u80d6\ud83d\udc37M4","username":"openclaw_test_2026_bot"},"chat":{"id":-1003727098894,"title":"M4 \u76d1\u5de5\u7fa4","type":"supergroup"},"date":1773479980,"text":"\ud83d\udcca \u7cfb\u7edf\u72b6\u6001 03/14 18:19\n\n| \u9879\u76ee | \u72b6\u6001 |\n| :--- | :--- |\n| Nexus \u8282\u70b9 | \u2705 12\u8282\u70b9(\u8fd0\u884c00:39) |\n| Fortytwo Agent | \u2705 \u5fc3\u8df318:19|\u6d3b\u8dc3 |\n| Fortytwo \u7ec8\u7aef | \u2705 \u4f59\u989d717 |\n\n\u2501\u2501\u2501\u2501\u2501\u2501\u2501\u2501\u2501\u2501\u2501\u2501\u2501\u2501\u2501\u2501\u2501\u2501\u2501\u2501","entities":[{"offset":3,"length":4,"type":"bold"}]}}📊 *系统状态* 03/14 19:19

| 项目 | 状态 |
| :--- | :--- |
| Nexus 节点 | ✅ 11节点(运行00:40) |
| Fortytwo Agent | ✅ 心跳19:19|活跃8 |
| Fortytwo 终端 | ✅ 余额717 |

━━━━━━━━━━━━━━━━━━━━
{"ok":true,"result":{"message_id":767,"from":{"id":8560545483,"is_bot":true,"first_name":"\u82cf\u8fea\u5c0f\u80d6\ud83d\udc37M4","username":"openclaw_test_2026_bot"},"chat":{"id":-1003727098894,"title":"M4 \u76d1\u5de5\u7fa4","type":"supergroup"},"date":1773483581,"text":"\ud83d\udcca \u7cfb\u7edf\u72b6\u6001 03/14 19:19\n\n| \u9879\u76ee | \u72b6\u6001 |\n| :--- | :--- |\n| Nexus \u8282\u70b9 | \u2705 11\u8282\u70b9(\u8fd0\u884c00:40) |\n| Fortytwo Agent | \u2705 \u5fc3\u8df319:19|\u6d3b\u8dc38 |\n| Fortytwo \u7ec8\u7aef | \u2705 \u4f59\u989d717 |\n\n\u2501\u2501\u2501\u2501\u2501\u2501\u2501\u2501\u2501\u2501\u2501\u2501\u2501\u2501\u2501\u2501\u2501\u2501\u2501\u2501","entities":[{"offset":3,"length":4,"type":"bold"}]}}📊 *系统状态* 03/14 20:19

| 项目 | 状态 |
| :--- | :--- |
| Nexus 节点 | ✅ 12节点(运行00:26) |
| Fortytwo Agent | ✅ 心跳20:18|活跃4 |
| Fortytwo 终端 | ✅ 余额717 |

━━━━━━━━━━━━━━━━━━━━
{"ok":true,"result":{"message_id":770,"from":{"id":8560545483,"is_bot":true,"first_name":"\u82cf\u8fea\u5c0f\u80d6\ud83d\udc37M4","username":"openclaw_test_2026_bot"},"chat":{"id":-1003727098894,"title":"M4 \u76d1\u5de5\u7fa4","type":"supergroup"},"date":1773487183,"text":"\ud83d\udcca \u7cfb\u7edf\u72b6\u6001 03/14 20:19\n\n| \u9879\u76ee | \u72b6\u6001 |\n| :--- | :--- |\n| Nexus \u8282\u70b9 | \u2705 12\u8282\u70b9(\u8fd0\u884c00:26) |\n| Fortytwo Agent | \u2705 \u5fc3\u8df320:18|\u6d3b\u8dc34 |\n| Fortytwo \u7ec8\u7aef | \u2705 \u4f59\u989d717 |\n\n\u2501\u2501\u2501\u2501\u2501\u2501\u2501\u2501\u2501\u2501\u2501\u2501\u2501\u2501\u2501\u2501\u2501\u2501\u2501\u2501","entities":[{"offset":3,"length":4,"type":"bold"}]}}📊 *系统状态* 03/21 15:24

| 项目 | 状态 |
| :--- | :--- |
| Nexus 节点 | ✅ 12节点(运行10:49:38) |
| Fortytwo Agent | ✅ 心跳15:24|活跃 |
| Fortytwo 终端 | ✅ 余额717 |

━━━━━━━━━━━━━━━━━━━━
{"ok":true,"result":{"message_id":1371,"from":{"id":8560545483,"is_bot":true,"first_name":"\u82cf\u8fea\u5c0f\u80d6\ud83d\udc37M4","username":"openclaw_test_2026_bot"},"chat":{"id":-1003727098894,"title":"M4 \u76d1\u5de5\u7fa4","type":"supergroup"},"date":1774074275,"text":"\ud83d\udcca \u7cfb\u7edf\u72b6\u6001 03/21 15:24\n\n| \u9879\u76ee | \u72b6\u6001 |\n| :--- | :--- |\n| Nexus \u8282\u70b9 | \u2705 12\u8282\u70b9(\u8fd0\u884c10:49:38) |\n| Fortytwo Agent | \u2705 \u5fc3\u8df315:24|\u6d3b\u8dc3 |\n| Fortytwo \u7ec8\u7aef | \u2705 \u4f59\u989d717 |\n\n\u2501\u2501\u2501\u2501\u2501\u2501\u2501\u2501\u2501\u2501\u2501\u2501\u2501\u2501\u2501\u2501\u2501\u2501\u2501\u2501","entities":[{"offset":3,"length":4,"type":"bold"}]}}📊 *系统状态* 03/21 16:24

| 项目 | 状态 |
| :--- | :--- |
| Nexus 节点 | ✅ 12节点(运行11:49:40) |
| Fortytwo Agent | ✅ 心跳16:24|活跃 |
| Fortytwo 终端 | ✅ 余额717 |

━━━━━━━━━━━━━━━━━━━━
{"ok":true,"result":{"message_id":1374,"from":{"id":8560545483,"is_bot":true,"first_name":"\u82cf\u8fea\u5c0f\u80d6\ud83d\udc37M4","username":"openclaw_test_2026_bot"},"chat":{"id":-1003727098894,"title":"M4 \u76d1\u5de5\u7fa4","type":"supergroup"},"date":1774077876,"text":"\ud83d\udcca \u7cfb\u7edf\u72b6\u6001 03/21 16:24\n\n| \u9879\u76ee | \u72b6\u6001 |\n| :--- | :--- |\n| Nexus \u8282\u70b9 | \u2705 12\u8282\u70b9(\u8fd0\u884c11:49:40) |\n| Fortytwo Agent | \u2705 \u5fc3\u8df316:24|\u6d3b\u8dc3 |\n| Fortytwo \u7ec8\u7aef | \u2705 \u4f59\u989d717 |\n\n\u2501\u2501\u2501\u2501\u2501\u2501\u2501\u2501\u2501\u2501\u2501\u2501\u2501\u2501\u2501\u2501\u2501\u2501\u2501\u2501","entities":[{"offset":3,"length":4,"type":"bold"}]}}📊 *系统状态* 03/21 17:24

| 项目 | 状态 |
| :--- | :--- |
| Nexus 节点 | ✅ 12节点(运行12:49:41) |
| Fortytwo Agent | ✅ 心跳17:24|活跃 |
| Fortytwo 终端 | ✅ 余额717 |

━━━━━━━━━━━━━━━━━━━━
{"ok":true,"result":{"message_id":1375,"from":{"id":8560545483,"is_bot":true,"first_name":"\u82cf\u8fea\u5c0f\u80d6\ud83d\udc37M4","username":"openclaw_test_2026_bot"},"chat":{"id":-1003727098894,"title":"M4 \u76d1\u5de5\u7fa4","type":"supergroup"},"date":1774081478,"text":"\ud83d\udcca \u7cfb\u7edf\u72b6\u6001 03/21 17:24\n\n| \u9879\u76ee | \u72b6\u6001 |\n| :--- | :--- |\n| Nexus \u8282\u70b9 | \u2705 12\u8282\u70b9(\u8fd0\u884c12:49:41) |\n| Fortytwo Agent | \u2705 \u5fc3\u8df317:24|\u6d3b\u8dc3 |\n| Fortytwo \u7ec8\u7aef | \u2705 \u4f59\u989d717 |\n\n\u2501\u2501\u2501\u2501\u2501\u2501\u2501\u2501\u2501\u2501\u2501\u2501\u2501\u2501\u2501\u2501\u2501\u2501\u2501\u2501","entities":[{"offset":3,"length":4,"type":"bold"}]}}📊 *系统状态* 03/21 18:24

| 项目 | 状态 |
| :--- | :--- |
| Nexus 节点 | ✅ 12节点(运行13:49:43) |
| Fortytwo Agent | ✅ 心跳18:24|活跃 |
| Fortytwo 终端 | ✅ 余额717 |

━━━━━━━━━━━━━━━━━━━━
{"ok":true,"result":{"message_id":1378,"from":{"id":8560545483,"is_bot":true,"first_name":"\u82cf\u8fea\u5c0f\u80d6\ud83d\udc37M4","username":"openclaw_test_2026_bot"},"chat":{"id":-1003727098894,"title":"M4 \u76d1\u5de5\u7fa4","type":"supergroup"},"date":1774085079,"text":"\ud83d\udcca \u7cfb\u7edf\u72b6\u6001 03/21 18:24\n\n| \u9879\u76ee | \u72b6\u6001 |\n| :--- | :--- |\n| Nexus \u8282\u70b9 | \u2705 12\u8282\u70b9(\u8fd0\u884c13:49:43) |\n| Fortytwo Agent | \u2705 \u5fc3\u8df318:24|\u6d3b\u8dc3 |\n| Fortytwo \u7ec8\u7aef | \u2705 \u4f59\u989d717 |\n\n\u2501\u2501\u2501\u2501\u2501\u2501\u2501\u2501\u2501\u2501\u2501\u2501\u2501\u2501\u2501\u2501\u2501\u2501\u2501\u2501","entities":[{"offset":3,"length":4,"type":"bold"}]}}📊 *系统状态* 03/21 19:24

| 项目 | 状态 |
| :--- | :--- |
| Nexus 节点 | ✅ 12节点(运行00:30) |
| Fortytwo Agent | ✅ 心跳19:24|活跃 |
| Fortytwo 终端 | ✅ 余额717 |

━━━━━━━━━━━━━━━━━━━━
{"ok":true,"result":{"message_id":1379,"from":{"id":8560545483,"is_bot":true,"first_name":"\u82cf\u8fea\u5c0f\u80d6\ud83d\udc37M4","username":"openclaw_test_2026_bot"},"chat":{"id":-1003727098894,"title":"M4 \u76d1\u5de5\u7fa4","type":"supergroup"},"date":1774088681,"text":"\ud83d\udcca \u7cfb\u7edf\u72b6\u6001 03/21 19:24\n\n| \u9879\u76ee | \u72b6\u6001 |\n| :--- | :--- |\n| Nexus \u8282\u70b9 | \u2705 12\u8282\u70b9(\u8fd0\u884c00:30) |\n| Fortytwo Agent | \u2705 \u5fc3\u8df319:24|\u6d3b\u8dc3 |\n| Fortytwo \u7ec8\u7aef | \u2705 \u4f59\u989d717 |\n\n\u2501\u2501\u2501\u2501\u2501\u2501\u2501\u2501\u2501\u2501\u2501\u2501\u2501\u2501\u2501\u2501\u2501\u2501\u2501\u2501","entities":[{"offset":3,"length":4,"type":"bold"}]}}📊 *系统状态* 03/21 20:24

| 项目 | 状态 |
| :--- | :--- |
| Nexus 节点 | ✅ 12节点(运行15:49:46) |
| Fortytwo Agent | ✅ 心跳20:24|活跃 |
| Fortytwo 终端 | ✅ 余额717 |

━━━━━━━━━━━━━━━━━━━━
{"ok":true,"result":{"message_id":1382,"from":{"id":8560545483,"is_bot":true,"first_name":"\u82cf\u8fea\u5c0f\u80d6\ud83d\udc37M4","username":"openclaw_test_2026_bot"},"chat":{"id":-1003727098894,"title":"M4 \u76d1\u5de5\u7fa4","type":"supergroup"},"date":1774092283,"text":"\ud83d\udcca \u7cfb\u7edf\u72b6\u6001 03/21 20:24\n\n| \u9879\u76ee | \u72b6\u6001 |\n| :--- | :--- |\n| Nexus \u8282\u70b9 | \u2705 12\u8282\u70b9(\u8fd0\u884c15:49:46) |\n| Fortytwo Agent | \u2705 \u5fc3\u8df320:24|\u6d3b\u8dc3 |\n| Fortytwo \u7ec8\u7aef | \u2705 \u4f59\u989d717 |\n\n\u2501\u2501\u2501\u2501\u2501\u2501\u2501\u2501\u2501\u2501\u2501\u2501\u2501\u2501\u2501\u2501\u2501\u2501\u2501\u2501","entities":[{"offset":3,"length":4,"type":"bold"}]}}📊 *系统状态* 03/21 21:24

| 项目 | 状态 |
| :--- | :--- |
| Nexus 节点 | ✅ 12节点(运行16:49:48) |
| Fortytwo Agent | ✅ 心跳21:24|活跃 |
| Fortytwo 终端 | ✅ 余额717 |

━━━━━━━━━━━━━━━━━━━━
{"ok":true,"result":{"message_id":1383,"from":{"id":8560545483,"is_bot":true,"first_name":"\u82cf\u8fea\u5c0f\u80d6\ud83d\udc37M4","username":"openclaw_test_2026_bot"},"chat":{"id":-1003727098894,"title":"M4 \u76d1\u5de5\u7fa4","type":"supergroup"},"date":1774095884,"text":"\ud83d\udcca \u7cfb\u7edf\u72b6\u6001 03/21 21:24\n\n| \u9879\u76ee | \u72b6\u6001 |\n| :--- | :--- |\n| Nexus \u8282\u70b9 | \u2705 12\u8282\u70b9(\u8fd0\u884c16:49:48) |\n| Fortytwo Agent | \u2705 \u5fc3\u8df321:24|\u6d3b\u8dc3 |\n| Fortytwo \u7ec8\u7aef | \u2705 \u4f59\u989d717 |\n\n\u2501\u2501\u2501\u2501\u2501\u2501\u2501\u2501\u2501\u2501\u2501\u2501\u2501\u2501\u2501\u2501\u2501\u2501\u2501\u2501","entities":[{"offset":3,"length":4,"type":"bold"}]}}📊 *系统状态* 03/21 22:24

| 项目 | 状态 |
| :--- | :--- |
| Nexus 节点 | ✅ 12节点(运行27:47) |
| Fortytwo Agent | ✅ 心跳22:23|活跃 |
| Fortytwo 终端 | ✅ 余额717 |

━━━━━━━━━━━━━━━━━━━━
{"ok":true,"result":{"message_id":1386,"from":{"id":8560545483,"is_bot":true,"first_name":"\u82cf\u8fea\u5c0f\u80d6\ud83d\udc37M4","username":"openclaw_test_2026_bot"},"chat":{"id":-1003727098894,"title":"M4 \u76d1\u5de5\u7fa4","type":"supergroup"},"date":1774099486,"text":"\ud83d\udcca \u7cfb\u7edf\u72b6\u6001 03/21 22:24\n\n| \u9879\u76ee | \u72b6\u6001 |\n| :--- | :--- |\n| Nexus \u8282\u70b9 | \u2705 12\u8282\u70b9(\u8fd0\u884c27:47) |\n| Fortytwo Agent | \u2705 \u5fc3\u8df322:23|\u6d3b\u8dc3 |\n| Fortytwo \u7ec8\u7aef | \u2705 \u4f59\u989d717 |\n\n\u2501\u2501\u2501\u2501\u2501\u2501\u2501\u2501\u2501\u2501\u2501\u2501\u2501\u2501\u2501\u2501\u2501\u2501\u2501\u2501","entities":[{"offset":3,"length":4,"type":"bold"}]}}📊 *系统状态* 03/21 23:24

| 项目 | 状态 |
| :--- | :--- |
| Nexus 节点 | ✅ 12节点(运行01:27:48) |
| Fortytwo Agent | ✅ 心跳23:23|活跃 |
| Fortytwo 终端 | ✅ 余额717 |

━━━━━━━━━━━━━━━━━━━━
{"ok":true,"result":{"message_id":1387,"from":{"id":8560545483,"is_bot":true,"first_name":"\u82cf\u8fea\u5c0f\u80d6\ud83d\udc37M4","username":"openclaw_test_2026_bot"},"chat":{"id":-1003727098894,"title":"M4 \u76d1\u5de5\u7fa4","type":"supergroup"},"date":1774103090,"text":"\ud83d\udcca \u7cfb\u7edf\u72b6\u6001 03/21 23:24\n\n| \u9879\u76ee | \u72b6\u6001 |\n| :--- | :--- |\n| Nexus \u8282\u70b9 | \u2705 12\u8282\u70b9(\u8fd0\u884c01:27:48) |\n| Fortytwo Agent | \u2705 \u5fc3\u8df323:23|\u6d3b\u8dc3 |\n| Fortytwo \u7ec8\u7aef | \u2705 \u4f59\u989d717 |\n\n\u2501\u2501\u2501\u2501\u2501\u2501\u2501\u2501\u2501\u2501\u2501\u2501\u2501\u2501\u2501\u2501\u2501\u2501\u2501\u2501","entities":[{"offset":3,"length":4,"type":"bold"}]}}📊 *系统状态* 03/22 00:24

| 项目 | 状态 |
| :--- | :--- |
| Nexus 节点 | ✅ 12节点(运行02:27:52) |
| Fortytwo Agent | ✅ 心跳00:24|活跃 |
| Fortytwo 终端 | ✅ 余额717 |

━━━━━━━━━━━━━━━━━━━━
{"ok":true,"result":{"message_id":1390,"from":{"id":8560545483,"is_bot":true,"first_name":"\u82cf\u8fea\u5c0f\u80d6\ud83d\udc37M4","username":"openclaw_test_2026_bot"},"chat":{"id":-1003727098894,"title":"M4 \u76d1\u5de5\u7fa4","type":"supergroup"},"date":1774106692,"text":"\ud83d\udcca \u7cfb\u7edf\u72b6\u6001 03/22 00:24\n\n| \u9879\u76ee | \u72b6\u6001 |\n| :--- | :--- |\n| Nexus \u8282\u70b9 | \u2705 12\u8282\u70b9(\u8fd0\u884c02:27:52) |\n| Fortytwo Agent | \u2705 \u5fc3\u8df300:24|\u6d3b\u8dc3 |\n| Fortytwo \u7ec8\u7aef | \u2705 \u4f59\u989d717 |\n\n\u2501\u2501\u2501\u2501\u2501\u2501\u2501\u2501\u2501\u2501\u2501\u2501\u2501\u2501\u2501\u2501\u2501\u2501\u2501\u2501","entities":[{"offset":3,"length":4,"type":"bold"}]}}📊 *系统状态* 03/22 01:24

| 项目 | 状态 |
| :--- | :--- |
| Nexus 节点 | ✅ 12节点(运行03:27:54) |
| Fortytwo Agent | ✅ 心跳01:24|活跃 |
| Fortytwo 终端 | ✅ 余额717 |

━━━━━━━━━━━━━━━━━━━━
{"ok":true,"result":{"message_id":1391,"from":{"id":8560545483,"is_bot":true,"first_name":"\u82cf\u8fea\u5c0f\u80d6\ud83d\udc37M4","username":"openclaw_test_2026_bot"},"chat":{"id":-1003727098894,"title":"M4 \u76d1\u5de5\u7fa4","type":"supergroup"},"date":1774110293,"text":"\ud83d\udcca \u7cfb\u7edf\u72b6\u6001 03/22 01:24\n\n| \u9879\u76ee | \u72b6\u6001 |\n| :--- | :--- |\n| Nexus \u8282\u70b9 | \u2705 12\u8282\u70b9(\u8fd0\u884c03:27:54) |\n| Fortytwo Agent | \u2705 \u5fc3\u8df301:24|\u6d3b\u8dc3 |\n| Fortytwo \u7ec8\u7aef | \u2705 \u4f59\u989d717 |\n\n\u2501\u2501\u2501\u2501\u2501\u2501\u2501\u2501\u2501\u2501\u2501\u2501\u2501\u2501\u2501\u2501\u2501\u2501\u2501\u2501","entities":[{"offset":3,"length":4,"type":"bold"}]}}📊 *系统状态* 03/22 02:24

| 项目 | 状态 |
| :--- | :--- |
| Nexus 节点 | ✅ 12节点(运行04:27:55) |
| Fortytwo Agent | ✅ 心跳02:24|活跃 |
| Fortytwo 终端 | ✅ 余额717 |

━━━━━━━━━━━━━━━━━━━━
📊 *系统状态* 03/22 03:24

| 项目 | 状态 |
| :--- | :--- |
| Nexus 节点 | ✅ 12节点(运行00:26) |
| Fortytwo Agent | ✅ 心跳03:24|活跃 |
| Fortytwo 终端 | ✅ 余额717 |

━━━━━━━━━━━━━━━━━━━━
{"ok":true,"result":{"message_id":1394,"from":{"id":8560545483,"is_bot":true,"first_name":"\u82cf\u8fea\u5c0f\u80d6\ud83d\udc37M4","username":"openclaw_test_2026_bot"},"chat":{"id":-1003727098894,"title":"M4 \u76d1\u5de5\u7fa4","type":"supergroup"},"date":1774117496,"text":"\ud83d\udcca \u7cfb\u7edf\u72b6\u6001 03/22 03:24\n\n| \u9879\u76ee | \u72b6\u6001 |\n| :--- | :--- |\n| Nexus \u8282\u70b9 | \u2705 12\u8282\u70b9(\u8fd0\u884c00:26) |\n| Fortytwo Agent | \u2705 \u5fc3\u8df303:24|\u6d3b\u8dc3 |\n| Fortytwo \u7ec8\u7aef | \u2705 \u4f59\u989d717 |\n\n\u2501\u2501\u2501\u2501\u2501\u2501\u2501\u2501\u2501\u2501\u2501\u2501\u2501\u2501\u2501\u2501\u2501\u2501\u2501\u2501","entities":[{"offset":3,"length":4,"type":"bold"}]}}📊 *系统状态* 03/22 04:24

| 项目 | 状态 |
| :--- | :--- |
| Nexus 节点 | ✅ 12节点(运行00:20) |
| Fortytwo Agent | ✅ 心跳04:24|活跃 |
| Fortytwo 终端 | ✅ 余额717 |

━━━━━━━━━━━━━━━━━━━━
{"ok":true,"result":{"message_id":1397,"from":{"id":8560545483,"is_bot":true,"first_name":"\u82cf\u8fea\u5c0f\u80d6\ud83d\udc37M4","username":"openclaw_test_2026_bot"},"chat":{"id":-1003727098894,"title":"M4 \u76d1\u5de5\u7fa4","type":"supergroup"},"date":1774121098,"text":"\ud83d\udcca \u7cfb\u7edf\u72b6\u6001 03/22 04:24\n\n| \u9879\u76ee | \u72b6\u6001 |\n| :--- | :--- |\n| Nexus \u8282\u70b9 | \u2705 12\u8282\u70b9(\u8fd0\u884c00:20) |\n| Fortytwo Agent | \u2705 \u5fc3\u8df304:24|\u6d3b\u8dc3 |\n| Fortytwo \u7ec8\u7aef | \u2705 \u4f59\u989d717 |\n\n\u2501\u2501\u2501\u2501\u2501\u2501\u2501\u2501\u2501\u2501\u2501\u2501\u2501\u2501\u2501\u2501\u2501\u2501\u2501\u2501","entities":[{"offset":3,"length":4,"type":"bold"}]}}📊 *系统状态* 03/22 05:24

| 项目 | 状态 |
| :--- | :--- |
| Nexus 节点 | ✅ 12节点(运行00:26) |
| Fortytwo Agent | ✅ 心跳05:24|活跃 |
| Fortytwo 终端 | ✅ 余额717 |

━━━━━━━━━━━━━━━━━━━━
{"ok":true,"result":{"message_id":1398,"from":{"id":8560545483,"is_bot":true,"first_name":"\u82cf\u8fea\u5c0f\u80d6\ud83d\udc37M4","username":"openclaw_test_2026_bot"},"chat":{"id":-1003727098894,"title":"M4 \u76d1\u5de5\u7fa4","type":"supergroup"},"date":1774124700,"text":"\ud83d\udcca \u7cfb\u7edf\u72b6\u6001 03/22 05:24\n\n| \u9879\u76ee | \u72b6\u6001 |\n| :--- | :--- |\n| Nexus \u8282\u70b9 | \u2705 12\u8282\u70b9(\u8fd0\u884c00:26) |\n| Fortytwo Agent | \u2705 \u5fc3\u8df305:24|\u6d3b\u8dc3 |\n| Fortytwo \u7ec8\u7aef | \u2705 \u4f59\u989d717 |\n\n\u2501\u2501\u2501\u2501\u2501\u2501\u2501\u2501\u2501\u2501\u2501\u2501\u2501\u2501\u2501\u2501\u2501\u2501\u2501\u2501","entities":[{"offset":3,"length":4,"type":"bold"}]}}📊 *系统状态* 03/22 06:25

| 项目 | 状态 |
| :--- | :--- |
| Nexus 节点 | ✅ 12节点(运行08:28:02) |
| Fortytwo Agent | ✅ 心跳06:24|活跃1 |
| Fortytwo 终端 | ✅ 余额717 |

━━━━━━━━━━━━━━━━━━━━
{"ok":true,"result":{"message_id":1403,"from":{"id":8560545483,"is_bot":true,"first_name":"\u82cf\u8fea\u5c0f\u80d6\ud83d\udc37M4","username":"openclaw_test_2026_bot"},"chat":{"id":-1003727098894,"title":"M4 \u76d1\u5de5\u7fa4","type":"supergroup"},"date":1774128301,"text":"\ud83d\udcca \u7cfb\u7edf\u72b6\u6001 03/22 06:25\n\n| \u9879\u76ee | \u72b6\u6001 |\n| :--- | :--- |\n| Nexus \u8282\u70b9 | \u2705 12\u8282\u70b9(\u8fd0\u884c08:28:02) |\n| Fortytwo Agent | \u2705 \u5fc3\u8df306:24|\u6d3b\u8dc31 |\n| Fortytwo \u7ec8\u7aef | \u2705 \u4f59\u989d717 |\n\n\u2501\u2501\u2501\u2501\u2501\u2501\u2501\u2501\u2501\u2501\u2501\u2501\u2501\u2501\u2501\u2501\u2501\u2501\u2501\u2501","entities":[{"offset":3,"length":4,"type":"bold"}]}}📊 *系统状态* 03/22 07:25

| 项目 | 状态 |
| :--- | :--- |
| Nexus 节点 | ✅ 11节点(运行09:28:04) |
| Fortytwo Agent | ✅ 心跳07:24|活跃 |
| Fortytwo 终端 | ✅ 余额717 |

━━━━━━━━━━━━━━━━━━━━
{"ok":true,"result":{"message_id":1404,"from":{"id":8560545483,"is_bot":true,"first_name":"\u82cf\u8fea\u5c0f\u80d6\ud83d\udc37M4","username":"openclaw_test_2026_bot"},"chat":{"id":-1003727098894,"title":"M4 \u76d1\u5de5\u7fa4","type":"supergroup"},"date":1774131903,"text":"\ud83d\udcca \u7cfb\u7edf\u72b6\u6001 03/22 07:25\n\n| \u9879\u76ee | \u72b6\u6001 |\n| :--- | :--- |\n| Nexus \u8282\u70b9 | \u2705 11\u8282\u70b9(\u8fd0\u884c09:28:04) |\n| Fortytwo Agent | \u2705 \u5fc3\u8df307:24|\u6d3b\u8dc3 |\n| Fortytwo \u7ec8\u7aef | \u2705 \u4f59\u989d717 |\n\n\u2501\u2501\u2501\u2501\u2501\u2501\u2501\u2501\u2501\u2501\u2501\u2501\u2501\u2501\u2501\u2501\u2501\u2501\u2501\u2501","entities":[{"offset":3,"length":4,"type":"bold"}]}}📊 *系统状态* 03/22 08:25

| 项目 | 状态 |
| :--- | :--- |
| Nexus 节点 | ✅ 12节点(运行10:28:05) |
| Fortytwo Agent | ✅ 心跳08:25|活跃 |
| Fortytwo 终端 | ✅ 余额717 |

━━━━━━━━━━━━━━━━━━━━
{"ok":true,"result":{"message_id":1407,"from":{"id":8560545483,"is_bot":true,"first_name":"\u82cf\u8fea\u5c0f\u80d6\ud83d\udc37M4","username":"openclaw_test_2026_bot"},"chat":{"id":-1003727098894,"title":"M4 \u76d1\u5de5\u7fa4","type":"supergroup"},"date":1774135505,"text":"\ud83d\udcca \u7cfb\u7edf\u72b6\u6001 03/22 08:25\n\n| \u9879\u76ee | \u72b6\u6001 |\n| :--- | :--- |\n| Nexus \u8282\u70b9 | \u2705 12\u8282\u70b9(\u8fd0\u884c10:28:05) |\n| Fortytwo Agent | \u2705 \u5fc3\u8df308:25|\u6d3b\u8dc3 |\n| Fortytwo \u7ec8\u7aef | \u2705 \u4f59\u989d717 |\n\n\u2501\u2501\u2501\u2501\u2501\u2501\u2501\u2501\u2501\u2501\u2501\u2501\u2501\u2501\u2501\u2501\u2501\u2501\u2501\u2501","entities":[{"offset":3,"length":4,"type":"bold"}]}}📊 *系统状态* 03/22 09:25

| 项目 | 状态 |
| :--- | :--- |
| Nexus 节点 | ✅ 12节点(运行11:28:07) |
| Fortytwo Agent | ✅ 心跳09:24|活跃 |
| Fortytwo 终端 | ✅ 余额717 |

━━━━━━━━━━━━━━━━━━━━
{"ok":true,"result":{"message_id":1408,"from":{"id":8560545483,"is_bot":true,"first_name":"\u82cf\u8fea\u5c0f\u80d6\ud83d\udc37M4","username":"openclaw_test_2026_bot"},"chat":{"id":-1003727098894,"title":"M4 \u76d1\u5de5\u7fa4","type":"supergroup"},"date":1774139106,"text":"\ud83d\udcca \u7cfb\u7edf\u72b6\u6001 03/22 09:25\n\n| \u9879\u76ee | \u72b6\u6001 |\n| :--- | :--- |\n| Nexus \u8282\u70b9 | \u2705 12\u8282\u70b9(\u8fd0\u884c11:28:07) |\n| Fortytwo Agent | \u2705 \u5fc3\u8df309:24|\u6d3b\u8dc3 |\n| Fortytwo \u7ec8\u7aef | \u2705 \u4f59\u989d717 |\n\n\u2501\u2501\u2501\u2501\u2501\u2501\u2501\u2501\u2501\u2501\u2501\u2501\u2501\u2501\u2501\u2501\u2501\u2501\u2501\u2501","entities":[{"offset":3,"length":4,"type":"bold"}]}}📊 *系统状态* 03/22 10:25

| 项目 | 状态 |
| :--- | :--- |
| Nexus 节点 | ✅ 12节点(运行12:28:09) |
| Fortytwo Agent | ✅ 心跳10:24|活跃 |
| Fortytwo 终端 | ✅ 余额717 |

━━━━━━━━━━━━━━━━━━━━
{"ok":true,"result":{"message_id":1411,"from":{"id":8560545483,"is_bot":true,"first_name":"\u82cf\u8fea\u5c0f\u80d6\ud83d\udc37M4","username":"openclaw_test_2026_bot"},"chat":{"id":-1003727098894,"title":"M4 \u76d1\u5de5\u7fa4","type":"supergroup"},"date":1774142708,"text":"\ud83d\udcca \u7cfb\u7edf\u72b6\u6001 03/22 10:25\n\n| \u9879\u76ee | \u72b6\u6001 |\n| :--- | :--- |\n| Nexus \u8282\u70b9 | \u2705 12\u8282\u70b9(\u8fd0\u884c12:28:09) |\n| Fortytwo Agent | \u2705 \u5fc3\u8df310:24|\u6d3b\u8dc3 |\n| Fortytwo \u7ec8\u7aef | \u2705 \u4f59\u989d717 |\n\n\u2501\u2501\u2501\u2501\u2501\u2501\u2501\u2501\u2501\u2501\u2501\u2501\u2501\u2501\u2501\u2501\u2501\u2501\u2501\u2501","entities":[{"offset":3,"length":4,"type":"bold"}]}}📊 *系统状态* 03/22 11:25

| 项目 | 状态 |
| :--- | :--- |
| Nexus 节点 | ✅ 12节点(运行00:20) |
| Fortytwo Agent | ✅ 心跳11:24|活跃 |
| Fortytwo 终端 | ✅ 余额717 |

━━━━━━━━━━━━━━━━━━━━
{"ok":true,"result":{"message_id":1412,"from":{"id":8560545483,"is_bot":true,"first_name":"\u82cf\u8fea\u5c0f\u80d6\ud83d\udc37M4","username":"openclaw_test_2026_bot"},"chat":{"id":-1003727098894,"title":"M4 \u76d1\u5de5\u7fa4","type":"supergroup"},"date":1774146309,"text":"\ud83d\udcca \u7cfb\u7edf\u72b6\u6001 03/22 11:25\n\n| \u9879\u76ee | \u72b6\u6001 |\n| :--- | :--- |\n| Nexus \u8282\u70b9 | \u2705 12\u8282\u70b9(\u8fd0\u884c00:20) |\n| Fortytwo Agent | \u2705 \u5fc3\u8df311:24|\u6d3b\u8dc3 |\n| Fortytwo \u7ec8\u7aef | \u2705 \u4f59\u989d717 |\n\n\u2501\u2501\u2501\u2501\u2501\u2501\u2501\u2501\u2501\u2501\u2501\u2501\u2501\u2501\u2501\u2501\u2501\u2501\u2501\u2501","entities":[{"offset":3,"length":4,"type":"bold"}]}}📊 *系统状态* 03/22 12:25

| 项目 | 状态 |
| :--- | :--- |
| Nexus 节点 | ✅ 10节点(运行00:19) |
| Fortytwo Agent | ✅ 心跳12:24|活跃 |
| Fortytwo 终端 | ✅ 余额717 |

━━━━━━━━━━━━━━━━━━━━
{"ok":true,"result":{"message_id":1415,"from":{"id":8560545483,"is_bot":true,"first_name":"\u82cf\u8fea\u5c0f\u80d6\ud83d\udc37M4","username":"openclaw_test_2026_bot"},"chat":{"id":-1003727098894,"title":"M4 \u76d1\u5de5\u7fa4","type":"supergroup"},"date":1774149911,"text":"\ud83d\udcca \u7cfb\u7edf\u72b6\u6001 03/22 12:25\n\n| \u9879\u76ee | \u72b6\u6001 |\n| :--- | :--- |\n| Nexus \u8282\u70b9 | \u2705 10\u8282\u70b9(\u8fd0\u884c00:19) |\n| Fortytwo Agent | \u2705 \u5fc3\u8df312:24|\u6d3b\u8dc3 |\n| Fortytwo \u7ec8\u7aef | \u2705 \u4f59\u989d717 |\n\n\u2501\u2501\u2501\u2501\u2501\u2501\u2501\u2501\u2501\u2501\u2501\u2501\u2501\u2501\u2501\u2501\u2501\u2501\u2501\u2501","entities":[{"offset":3,"length":4,"type":"bold"}]}}📊 *系统状态* 03/22 13:25

| 项目 | 状态 |
| :--- | :--- |
| Nexus 节点 | ✅ 12节点(运行00:16) |
| Fortytwo Agent | ✅ 心跳13:24|活跃 |
| Fortytwo 终端 | ✅ 余额717 |

━━━━━━━━━━━━━━━━━━━━
{"ok":true,"result":{"message_id":1416,"from":{"id":8560545483,"is_bot":true,"first_name":"\u82cf\u8fea\u5c0f\u80d6\ud83d\udc37M4","username":"openclaw_test_2026_bot"},"chat":{"id":-1003727098894,"title":"M4 \u76d1\u5de5\u7fa4","type":"supergroup"},"date":1774153513,"text":"\ud83d\udcca \u7cfb\u7edf\u72b6\u6001 03/22 13:25\n\n| \u9879\u76ee | \u72b6\u6001 |\n| :--- | :--- |\n| Nexus \u8282\u70b9 | \u2705 12\u8282\u70b9(\u8fd0\u884c00:16) |\n| Fortytwo Agent | \u2705 \u5fc3\u8df313:24|\u6d3b\u8dc3 |\n| Fortytwo \u7ec8\u7aef | \u2705 \u4f59\u989d717 |\n\n\u2501\u2501\u2501\u2501\u2501\u2501\u2501\u2501\u2501\u2501\u2501\u2501\u2501\u2501\u2501\u2501\u2501\u2501\u2501\u2501","entities":[{"offset":3,"length":4,"type":"bold"}]}}📊 *系统状态* 03/22 14:25

| 项目 | 状态 |
| :--- | :--- |
| Nexus 节点 | ✅ 11节点(运行16:28:15) |
| Fortytwo Agent | ✅ 心跳14:24|活跃 |
| Fortytwo 终端 | ✅ 余额717 |

━━━━━━━━━━━━━━━━━━━━
{"ok":true,"result":{"message_id":1419,"from":{"id":8560545483,"is_bot":true,"first_name":"\u82cf\u8fea\u5c0f\u80d6\ud83d\udc37M4","username":"openclaw_test_2026_bot"},"chat":{"id":-1003727098894,"title":"M4 \u76d1\u5de5\u7fa4","type":"supergroup"},"date":1774157114,"text":"\ud83d\udcca \u7cfb\u7edf\u72b6\u6001 03/22 14:25\n\n| \u9879\u76ee | \u72b6\u6001 |\n| :--- | :--- |\n| Nexus \u8282\u70b9 | \u2705 11\u8282\u70b9(\u8fd0\u884c16:28:15) |\n| Fortytwo Agent | \u2705 \u5fc3\u8df314:24|\u6d3b\u8dc3 |\n| Fortytwo \u7ec8\u7aef | \u2705 \u4f59\u989d717 |\n\n\u2501\u2501\u2501\u2501\u2501\u2501\u2501\u2501\u2501\u2501\u2501\u2501\u2501\u2501\u2501\u2501\u2501\u2501\u2501\u2501","entities":[{"offset":3,"length":4,"type":"bold"}]}}📊 *系统状态* 03/22 15:25

| 项目 | 状态 |
| :--- | :--- |
| Nexus 节点 | ✅ 12节点(运行17:28:17) |
| Fortytwo Agent | ✅ 心跳15:25|活跃 |
| Fortytwo 终端 | ✅ 余额717 |

━━━━━━━━━━━━━━━━━━━━
{"ok":true,"result":{"message_id":1420,"from":{"id":8560545483,"is_bot":true,"first_name":"\u82cf\u8fea\u5c0f\u80d6\ud83d\udc37M4","username":"openclaw_test_2026_bot"},"chat":{"id":-1003727098894,"title":"M4 \u76d1\u5de5\u7fa4","type":"supergroup"},"date":1774160716,"text":"\ud83d\udcca \u7cfb\u7edf\u72b6\u6001 03/22 15:25\n\n| \u9879\u76ee | \u72b6\u6001 |\n| :--- | :--- |\n| Nexus \u8282\u70b9 | \u2705 12\u8282\u70b9(\u8fd0\u884c17:28:17) |\n| Fortytwo Agent | \u2705 \u5fc3\u8df315:25|\u6d3b\u8dc3 |\n| Fortytwo \u7ec8\u7aef | \u2705 \u4f59\u989d717 |\n\n\u2501\u2501\u2501\u2501\u2501\u2501\u2501\u2501\u2501\u2501\u2501\u2501\u2501\u2501\u2501\u2501\u2501\u2501\u2501\u2501","entities":[{"offset":3,"length":4,"type":"bold"}]}}📊 *系统状态* 03/22 16:25

| 项目 | 状态 |
| :--- | :--- |
| Nexus 节点 | ✅ 12节点(运行18:28:18) |
| Fortytwo Agent | ✅ 心跳16:25|活跃 |
| Fortytwo 终端 | ✅ 余额717 |

━━━━━━━━━━━━━━━━━━━━
{"ok":true,"result":{"message_id":1422,"from":{"id":8560545483,"is_bot":true,"first_name":"\u82cf\u8fea\u5c0f\u80d6\ud83d\udc37M4","username":"openclaw_test_2026_bot"},"chat":{"id":-1003727098894,"title":"M4 \u76d1\u5de5\u7fa4","type":"supergroup"},"date":1774164318,"text":"\ud83d\udcca \u7cfb\u7edf\u72b6\u6001 03/22 16:25\n\n| \u9879\u76ee | \u72b6\u6001 |\n| :--- | :--- |\n| Nexus \u8282\u70b9 | \u2705 12\u8282\u70b9(\u8fd0\u884c18:28:18) |\n| Fortytwo Agent | \u2705 \u5fc3\u8df316:25|\u6d3b\u8dc3 |\n| Fortytwo \u7ec8\u7aef | \u2705 \u4f59\u989d717 |\n\n\u2501\u2501\u2501\u2501\u2501\u2501\u2501\u2501\u2501\u2501\u2501\u2501\u2501\u2501\u2501\u2501\u2501\u2501\u2501\u2501","entities":[{"offset":3,"length":4,"type":"bold"}]}}📊 *系统状态* 03/22 17:25

| 项目 | 状态 |
| :--- | :--- |
| Nexus 节点 | ✅ 11节点(运行19:28:20) |
| Fortytwo Agent | ✅ 心跳17:25|活跃 |
| Fortytwo 终端 | ✅ 余额717 |

━━━━━━━━━━━━━━━━━━━━
{"ok":true,"result":{"message_id":1423,"from":{"id":8560545483,"is_bot":true,"first_name":"\u82cf\u8fea\u5c0f\u80d6\ud83d\udc37M4","username":"openclaw_test_2026_bot"},"chat":{"id":-1003727098894,"title":"M4 \u76d1\u5de5\u7fa4","type":"supergroup"},"date":1774167919,"text":"\ud83d\udcca \u7cfb\u7edf\u72b6\u6001 03/22 17:25\n\n| \u9879\u76ee | \u72b6\u6001 |\n| :--- | :--- |\n| Nexus \u8282\u70b9 | \u2705 11\u8282\u70b9(\u8fd0\u884c19:28:20) |\n| Fortytwo Agent | \u2705 \u5fc3\u8df317:25|\u6d3b\u8dc3 |\n| Fortytwo \u7ec8\u7aef | \u2705 \u4f59\u989d717 |\n\n\u2501\u2501\u2501\u2501\u2501\u2501\u2501\u2501\u2501\u2501\u2501\u2501\u2501\u2501\u2501\u2501\u2501\u2501\u2501\u2501","entities":[{"offset":3,"length":4,"type":"bold"}]}}📊 *系统状态* 03/22 18:25

| 项目 | 状态 |
| :--- | :--- |
| Nexus 节点 | ✅ 12节点(运行20:28:22) |
| Fortytwo Agent | ✅ 心跳18:25|活跃 |
| Fortytwo 终端 | ✅ 余额717 |

━━━━━━━━━━━━━━━━━━━━
{"ok":true,"result":{"message_id":1426,"from":{"id":8560545483,"is_bot":true,"first_name":"\u82cf\u8fea\u5c0f\u80d6\ud83d\udc37M4","username":"openclaw_test_2026_bot"},"chat":{"id":-1003727098894,"title":"M4 \u76d1\u5de5\u7fa4","type":"supergroup"},"date":1774171521,"text":"\ud83d\udcca \u7cfb\u7edf\u72b6\u6001 03/22 18:25\n\n| \u9879\u76ee | \u72b6\u6001 |\n| :--- | :--- |\n| Nexus \u8282\u70b9 | \u2705 12\u8282\u70b9(\u8fd0\u884c20:28:22) |\n| Fortytwo Agent | \u2705 \u5fc3\u8df318:25|\u6d3b\u8dc3 |\n| Fortytwo \u7ec8\u7aef | \u2705 \u4f59\u989d717 |\n\n\u2501\u2501\u2501\u2501\u2501\u2501\u2501\u2501\u2501\u2501\u2501\u2501\u2501\u2501\u2501\u2501\u2501\u2501\u2501\u2501","entities":[{"offset":3,"length":4,"type":"bold"}]}}📊 *系统状态* 03/22 19:25

| 项目 | 状态 |
| :--- | :--- |
| Nexus 节点 | ✅ 12节点(运行00:22) |
| Fortytwo Agent | ✅ 心跳19:24|活跃 |
| Fortytwo 终端 | ✅ 余额717 |

━━━━━━━━━━━━━━━━━━━━
{"ok":true,"result":{"message_id":1427,"from":{"id":8560545483,"is_bot":true,"first_name":"\u82cf\u8fea\u5c0f\u80d6\ud83d\udc37M4","username":"openclaw_test_2026_bot"},"chat":{"id":-1003727098894,"title":"M4 \u76d1\u5de5\u7fa4","type":"supergroup"},"date":1774175123,"text":"\ud83d\udcca \u7cfb\u7edf\u72b6\u6001 03/22 19:25\n\n| \u9879\u76ee | \u72b6\u6001 |\n| :--- | :--- |\n| Nexus \u8282\u70b9 | \u2705 12\u8282\u70b9(\u8fd0\u884c00:22) |\n| Fortytwo Agent | \u2705 \u5fc3\u8df319:24|\u6d3b\u8dc3 |\n| Fortytwo \u7ec8\u7aef | \u2705 \u4f59\u989d717 |\n\n\u2501\u2501\u2501\u2501\u2501\u2501\u2501\u2501\u2501\u2501\u2501\u2501\u2501\u2501\u2501\u2501\u2501\u2501\u2501\u2501","entities":[{"offset":3,"length":4,"type":"bold"}]}}📊 *系统状态* 03/22 20:25

| 项目 | 状态 |
| :--- | :--- |
| Nexus 节点 | ✅ 12节点(运行00:28) |
| Fortytwo Agent | ✅ 心跳20:24|活跃 |
| Fortytwo 终端 | ✅ 余额717 |

━━━━━━━━━━━━━━━━━━━━
{"ok":true,"result":{"message_id":1430,"from":{"id":8560545483,"is_bot":true,"first_name":"\u82cf\u8fea\u5c0f\u80d6\ud83d\udc37M4","username":"openclaw_test_2026_bot"},"chat":{"id":-1003727098894,"title":"M4 \u76d1\u5de5\u7fa4","type":"supergroup"},"date":1774178724,"text":"\ud83d\udcca \u7cfb\u7edf\u72b6\u6001 03/22 20:25\n\n| \u9879\u76ee | \u72b6\u6001 |\n| :--- | :--- |\n| Nexus \u8282\u70b9 | \u2705 12\u8282\u70b9(\u8fd0\u884c00:28) |\n| Fortytwo Agent | \u2705 \u5fc3\u8df320:24|\u6d3b\u8dc3 |\n| Fortytwo \u7ec8\u7aef | \u2705 \u4f59\u989d717 |\n\n\u2501\u2501\u2501\u2501\u2501\u2501\u2501\u2501\u2501\u2501\u2501\u2501\u2501\u2501\u2501\u2501\u2501\u2501\u2501\u2501","entities":[{"offset":3,"length":4,"type":"bold"}]}}📊 *系统状态* 03/22 21:25

| 项目 | 状态 |
| :--- | :--- |
| Nexus 节点 | ✅ 12节点(运行00:20) |
| Fortytwo Agent | ✅ 心跳21:24|活跃 |
| Fortytwo 终端 | ✅ 余额717 |

━━━━━━━━━━━━━━━━━━━━
{"ok":true,"result":{"message_id":1431,"from":{"id":8560545483,"is_bot":true,"first_name":"\u82cf\u8fea\u5c0f\u80d6\ud83d\udc37M4","username":"openclaw_test_2026_bot"},"chat":{"id":-1003727098894,"title":"M4 \u76d1\u5de5\u7fa4","type":"supergroup"},"date":1774182326,"text":"\ud83d\udcca \u7cfb\u7edf\u72b6\u6001 03/22 21:25\n\n| \u9879\u76ee | \u72b6\u6001 |\n| :--- | :--- |\n| Nexus \u8282\u70b9 | \u2705 12\u8282\u70b9(\u8fd0\u884c00:20) |\n| Fortytwo Agent | \u2705 \u5fc3\u8df321:24|\u6d3b\u8dc3 |\n| Fortytwo \u7ec8\u7aef | \u2705 \u4f59\u989d717 |\n\n\u2501\u2501\u2501\u2501\u2501\u2501\u2501\u2501\u2501\u2501\u2501\u2501\u2501\u2501\u2501\u2501\u2501\u2501\u2501\u2501","entities":[{"offset":3,"length":4,"type":"bold"}]}}📊 *系统状态* 03/22 22:25

| 项目 | 状态 |
| :--- | :--- |
| Nexus 节点 | ✅ 12节点(运行01-00:28:28) |
| Fortytwo Agent | ✅ 心跳22:24|活跃 |
| Fortytwo 终端 | ✅ 余额717 |

━━━━━━━━━━━━━━━━━━━━
{"ok":true,"result":{"message_id":1434,"from":{"id":8560545483,"is_bot":true,"first_name":"\u82cf\u8fea\u5c0f\u80d6\ud83d\udc37M4","username":"openclaw_test_2026_bot"},"chat":{"id":-1003727098894,"title":"M4 \u76d1\u5de5\u7fa4","type":"supergroup"},"date":1774185927,"text":"\ud83d\udcca \u7cfb\u7edf\u72b6\u6001 03/22 22:25\n\n| \u9879\u76ee | \u72b6\u6001 |\n| :--- | :--- |\n| Nexus \u8282\u70b9 | \u2705 12\u8282\u70b9(\u8fd0\u884c01-00:28:28) |\n| Fortytwo Agent | \u2705 \u5fc3\u8df322:24|\u6d3b\u8dc3 |\n| Fortytwo \u7ec8\u7aef | \u2705 \u4f59\u989d717 |\n\n\u2501\u2501\u2501\u2501\u2501\u2501\u2501\u2501\u2501\u2501\u2501\u2501\u2501\u2501\u2501\u2501\u2501\u2501\u2501\u2501","entities":[{"offset":3,"length":4,"type":"bold"}]}}📊 *系统状态* 03/22 23:25

| 项目 | 状态 |
| :--- | :--- |
| Nexus 节点 | ✅ 11节点(运行01-01:28:30) |
| Fortytwo Agent | ✅ 心跳23:24|活跃 |
| Fortytwo 终端 | ✅ 余额717 |

━━━━━━━━━━━━━━━━━━━━
{"ok":true,"result":{"message_id":1435,"from":{"id":8560545483,"is_bot":true,"first_name":"\u82cf\u8fea\u5c0f\u80d6\ud83d\udc37M4","username":"openclaw_test_2026_bot"},"chat":{"id":-1003727098894,"title":"M4 \u76d1\u5de5\u7fa4","type":"supergroup"},"date":1774189529,"text":"\ud83d\udcca \u7cfb\u7edf\u72b6\u6001 03/22 23:25\n\n| \u9879\u76ee | \u72b6\u6001 |\n| :--- | :--- |\n| Nexus \u8282\u70b9 | \u2705 11\u8282\u70b9(\u8fd0\u884c01-01:28:30) |\n| Fortytwo Agent | \u2705 \u5fc3\u8df323:24|\u6d3b\u8dc3 |\n| Fortytwo \u7ec8\u7aef | \u2705 \u4f59\u989d717 |\n\n\u2501\u2501\u2501\u2501\u2501\u2501\u2501\u2501\u2501\u2501\u2501\u2501\u2501\u2501\u2501\u2501\u2501\u2501\u2501\u2501","entities":[{"offset":3,"length":4,"type":"bold"}]}}📊 *系统状态* 03/23 00:25

| 项目 | 状态 |
| :--- | :--- |
| Nexus 节点 | ✅ 11节点(运行01-02:28:31) |
| Fortytwo Agent | ✅ 心跳00:25|活跃 |
| Fortytwo 终端 | ✅ 余额717 |

━━━━━━━━━━━━━━━━━━━━
{"ok":true,"result":{"message_id":1438,"from":{"id":8560545483,"is_bot":true,"first_name":"\u82cf\u8fea\u5c0f\u80d6\ud83d\udc37M4","username":"openclaw_test_2026_bot"},"chat":{"id":-1003727098894,"title":"M4 \u76d1\u5de5\u7fa4","type":"supergroup"},"date":1774193131,"text":"\ud83d\udcca \u7cfb\u7edf\u72b6\u6001 03/23 00:25\n\n| \u9879\u76ee | \u72b6\u6001 |\n| :--- | :--- |\n| Nexus \u8282\u70b9 | \u2705 11\u8282\u70b9(\u8fd0\u884c01-02:28:31) |\n| Fortytwo Agent | \u2705 \u5fc3\u8df300:25|\u6d3b\u8dc3 |\n| Fortytwo \u7ec8\u7aef | \u2705 \u4f59\u989d717 |\n\n\u2501\u2501\u2501\u2501\u2501\u2501\u2501\u2501\u2501\u2501\u2501\u2501\u2501\u2501\u2501\u2501\u2501\u2501\u2501\u2501","entities":[{"offset":3,"length":4,"type":"bold"}]}}📊 *系统状态* 03/23 01:25

| 项目 | 状态 |
| :--- | :--- |
| Nexus 节点 | ✅ 12节点(运行01-03:28:33) |
| Fortytwo Agent | ✅ 心跳01:25|活跃 |
| Fortytwo 终端 | ✅ 余额717 |

━━━━━━━━━━━━━━━━━━━━
{"ok":true,"result":{"message_id":1439,"from":{"id":8560545483,"is_bot":true,"first_name":"\u82cf\u8fea\u5c0f\u80d6\ud83d\udc37M4","username":"openclaw_test_2026_bot"},"chat":{"id":-1003727098894,"title":"M4 \u76d1\u5de5\u7fa4","type":"supergroup"},"date":1774196732,"text":"\ud83d\udcca \u7cfb\u7edf\u72b6\u6001 03/23 01:25\n\n| \u9879\u76ee | \u72b6\u6001 |\n| :--- | :--- |\n| Nexus \u8282\u70b9 | \u2705 12\u8282\u70b9(\u8fd0\u884c01-03:28:33) |\n| Fortytwo Agent | \u2705 \u5fc3\u8df301:25|\u6d3b\u8dc3 |\n| Fortytwo \u7ec8\u7aef | \u2705 \u4f59\u989d717 |\n\n\u2501\u2501\u2501\u2501\u2501\u2501\u2501\u2501\u2501\u2501\u2501\u2501\u2501\u2501\u2501\u2501\u2501\u2501\u2501\u2501","entities":[{"offset":3,"length":4,"type":"bold"}]}}📊 *系统状态* 03/23 02:25

| 项目 | 状态 |
| :--- | :--- |
| Nexus 节点 | ✅ 12节点(运行01-04:28:35) |
| Fortytwo Agent | ✅ 心跳02:25|活跃 |
| Fortytwo 终端 | ✅ 余额717 |

━━━━━━━━━━━━━━━━━━━━
{"ok":true,"result":{"message_id":1442,"from":{"id":8560545483,"is_bot":true,"first_name":"\u82cf\u8fea\u5c0f\u80d6\ud83d\udc37M4","username":"openclaw_test_2026_bot"},"chat":{"id":-1003727098894,"title":"M4 \u76d1\u5de5\u7fa4","type":"supergroup"},"date":1774200334,"text":"\ud83d\udcca \u7cfb\u7edf\u72b6\u6001 03/23 02:25\n\n| \u9879\u76ee | \u72b6\u6001 |\n| :--- | :--- |\n| Nexus \u8282\u70b9 | \u2705 12\u8282\u70b9(\u8fd0\u884c01-04:28:35) |\n| Fortytwo Agent | \u2705 \u5fc3\u8df302:25|\u6d3b\u8dc3 |\n| Fortytwo \u7ec8\u7aef | \u2705 \u4f59\u989d717 |\n\n\u2501\u2501\u2501\u2501\u2501\u2501\u2501\u2501\u2501\u2501\u2501\u2501\u2501\u2501\u2501\u2501\u2501\u2501\u2501\u2501","entities":[{"offset":3,"length":4,"type":"bold"}]}}📊 *系统状态* 03/23 03:25

| 项目 | 状态 |
| :--- | :--- |
| Nexus 节点 | ✅ 12节点(运行00:30) |
| Fortytwo Agent | ✅ 心跳03:25|活跃 |
| Fortytwo 终端 | ✅ 余额717 |

━━━━━━━━━━━━━━━━━━━━
{"ok":true,"result":{"message_id":1443,"from":{"id":8560545483,"is_bot":true,"first_name":"\u82cf\u8fea\u5c0f\u80d6\ud83d\udc37M4","username":"openclaw_test_2026_bot"},"chat":{"id":-1003727098894,"title":"M4 \u76d1\u5de5\u7fa4","type":"supergroup"},"date":1774203936,"text":"\ud83d\udcca \u7cfb\u7edf\u72b6\u6001 03/23 03:25\n\n| \u9879\u76ee | \u72b6\u6001 |\n| :--- | :--- |\n| Nexus \u8282\u70b9 | \u2705 12\u8282\u70b9(\u8fd0\u884c00:30) |\n| Fortytwo Agent | \u2705 \u5fc3\u8df303:25|\u6d3b\u8dc3 |\n| Fortytwo \u7ec8\u7aef | \u2705 \u4f59\u989d717 |\n\n\u2501\u2501\u2501\u2501\u2501\u2501\u2501\u2501\u2501\u2501\u2501\u2501\u2501\u2501\u2501\u2501\u2501\u2501\u2501\u2501","entities":[{"offset":3,"length":4,"type":"bold"}]}}📊 *系统状态* 03/23 04:25

| 项目 | 状态 |
| :--- | :--- |
| Nexus 节点 | ✅ 12节点(运行01:42) |
| Fortytwo Agent | ✅ 心跳04:25|活跃 |
| Fortytwo 终端 | ✅ 余额717 |

━━━━━━━━━━━━━━━━━━━━
{"ok":true,"result":{"message_id":1446,"from":{"id":8560545483,"is_bot":true,"first_name":"\u82cf\u8fea\u5c0f\u80d6\ud83d\udc37M4","username":"openclaw_test_2026_bot"},"chat":{"id":-1003727098894,"title":"M4 \u76d1\u5de5\u7fa4","type":"supergroup"},"date":1774207539,"text":"\ud83d\udcca \u7cfb\u7edf\u72b6\u6001 03/23 04:25\n\n| \u9879\u76ee | \u72b6\u6001 |\n| :--- | :--- |\n| Nexus \u8282\u70b9 | \u2705 12\u8282\u70b9(\u8fd0\u884c01:42) |\n| Fortytwo Agent | \u2705 \u5fc3\u8df304:25|\u6d3b\u8dc3 |\n| Fortytwo \u7ec8\u7aef | \u2705 \u4f59\u989d717 |\n\n\u2501\u2501\u2501\u2501\u2501\u2501\u2501\u2501\u2501\u2501\u2501\u2501\u2501\u2501\u2501\u2501\u2501\u2501\u2501\u2501","entities":[{"offset":3,"length":4,"type":"bold"}]}}📊 *系统状态* 03/23 05:25

| 项目 | 状态 |
| :--- | :--- |
| Nexus 节点 | ✅ 12节点(运行01:00) |
| Fortytwo Agent | ✅ 心跳05:25|活跃 |
| Fortytwo 终端 | ✅ 余额717 |

━━━━━━━━━━━━━━━━━━━━
{"ok":true,"result":{"message_id":1447,"from":{"id":8560545483,"is_bot":true,"first_name":"\u82cf\u8fea\u5c0f\u80d6\ud83d\udc37M4","username":"openclaw_test_2026_bot"},"chat":{"id":-1003727098894,"title":"M4 \u76d1\u5de5\u7fa4","type":"supergroup"},"date":1774211143,"text":"\ud83d\udcca \u7cfb\u7edf\u72b6\u6001 03/23 05:25\n\n| \u9879\u76ee | \u72b6\u6001 |\n| :--- | :--- |\n| Nexus \u8282\u70b9 | \u2705 12\u8282\u70b9(\u8fd0\u884c01:00) |\n| Fortytwo Agent | \u2705 \u5fc3\u8df305:25|\u6d3b\u8dc3 |\n| Fortytwo \u7ec8\u7aef | \u2705 \u4f59\u989d717 |\n\n\u2501\u2501\u2501\u2501\u2501\u2501\u2501\u2501\u2501\u2501\u2501\u2501\u2501\u2501\u2501\u2501\u2501\u2501\u2501\u2501","entities":[{"offset":3,"length":4,"type":"bold"}]}}📊 *系统状态* 03/23 06:25

| 项目 | 状态 |
| :--- | :--- |
| Nexus 节点 | ✅ 12节点(运行01-08:28:45) |
| Fortytwo Agent | ✅ 心跳06:24|活跃 |
| Fortytwo 终端 | ✅ 余额717 |

━━━━━━━━━━━━━━━━━━━━
{"ok":true,"result":{"message_id":1449,"from":{"id":8560545483,"is_bot":true,"first_name":"\u82cf\u8fea\u5c0f\u80d6\ud83d\udc37M4","username":"openclaw_test_2026_bot"},"chat":{"id":-1003727098894,"title":"M4 \u76d1\u5de5\u7fa4","type":"supergroup"},"date":1774214746,"text":"\ud83d\udcca \u7cfb\u7edf\u72b6\u6001 03/23 06:25\n\n| \u9879\u76ee | \u72b6\u6001 |\n| :--- | :--- |\n| Nexus \u8282\u70b9 | \u2705 12\u8282\u70b9(\u8fd0\u884c01-08:28:45) |\n| Fortytwo Agent | \u2705 \u5fc3\u8df306:24|\u6d3b\u8dc3 |\n| Fortytwo \u7ec8\u7aef | \u2705 \u4f59\u989d717 |\n\n\u2501\u2501\u2501\u2501\u2501\u2501\u2501\u2501\u2501\u2501\u2501\u2501\u2501\u2501\u2501\u2501\u2501\u2501\u2501\u2501","entities":[{"offset":3,"length":4,"type":"bold"}]}}📊 *系统状态* 03/23 07:25

| 项目 | 状态 |
| :--- | :--- |
| Nexus 节点 | ✅ 12节点(运行01-09:28:48) |
| Fortytwo Agent | ✅ 心跳07:25|活跃 |
| Fortytwo 终端 | ✅ 余额717 |

━━━━━━━━━━━━━━━━━━━━
{"ok":true,"result":{"message_id":1450,"from":{"id":8560545483,"is_bot":true,"first_name":"\u82cf\u8fea\u5c0f\u80d6\ud83d\udc37M4","username":"openclaw_test_2026_bot"},"chat":{"id":-1003727098894,"title":"M4 \u76d1\u5de5\u7fa4","type":"supergroup"},"date":1774218349,"text":"\ud83d\udcca \u7cfb\u7edf\u72b6\u6001 03/23 07:25\n\n| \u9879\u76ee | \u72b6\u6001 |\n| :--- | :--- |\n| Nexus \u8282\u70b9 | \u2705 12\u8282\u70b9(\u8fd0\u884c01-09:28:48) |\n| Fortytwo Agent | \u2705 \u5fc3\u8df307:25|\u6d3b\u8dc3 |\n| Fortytwo \u7ec8\u7aef | \u2705 \u4f59\u989d717 |\n\n\u2501\u2501\u2501\u2501\u2501\u2501\u2501\u2501\u2501\u2501\u2501\u2501\u2501\u2501\u2501\u2501\u2501\u2501\u2501\u2501","entities":[{"offset":3,"length":4,"type":"bold"}]}}📊 *系统状态* 03/23 08:25

| 项目 | 状态 |
| :--- | :--- |
| Nexus 节点 | ✅ 12节点(运行01-10:28:52) |
| Fortytwo Agent | ✅ 心跳08:24|活跃 |
| Fortytwo 终端 | ✅ 余额717 |

━━━━━━━━━━━━━━━━━━━━
{"ok":true,"result":{"message_id":1453,"from":{"id":8560545483,"is_bot":true,"first_name":"\u82cf\u8fea\u5c0f\u80d6\ud83d\udc37M4","username":"openclaw_test_2026_bot"},"chat":{"id":-1003727098894,"title":"M4 \u76d1\u5de5\u7fa4","type":"supergroup"},"date":1774221953,"text":"\ud83d\udcca \u7cfb\u7edf\u72b6\u6001 03/23 08:25\n\n| \u9879\u76ee | \u72b6\u6001 |\n| :--- | :--- |\n| Nexus \u8282\u70b9 | \u2705 12\u8282\u70b9(\u8fd0\u884c01-10:28:52) |\n| Fortytwo Agent | \u2705 \u5fc3\u8df308:24|\u6d3b\u8dc3 |\n| Fortytwo \u7ec8\u7aef | \u2705 \u4f59\u989d717 |\n\n\u2501\u2501\u2501\u2501\u2501\u2501\u2501\u2501\u2501\u2501\u2501\u2501\u2501\u2501\u2501\u2501\u2501\u2501\u2501\u2501","entities":[{"offset":3,"length":4,"type":"bold"}]}}📊 *系统状态* 03/23 09:25

| 项目 | 状态 |
| :--- | :--- |
| Nexus 节点 | ✅ 12节点(运行01-11:28:55) |
| Fortytwo Agent | ✅ 心跳09:25|活跃 |
| Fortytwo 终端 | ✅ 余额717 |

━━━━━━━━━━━━━━━━━━━━
{"ok":true,"result":{"message_id":1454,"from":{"id":8560545483,"is_bot":true,"first_name":"\u82cf\u8fea\u5c0f\u80d6\ud83d\udc37M4","username":"openclaw_test_2026_bot"},"chat":{"id":-1003727098894,"title":"M4 \u76d1\u5de5\u7fa4","type":"supergroup"},"date":1774225556,"text":"\ud83d\udcca \u7cfb\u7edf\u72b6\u6001 03/23 09:25\n\n| \u9879\u76ee | \u72b6\u6001 |\n| :--- | :--- |\n| Nexus \u8282\u70b9 | \u2705 12\u8282\u70b9(\u8fd0\u884c01-11:28:55) |\n| Fortytwo Agent | \u2705 \u5fc3\u8df309:25|\u6d3b\u8dc3 |\n| Fortytwo \u7ec8\u7aef | \u2705 \u4f59\u989d717 |\n\n\u2501\u2501\u2501\u2501\u2501\u2501\u2501\u2501\u2501\u2501\u2501\u2501\u2501\u2501\u2501\u2501\u2501\u2501\u2501\u2501","entities":[{"offset":3,"length":4,"type":"bold"}]}}📊 *系统状态* 03/23 10:25

| 项目 | 状态 |
| :--- | :--- |
| Nexus 节点 | ✅ 12节点(运行01-12:28:58) |
| Fortytwo Agent | ✅ 心跳10:25|活跃 |
| Fortytwo 终端 | ✅ 余额717 |

━━━━━━━━━━━━━━━━━━━━
{"ok":true,"result":{"message_id":1457,"from":{"id":8560545483,"is_bot":true,"first_name":"\u82cf\u8fea\u5c0f\u80d6\ud83d\udc37M4","username":"openclaw_test_2026_bot"},"chat":{"id":-1003727098894,"title":"M4 \u76d1\u5de5\u7fa4","type":"supergroup"},"date":1774229158,"text":"\ud83d\udcca \u7cfb\u7edf\u72b6\u6001 03/23 10:25\n\n| \u9879\u76ee | \u72b6\u6001 |\n| :--- | :--- |\n| Nexus \u8282\u70b9 | \u2705 12\u8282\u70b9(\u8fd0\u884c01-12:28:58) |\n| Fortytwo Agent | \u2705 \u5fc3\u8df310:25|\u6d3b\u8dc3 |\n| Fortytwo \u7ec8\u7aef | \u2705 \u4f59\u989d717 |\n\n\u2501\u2501\u2501\u2501\u2501\u2501\u2501\u2501\u2501\u2501\u2501\u2501\u2501\u2501\u2501\u2501\u2501\u2501\u2501\u2501","entities":[{"offset":3,"length":4,"type":"bold"}]}}📊 *系统状态* 03/23 11:26

| 项目 | 状态 |
| :--- | :--- |
| Nexus 节点 | ✅ 12节点(运行01:16) |
| Fortytwo Agent | ✅ 心跳11:24|活跃 |
| Fortytwo 终端 | ✅ 余额717 |

━━━━━━━━━━━━━━━━━━━━
{"ok":true,"result":{"message_id":1458,"from":{"id":8560545483,"is_bot":true,"first_name":"\u82cf\u8fea\u5c0f\u80d6\ud83d\udc37M4","username":"openclaw_test_2026_bot"},"chat":{"id":-1003727098894,"title":"M4 \u76d1\u5de5\u7fa4","type":"supergroup"},"date":1774232762,"text":"\ud83d\udcca \u7cfb\u7edf\u72b6\u6001 03/23 11:26\n\n| \u9879\u76ee | \u72b6\u6001 |\n| :--- | :--- |\n| Nexus \u8282\u70b9 | \u2705 12\u8282\u70b9(\u8fd0\u884c01:16) |\n| Fortytwo Agent | \u2705 \u5fc3\u8df311:24|\u6d3b\u8dc3 |\n| Fortytwo \u7ec8\u7aef | \u2705 \u4f59\u989d717 |\n\n\u2501\u2501\u2501\u2501\u2501\u2501\u2501\u2501\u2501\u2501\u2501\u2501\u2501\u2501\u2501\u2501\u2501\u2501\u2501\u2501","entities":[{"offset":3,"length":4,"type":"bold"}]}}📊 *系统状态* 03/23 12:26

| 项目 | 状态 |
| :--- | :--- |
| Nexus 节点 | ✅ 12节点(运行02:04) |
| Fortytwo Agent | ✅ 心跳12:25|活跃 |
| Fortytwo 终端 | ✅ 余额717 |

━━━━━━━━━━━━━━━━━━━━
{"ok":true,"result":{"message_id":1461,"from":{"id":8560545483,"is_bot":true,"first_name":"\u82cf\u8fea\u5c0f\u80d6\ud83d\udc37M4","username":"openclaw_test_2026_bot"},"chat":{"id":-1003727098894,"title":"M4 \u76d1\u5de5\u7fa4","type":"supergroup"},"date":1774236365,"text":"\ud83d\udcca \u7cfb\u7edf\u72b6\u6001 03/23 12:26\n\n| \u9879\u76ee | \u72b6\u6001 |\n| :--- | :--- |\n| Nexus \u8282\u70b9 | \u2705 12\u8282\u70b9(\u8fd0\u884c02:04) |\n| Fortytwo Agent | \u2705 \u5fc3\u8df312:25|\u6d3b\u8dc3 |\n| Fortytwo \u7ec8\u7aef | \u2705 \u4f59\u989d717 |\n\n\u2501\u2501\u2501\u2501\u2501\u2501\u2501\u2501\u2501\u2501\u2501\u2501\u2501\u2501\u2501\u2501\u2501\u2501\u2501\u2501","entities":[{"offset":3,"length":4,"type":"bold"}]}}📊 *系统状态* 03/23 13:26

| 项目 | 状态 |
| :--- | :--- |
| Nexus 节点 | ✅ 12节点(运行01:55) |
| Fortytwo Agent | ✅ 心跳13:25|活跃1 |
| Fortytwo 终端 | ✅ 余额717 |

━━━━━━━━━━━━━━━━━━━━
{"ok":true,"result":{"message_id":1463,"from":{"id":8560545483,"is_bot":true,"first_name":"\u82cf\u8fea\u5c0f\u80d6\ud83d\udc37M4","username":"openclaw_test_2026_bot"},"chat":{"id":-1003727098894,"title":"M4 \u76d1\u5de5\u7fa4","type":"supergroup"},"date":1774239969,"text":"\ud83d\udcca \u7cfb\u7edf\u72b6\u6001 03/23 13:26\n\n| \u9879\u76ee | \u72b6\u6001 |\n| :--- | :--- |\n| Nexus \u8282\u70b9 | \u2705 12\u8282\u70b9(\u8fd0\u884c01:55) |\n| Fortytwo Agent | \u2705 \u5fc3\u8df313:25|\u6d3b\u8dc31 |\n| Fortytwo \u7ec8\u7aef | \u2705 \u4f59\u989d717 |\n\n\u2501\u2501\u2501\u2501\u2501\u2501\u2501\u2501\u2501\u2501\u2501\u2501\u2501\u2501\u2501\u2501\u2501\u2501\u2501\u2501","entities":[{"offset":3,"length":4,"type":"bold"}]}}📊 *系统状态* 03/23 14:26

| 项目 | 状态 |
| :--- | :--- |
| Nexus 节点 | ✅ 12节点(运行01-16:29:11) |
| Fortytwo Agent | ✅ 心跳14:25|活跃 |
| Fortytwo 终端 | ✅ 余额717 |

━━━━━━━━━━━━━━━━━━━━
{"ok":true,"result":{"message_id":1468,"from":{"id":8560545483,"is_bot":true,"first_name":"\u82cf\u8fea\u5c0f\u80d6\ud83d\udc37M4","username":"openclaw_test_2026_bot"},"chat":{"id":-1003727098894,"title":"M4 \u76d1\u5de5\u7fa4","type":"supergroup"},"date":1774243572,"text":"\ud83d\udcca \u7cfb\u7edf\u72b6\u6001 03/23 14:26\n\n| \u9879\u76ee | \u72b6\u6001 |\n| :--- | :--- |\n| Nexus \u8282\u70b9 | \u2705 12\u8282\u70b9(\u8fd0\u884c01-16:29:11) |\n| Fortytwo Agent | \u2705 \u5fc3\u8df314:25|\u6d3b\u8dc3 |\n| Fortytwo \u7ec8\u7aef | \u2705 \u4f59\u989d717 |\n\n\u2501\u2501\u2501\u2501\u2501\u2501\u2501\u2501\u2501\u2501\u2501\u2501\u2501\u2501\u2501\u2501\u2501\u2501\u2501\u2501","entities":[{"offset":3,"length":4,"type":"bold"}]}}📊 *系统状态* 03/23 15:26

| 项目 | 状态 |
| :--- | :--- |
| Nexus 节点 | ✅ 12节点(运行01-17:29:14) |
| Fortytwo Agent | ✅ 心跳15:25|活跃 |
| Fortytwo 终端 | ✅ 余额717 |

━━━━━━━━━━━━━━━━━━━━
{"ok":true,"result":{"message_id":1469,"from":{"id":8560545483,"is_bot":true,"first_name":"\u82cf\u8fea\u5c0f\u80d6\ud83d\udc37M4","username":"openclaw_test_2026_bot"},"chat":{"id":-1003727098894,"title":"M4 \u76d1\u5de5\u7fa4","type":"supergroup"},"date":1774247176,"text":"\ud83d\udcca \u7cfb\u7edf\u72b6\u6001 03/23 15:26\n\n| \u9879\u76ee | \u72b6\u6001 |\n| :--- | :--- |\n| Nexus \u8282\u70b9 | \u2705 12\u8282\u70b9(\u8fd0\u884c01-17:29:14) |\n| Fortytwo Agent | \u2705 \u5fc3\u8df315:25|\u6d3b\u8dc3 |\n| Fortytwo \u7ec8\u7aef | \u2705 \u4f59\u989d717 |\n\n\u2501\u2501\u2501\u2501\u2501\u2501\u2501\u2501\u2501\u2501\u2501\u2501\u2501\u2501\u2501\u2501\u2501\u2501\u2501\u2501","entities":[{"offset":3,"length":4,"type":"bold"}]}}📊 *系统状态* 03/23 16:26

| 项目 | 状态 |
| :--- | :--- |
| Nexus 节点 | ✅ 12节点(运行01-18:29:18) |
| Fortytwo Agent | ✅ 心跳16:26|活跃 |
| Fortytwo 终端 | ✅ 余额717 |

━━━━━━━━━━━━━━━━━━━━
{"ok":true,"result":{"message_id":1472,"from":{"id":8560545483,"is_bot":true,"first_name":"\u82cf\u8fea\u5c0f\u80d6\ud83d\udc37M4","username":"openclaw_test_2026_bot"},"chat":{"id":-1003727098894,"title":"M4 \u76d1\u5de5\u7fa4","type":"supergroup"},"date":1774250779,"text":"\ud83d\udcca \u7cfb\u7edf\u72b6\u6001 03/23 16:26\n\n| \u9879\u76ee | \u72b6\u6001 |\n| :--- | :--- |\n| Nexus \u8282\u70b9 | \u2705 12\u8282\u70b9(\u8fd0\u884c01-18:29:18) |\n| Fortytwo Agent | \u2705 \u5fc3\u8df316:26|\u6d3b\u8dc3 |\n| Fortytwo \u7ec8\u7aef | \u2705 \u4f59\u989d717 |\n\n\u2501\u2501\u2501\u2501\u2501\u2501\u2501\u2501\u2501\u2501\u2501\u2501\u2501\u2501\u2501\u2501\u2501\u2501\u2501\u2501","entities":[{"offset":3,"length":4,"type":"bold"}]}}📊 *系统状态* 03/23 17:26

| 项目 | 状态 |
| :--- | :--- |
| Nexus 节点 | ✅ 11节点(运行01-19:29:21) |
| Fortytwo Agent | ✅ 心跳17:25|活跃 |
| Fortytwo 终端 | ✅ 余额717 |

━━━━━━━━━━━━━━━━━━━━
{"ok":true,"result":{"message_id":1473,"from":{"id":8560545483,"is_bot":true,"first_name":"\u82cf\u8fea\u5c0f\u80d6\ud83d\udc37M4","username":"openclaw_test_2026_bot"},"chat":{"id":-1003727098894,"title":"M4 \u76d1\u5de5\u7fa4","type":"supergroup"},"date":1774254382,"text":"\ud83d\udcca \u7cfb\u7edf\u72b6\u6001 03/23 17:26\n\n| \u9879\u76ee | \u72b6\u6001 |\n| :--- | :--- |\n| Nexus \u8282\u70b9 | \u2705 11\u8282\u70b9(\u8fd0\u884c01-19:29:21) |\n| Fortytwo Agent | \u2705 \u5fc3\u8df317:25|\u6d3b\u8dc3 |\n| Fortytwo \u7ec8\u7aef | \u2705 \u4f59\u989d717 |\n\n\u2501\u2501\u2501\u2501\u2501\u2501\u2501\u2501\u2501\u2501\u2501\u2501\u2501\u2501\u2501\u2501\u2501\u2501\u2501\u2501","entities":[{"offset":3,"length":4,"type":"bold"}]}}📊 *系统状态* 03/23 18:26

| 项目 | 状态 |
| :--- | :--- |
| Nexus 节点 | ✅ 12节点(运行01-20:29:25) |
| Fortytwo Agent | ✅ 心跳18:25|活跃 |
| Fortytwo 终端 | ✅ 余额717 |

━━━━━━━━━━━━━━━━━━━━
{"ok":true,"result":{"message_id":1476,"from":{"id":8560545483,"is_bot":true,"first_name":"\u82cf\u8fea\u5c0f\u80d6\ud83d\udc37M4","username":"openclaw_test_2026_bot"},"chat":{"id":-1003727098894,"title":"M4 \u76d1\u5de5\u7fa4","type":"supergroup"},"date":1774257986,"text":"\ud83d\udcca \u7cfb\u7edf\u72b6\u6001 03/23 18:26\n\n| \u9879\u76ee | \u72b6\u6001 |\n| :--- | :--- |\n| Nexus \u8282\u70b9 | \u2705 12\u8282\u70b9(\u8fd0\u884c01-20:29:25) |\n| Fortytwo Agent | \u2705 \u5fc3\u8df318:25|\u6d3b\u8dc3 |\n| Fortytwo \u7ec8\u7aef | \u2705 \u4f59\u989d717 |\n\n\u2501\u2501\u2501\u2501\u2501\u2501\u2501\u2501\u2501\u2501\u2501\u2501\u2501\u2501\u2501\u2501\u2501\u2501\u2501\u2501","entities":[{"offset":3,"length":4,"type":"bold"}]}}📊 *系统状态* 03/23 19:26

| 项目 | 状态 |
| :--- | :--- |
| Nexus 节点 | ✅ 12节点(运行01:51) |
| Fortytwo Agent | ✅ 心跳19:26|活跃 |
| Fortytwo 终端 | ✅ 余额717 |

━━━━━━━━━━━━━━━━━━━━
{"ok":true,"result":{"message_id":1477,"from":{"id":8560545483,"is_bot":true,"first_name":"\u82cf\u8fea\u5c0f\u80d6\ud83d\udc37M4","username":"openclaw_test_2026_bot"},"chat":{"id":-1003727098894,"title":"M4 \u76d1\u5de5\u7fa4","type":"supergroup"},"date":1774261589,"text":"\ud83d\udcca \u7cfb\u7edf\u72b6\u6001 03/23 19:26\n\n| \u9879\u76ee | \u72b6\u6001 |\n| :--- | :--- |\n| Nexus \u8282\u70b9 | \u2705 12\u8282\u70b9(\u8fd0\u884c01:51) |\n| Fortytwo Agent | \u2705 \u5fc3\u8df319:26|\u6d3b\u8dc3 |\n| Fortytwo \u7ec8\u7aef | \u2705 \u4f59\u989d717 |\n\n\u2501\u2501\u2501\u2501\u2501\u2501\u2501\u2501\u2501\u2501\u2501\u2501\u2501\u2501\u2501\u2501\u2501\u2501\u2501\u2501","entities":[{"offset":3,"length":4,"type":"bold"}]}}📊 *系统状态* 03/23 20:26

| 项目 | 状态 |
| :--- | :--- |
| Nexus 节点 | ✅ 12节点(运行01:32) |
| Fortytwo Agent | ✅ 心跳20:25|活跃 |
| Fortytwo 终端 | ✅ 余额717 |

━━━━━━━━━━━━━━━━━━━━
{"ok":true,"result":{"message_id":1480,"from":{"id":8560545483,"is_bot":true,"first_name":"\u82cf\u8fea\u5c0f\u80d6\ud83d\udc37M4","username":"openclaw_test_2026_bot"},"chat":{"id":-1003727098894,"title":"M4 \u76d1\u5de5\u7fa4","type":"supergroup"},"date":1774265193,"text":"\ud83d\udcca \u7cfb\u7edf\u72b6\u6001 03/23 20:26\n\n| \u9879\u76ee | \u72b6\u6001 |\n| :--- | :--- |\n| Nexus \u8282\u70b9 | \u2705 12\u8282\u70b9(\u8fd0\u884c01:32) |\n| Fortytwo Agent | \u2705 \u5fc3\u8df320:25|\u6d3b\u8dc3 |\n| Fortytwo \u7ec8\u7aef | \u2705 \u4f59\u989d717 |\n\n\u2501\u2501\u2501\u2501\u2501\u2501\u2501\u2501\u2501\u2501\u2501\u2501\u2501\u2501\u2501\u2501\u2501\u2501\u2501\u2501","entities":[{"offset":3,"length":4,"type":"bold"}]}}