[2026-03-11 10:29:34] patch reapplied in /opt/homebrew/lib/node_modules/openclaw; restarting gateway
[2026-03-11 10:30:38] skip: another patch run is in progress
[2026-03-11 10:31:01] already patched
[2026-03-11 10:35:39] already patched
[2026-03-11 10:40:39] already patched
[2026-03-11 10:45:41] already patched
[2026-03-11 10:50:43] already patched
[2026-03-11 10:55:45] already patched
[2026-03-11 11:00:47] already patched
[2026-03-11 11:05:48] already patched
[2026-03-11 11:10:50] already patched
[2026-03-11 11:15:52] already patched
[2026-03-11 11:20:53] already patched
[2026-03-11 11:25:55] already patched
[2026-03-11 11:30:57] already patched
[2026-03-11 11:35:58] already patched
[2026-03-11 11:40:58] already patched
[2026-03-11 11:46:00] already patched
[2026-03-11 11:51:02] already patched
[2026-03-11 11:56:03] already patched
[2026-03-11 12:01:04] already patched
[2026-03-11 12:06:06] already patched
[2026-03-11 12:11:07] already patched
[2026-03-11 12:16:09] already patched
[2026-03-11 12:21:10] already patched
[2026-03-11 12:26:11] already patched
[2026-03-11 12:31:13] already patched
[2026-03-11 12:36:14] already patched
[2026-03-11 12:41:16] already patched
[2026-03-11 12:46:17] already patched
[2026-03-11 12:51:18] already patched
[2026-03-11 12:56:20] already patched
[2026-03-11 13:01:21] already patched
[2026-03-11 13:06:23] already patched
[2026-03-11 13:11:24] already patched
[2026-03-11 13:16:25] already patched
[2026-03-11 13:21:27] already patched
[2026-03-11 13:26:28] already patched
[2026-03-11 13:31:30] already patched
[2026-03-11 13:36:31] already patched
[2026-03-11 13:41:33] already patched
[2026-03-11 13:46:34] already patched
[2026-03-11 13:51:37] already patched
[2026-03-11 13:56:38] already patched
[2026-03-11 14:01:40] already patched
[2026-03-11 14:06:41] already patched
[2026-03-11 14:11:43] already patched
[2026-03-11 14:16:44] already patched
[2026-03-11 14:21:46] already patched
[2026-03-11 14:26:47] already patched
[2026-03-11 14:31:49] already patched
[2026-03-11 14:36:50] already patched
[2026-03-11 14:41:52] already patched
[2026-03-11 14:46:53] already patched
[2026-03-11 14:51:55] already patched
[2026-03-11 14:56:56] already patched
[2026-03-11 15:01:57] already patched
[2026-03-11 15:06:59] already patched
[2026-03-11 15:12:00] already patched
[2026-03-11 15:17:02] already patched
[2026-03-11 15:22:03] already patched
[2026-03-11 15:27:05] already patched
[2026-03-11 15:32:06] already patched
[2026-03-11 15:37:08] already patched
[2026-03-11 15:42:11] already patched
[2026-03-11 15:47:13] already patched
[2026-03-11 15:52:14] already patched
[2026-03-11 15:57:16] already patched
[2026-03-11 16:02:18] already patched
[2026-03-11 16:07:21] already patched
[2026-03-11 16:12:22] already patched
[2026-03-11 16:17:23] already patched
[2026-03-11 16:22:24] already patched
[2026-03-11 16:27:25] already patched
[2026-03-11 16:32:27] already patched
[2026-03-11 16:37:28] already patched
[2026-03-11 16:42:30] already patched
[2026-03-11 16:47:31] already patched
[2026-03-11 16:52:33] already patched
[2026-03-11 16:57:34] already patched
[2026-03-11 17:02:35] already patched
[2026-03-11 17:07:36] already patched
[2026-03-11 17:12:38] already patched
[2026-03-11 17:17:40] already patched
[2026-03-11 17:22:43] already patched
[2026-03-11 17:27:45] already patched
[2026-03-11 17:32:47] already patched
[2026-03-11 17:37:49] already patched
[2026-03-11 17:42:50] already patched
[2026-03-11 17:47:52] already patched
[2026-03-11 17:52:53] already patched
[2026-03-11 17:57:55] already patched
[2026-03-11 18:02:56] already patched
[2026-03-11 18:07:58] already patched
[2026-03-11 18:12:59] already patched
[2026-03-11 18:18:01] already patched
[2026-03-11 18:23:02] already patched
[2026-03-11 18:28:03] already patched
[2026-03-11 18:33:05] already patched
[2026-03-11 18:38:06] already patched
[2026-03-11 18:43:08] already patched
[2026-03-11 18:48:09] already patched
[2026-03-11 18:53:11] already patched
[2026-03-11 18:58:12] already patched
[2026-03-11 19:03:14] already patched
[2026-03-11 19:08:15] already patched
[2026-03-11 19:13:16] already patched
[2026-03-11 19:18:18] already patched
[2026-03-11 19:23:20] already patched
[2026-03-11 19:28:21] already patched
[2026-03-11 19:33:23] already patched
[2026-03-11 19:38:24] already patched
[2026-03-11 19:43:26] already patched
[2026-03-11 19:48:28] already patched
[2026-03-11 19:50:58] timeout baseline updated: timeoutSeconds>=1200, subagents.runTimeoutSeconds>=1200, subagents.announceTimeoutMs>=300000
[2026-03-11 19:50:58] changes applied (patch=1 timeout=1); restarting gateway
[2026-03-11 19:53:30] already patched and timeout baseline unchanged
[2026-03-11 19:55:25] already patched and timeout baseline unchanged
[2026-03-11 19:58:33] already patched and timeout baseline unchanged
[2026-03-11 19:59:20] changes applied (patch=1 timeout=0); restarting gateway
[2026-03-11 20:03:35] already patched and timeout baseline unchanged
[2026-03-11 20:08:38] already patched and timeout baseline unchanged
[2026-03-11 20:13:39] already patched and timeout baseline unchanged
[2026-03-11 20:18:41] already patched and timeout baseline unchanged
[2026-03-11 20:23:43] changes applied (patch=1 timeout=0); restarting gateway
[2026-03-11 20:30:09] already patched and timeout baseline unchanged
[2026-03-11 20:31:24] already patched and timeout baseline unchanged
[2026-03-11 20:35:10] already patched and timeout baseline unchanged
[2026-03-11 20:40:12] already patched and timeout baseline unchanged
[2026-03-11 20:45:14] already patched and timeout baseline unchanged
[2026-03-11 20:50:18] already patched and timeout baseline unchanged
[2026-03-11 20:53:59] already patched and timeout baseline unchanged
[2026-03-11 20:55:19] already patched and timeout baseline unchanged
