On branch main
Your branch is up to date with 'origin/main'.

nothing to commit, working tree clean
Memory synced at Mon Mar  9 09:00:01 KST 2026
On branch main
Your branch is up to date with 'origin/main'.

nothing to commit, working tree clean
Memory synced at Mon Mar  9 21:00:01 KST 2026
On branch main
Your branch is up to date with 'origin/main'.

nothing to commit, working tree clean
Memory synced at Tue Mar 10 09:00:01 KST 2026
/bin/sh: /usr/bin/flock: No such file or directory
/bin/sh: /usr/bin/flock: No such file or directory
On branch main
Your branch is up to date with 'origin/main'.

nothing to commit, working tree clean
Memory synced at Wed Mar 11 11:46:00 KST 2026
/bin/sh: /usr/bin/flock: No such file or directory
/bin/sh: /usr/bin/flock: No such file or directory
/bin/sh: /usr/bin/flock: No such file or directory
/bin/sh: /usr/bin/flock: No such file or directory
/bin/sh: /usr/bin/flock: No such file or directory
