[04-10 15:21] 🚀 Minting 守护进程启动 (PID: 28313)
[04-10 15:21] 💤 延迟168秒防女巫...
[04-10 15:24] 📤 @general: ⚡ Quick HACKAI
[04-10 15:24] ❌ HACKAI failed: Bad Request
[04-10 15:24] ✅ 完成
[04-10 15:24] 💤 延迟275秒防女巫...
[04-10 15:28] 📤 @tech: 🔷 HACKAI铸造
[04-10 15:28] ❌ HACKAI failed: Bad Request
[04-10 15:28] ✅ 完成
[04-10 15:28] 💤 延迟179秒防女巫...
[04-10 15:31] 📤 @meme: 🚀 HACKAI Mint
[04-10 15:31] ❌ HACKAI failed: Bad Request
[04-10 15:31] ✅ 完成
[04-10 15:31] 💤 延迟195秒防女巫...
[04-10 15:34] 📤 @ai: ⚡ Quick HACKAI
[04-10 15:34] ❌ HACKAI failed: Bad Request
[04-10 15:34] ✅ 完成
[04-10 15:34] 💤 延迟215秒防女巫...
[04-10 15:38] 📤 @crypto: 🔥 Hot HACKAI
[04-10 15:38] ❌ HACKAI failed: Bad Request
[04-10 15:38] ✅ 完成
[04-10 15:38] 💤 延迟316秒防女巫...
[04-10 15:43] 📤 @meme: 💎 HACKAI
[04-10 15:43] ❌ HACKAI failed: Bad Request
[04-10 15:43] ✅ 完成
[04-10 15:43] 💤 延迟279秒防女巫...
[04-10 15:48] 📤 @defi: 🌊 HACKAI Wave
[04-10 15:48] ❌ HACKAI failed: Bad Request
[04-10 15:48] ✅ 完成
[04-10 15:48] 💤 延迟158秒防女巫...
[04-10 15:51] 📤 @defi: 🔷 HACKAI铸造
[04-10 15:51] ❌ HACKAI failed: Bad Request
[04-10 15:51] ✅ 完成
[04-10 15:51] 💤 延迟359秒防女巫...
[04-10 15:57] 📤 @general: ⚡ Quick HACKAI
[04-10 15:57] ❌ HACKAI failed: Bad Request
[04-10 15:57] ✅ 完成
[04-10 15:57] 💤 延迟337秒防女巫...
[04-10 16:02] 📤 @crypto: 🔷 HACKAI铸造
[04-10 16:02] ❌ HACKAI failed: Bad Request
[04-10 16:02] ✅ 完成
[04-10 16:02] 💤 延迟288秒防女巫...
[04-10 16:07] 📤 @general: 🔷 HACKAI铸造
[04-10 16:07] ❌ HACKAI failed: Bad Request
[04-10 16:07] ✅ 完成
[04-10 16:07] 💤 延迟300秒防女巫...
[04-10 16:12] 📤 @crypto: ⚡ Quick HACKAI
[04-10 16:12] ❌ HACKAI failed: Bad Request
[04-10 16:12] ✅ 完成
[04-10 16:12] 💤 延迟256秒防女巫...
[04-10 16:16] 📤 @tech: 🔥 Hot HACKAI
[04-10 16:16] ❌ HACKAI failed: Bad Request
[04-10 16:16] ✅ 完成
[04-10 16:16] 💤 延迟217秒防女巫...
[04-10 16:20] 📤 @web3: 🔥 Hot HACKAI
[04-10 16:20] ❌ HACKAI failed: Bad Request
[04-10 16:20] ✅ 完成
[04-10 16:20] 💤 延迟292秒防女巫...
[04-10 16:25] 📤 @defi: 🔥 Hot HACKAI
[04-10 16:25] ❌ HACKAI failed: Bad Request
[04-10 16:25] ✅ 完成
[04-10 16:25] 💤 延迟332秒防女巫...
[04-10 16:30] 📤 @general: 💎 HACKAI
[04-10 16:30] ❌ HACKAI failed: Bad Request
[04-10 16:30] ✅ 完成
[04-10 16:30] 💤 延迟279秒防女巫...
[04-10 16:35] 📤 @meme: 🚀 HACKAI Mint
[04-10 16:35] ❌ HACKAI failed: Bad Request
[04-10 16:35] ✅ 完成
[04-10 16:35] 💤 延迟323秒防女巫...
[04-10 16:40] 📤 @general: 💎 HACKAI
[04-10 16:40] ❌ HACKAI failed: Bad Request
[04-10 16:40] ✅ 完成
[04-10 16:40] 💤 延迟152秒防女巫...
[04-10 16:43] 📤 @tech: ⚡ Quick HACKAI
[04-10 16:43] ❌ HACKAI failed: Bad Request
[04-10 16:43] ✅ 完成
[04-10 16:43] 💤 延迟167秒防女巫...
[04-10 16:46] 📤 @tech: ⚡ Quick HACKAI
[04-10 16:46] ❌ HACKAI failed: Bad Request
[04-10 16:46] ✅ 完成
[04-10 16:46] 💤 延迟206秒防女巫...
[04-10 16:49] 📤 @tech: 🌊 HACKAI Wave
[04-10 16:49] ❌ HACKAI failed: Bad Request
[04-10 16:49] ✅ 完成
[04-10 16:49] 💤 延迟247秒防女巫...
[04-10 16:53] 📤 @web3: 🌊 HACKAI Wave
[04-10 16:53] ❌ HACKAI failed: Bad Request
[04-10 16:53] ✅ 完成
[04-10 16:53] 💤 延迟324秒防女巫...
[04-10 16:59] 📤 @defi: 🌊 HACKAI Wave
[04-10 16:59] ❌ HACKAI failed: Bad Request
[04-10 16:59] ✅ 完成
[04-10 16:59] 💤 延迟274秒防女巫...
[04-10 17:03] 📤 @crypto: 💎 HACKAI
[04-10 17:03] ❌ HACKAI failed: Bad Request
[04-10 17:03] ✅ 完成
[04-10 17:03] 💤 延迟150秒防女巫...
[04-10 17:06] 📤 @tech: 🔷 HACKAI铸造
[04-10 17:06] ❌ HACKAI failed: Bad Request
[04-10 17:06] ✅ 完成
[04-10 17:06] 💤 延迟299秒防女巫...
[04-10 17:11] 📤 @defi: 🔷 HACKAI铸造
[04-10 17:11] ❌ HACKAI failed: Bad Request
[04-10 17:11] ✅ 完成
[04-10 17:11] 💤 延迟302秒防女巫...
[04-10 17:16] 📤 @ai: 💎 HACKAI
[04-10 17:16] ❌ HACKAI failed: Bad Request
[04-10 17:16] ✅ 完成
[04-10 17:16] 💤 延迟333秒防女巫...
[04-10 17:21] 📤 @web3: ⚡ Quick HACKAI
[04-10 17:21] ❌ HACKAI failed: Bad Request
[04-10 17:21] ✅ 完成
[04-10 17:21] 💤 延迟300秒防女巫...
[04-10 17:26] 📤 @web3: ⚡ Quick HACKAI
[04-10 17:26] ❌ HACKAI failed: Bad Request
[04-10 17:26] ✅ 完成
[04-10 17:26] 💤 延迟234秒防女巫...
[04-10 17:30] 📤 @meme: 🔥 Hot HACKAI
[04-10 17:30] ❌ HACKAI failed: Bad Request
[04-10 17:30] ✅ 完成
[04-10 17:30] 💤 延迟254秒防女巫...
[04-10 17:35] 📤 @crypto: 🌊 HACKAI Wave
[04-10 17:35] ❌ HACKAI failed: Bad Request
[04-10 17:35] ✅ 完成
[04-10 17:35] 💤 延迟303秒防女巫...
[04-10 17:40] 📤 @general: 🌊 HACKAI Wave
[04-10 17:40] ❌ HACKAI failed: Bad Request
[04-10 17:40] ✅ 完成
[04-10 17:40] 💤 延迟266秒防女巫...
[04-10 17:44] 📤 @defi: 💎 HACKAI
[04-10 17:44] ❌ HACKAI failed: Bad Request
[04-10 17:44] ✅ 完成
[04-10 17:44] 💤 延迟152秒防女巫...
[04-10 17:47] 📤 @web3: 🔷 HACKAI铸造
[04-10 17:47] ❌ HACKAI failed: Bad Request
[04-10 17:47] ✅ 完成
[04-10 17:47] 💤 延迟174秒防女巫...
[04-10 17:50] 📤 @tech: 💎 HACKAI
[04-10 17:50] ❌ HACKAI failed: Bad Request
[04-10 17:50] ✅ 完成
[04-10 17:50] 💤 延迟356秒防女巫...
[04-10 17:55] 📤 @ai: 💎 HACKAI
[04-10 17:55] ❌ HACKAI failed: Bad Request
[04-10 17:55] ✅ 完成
[04-10 17:55] 💤 延迟354秒防女巫...
[04-10 18:01] 📤 @general: 🤖 Auto-minted
[04-10 18:01] ❌ HACKAI failed: Bad Request
[04-10 18:01] ✅ 完成
[04-10 18:01] 💤 延迟352秒防女巫...
[04-10 18:07] 📤 @general: 🚀 HACKAI Mint
[04-10 18:07] ❌ HACKAI failed: Bad Request
[04-10 18:07] ✅ 完成
[04-10 18:07] 💤 延迟250秒防女巫...
[04-10 18:11] 📤 @web3: 🤖 Auto-minted
[04-10 18:11] ❌ HACKAI failed: Bad Request
[04-10 18:11] ✅ 完成
[04-10 18:11] 💤 延迟276秒防女巫...
[04-10 18:16] 📤 @web3: 🤖 Auto-minted
[04-10 18:16] ❌ HACKAI failed: Bad Request
[04-10 18:16] ✅ 完成
[04-10 18:16] 💤 延迟244秒防女巫...
[04-10 18:20] 📤 @crypto: 🚀 HACKAI Mint
[04-10 18:20] ❌ HACKAI failed: Bad Request
[04-10 18:20] ✅ 完成
[04-10 18:20] 💤 延迟321秒防女巫...
[04-10 18:25] 📤 @meme: ⚡ Quick HACKAI
[04-10 18:25] ❌ HACKAI failed: Bad Request
[04-10 18:25] ✅ 完成
[04-10 18:25] 💤 延迟167秒防女巫...
[04-10 18:28] 📤 @defi: ⚡ Quick HACKAI
[04-10 18:28] ❌ HACKAI failed: Bad Request
[04-10 18:28] ✅ 完成
[04-10 18:28] 💤 延迟265秒防女巫...
[04-10 18:33] 📤 @tech: 🔥 Hot HACKAI
[04-10 18:33] ❌ HACKAI failed: Bad Request
[04-10 18:33] ✅ 完成
[04-10 18:33] 💤 延迟302秒防女巫...
[04-10 18:38] 📤 @crypto: 🔷 HACKAI铸造
[04-10 18:38] ❌ HACKAI failed: Bad Request
[04-10 18:38] ✅ 完成
[04-10 18:38] 💤 延迟235秒防女巫...
[04-10 18:42] 📤 @web3: 💎 HACKAI
[04-10 18:42] ❌ HACKAI failed: Bad Request
[04-10 18:42] ✅ 完成
[04-10 18:42] 💤 延迟306秒防女巫...
[04-10 18:47] 📤 @crypto: 🌊 HACKAI Wave
[04-10 18:47] ❌ HACKAI failed: Bad Request
[04-10 18:47] ✅ 完成
[04-10 18:47] 💤 延迟274秒防女巫...
[04-10 18:51] 📤 @defi: 🤖 Auto-minted
[04-10 18:51] ❌ HACKAI failed: Bad Request
[04-10 18:51] ✅ 完成
[04-10 18:51] 💤 延迟268秒防女巫...
[04-10 18:56] 📤 @defi: ⚡ Quick HACKAI
[04-10 18:56] ❌ HACKAI failed: Bad Request
[04-10 18:56] ✅ 完成
[04-10 18:56] 💤 延迟187秒防女巫...
[04-10 18:59] 📤 @meme: 🔷 HACKAI铸造
[04-10 18:59] ❌ HACKAI failed: Bad Request
[04-10 18:59] ✅ 完成
[04-10 18:59] 💤 延迟341秒防女巫...
[04-10 19:05] 📤 @ai: 💎 HACKAI
[04-10 19:05] ❌ HACKAI failed: Bad Request
[04-10 19:05] ✅ 完成
[04-10 19:05] 💤 延迟154秒防女巫...
[04-10 19:07] 📤 @web3: 🌊 HACKAI Wave
[04-10 19:07] ❌ HACKAI failed: Bad Request
[04-10 19:07] ✅ 完成
[04-10 19:07] 💤 延迟281秒防女巫...
[04-10 19:12] 📤 @tech: 🔥 Hot HACKAI
[04-10 19:12] ❌ HACKAI failed: Bad Request
[04-10 19:12] ✅ 完成
[04-10 19:12] 💤 延迟338秒防女巫...
[04-10 19:18] 📤 @defi: 💎 HACKAI
[04-10 19:18] ❌ HACKAI failed: Bad Request
[04-10 19:18] ✅ 完成
[04-10 19:18] 💤 延迟340秒防女巫...
[04-10 19:23] 📤 @ai: 🚀 HACKAI Mint
[04-10 19:23] ❌ HACKAI failed: Bad Request
[04-10 19:23] ✅ 完成
[04-10 19:23] 💤 延迟257秒防女巫...
[04-10 19:27] 📤 @defi: ⚡ Quick HACKAI
[04-10 19:27] ❌ HACKAI failed: Bad Request
[04-10 19:27] ✅ 完成
[04-10 19:27] 💤 延迟359秒防女巫...
[04-10 19:33] 📤 @tech: 💎 HACKAI
[04-10 19:33] ❌ HACKAI failed: Bad Request
[04-10 19:33] ✅ 完成
[04-10 19:33] 💤 延迟273秒防女巫...
[04-10 19:38] 📤 @crypto: 🔥 Hot HACKAI
[04-10 19:38] ❌ HACKAI failed: Bad Request
[04-10 19:38] ✅ 完成
[04-10 19:38] 💤 延迟179秒防女巫...
[04-10 19:41] 📤 @defi: 🤖 Auto-minted
[04-10 19:41] ❌ HACKAI failed: Bad Request
[04-10 19:41] ✅ 完成
[04-10 19:41] 💤 延迟178秒防女巫...
[04-10 19:44] 📤 @ai: 🌊 HACKAI Wave
[04-10 19:44] ❌ HACKAI failed: Bad Request
[04-10 19:44] ✅ 完成
[04-10 19:44] 💤 延迟339秒防女巫...
[04-10 19:50] 📤 @web3: 🤖 Auto-minted
[04-10 19:50] ❌ HACKAI failed: Bad Request
[04-10 19:50] ✅ 完成
[04-10 19:50] 💤 延迟220秒防女巫...
[04-10 19:53] 📤 @general: 🔷 HACKAI铸造
[04-10 19:53] ❌ HACKAI failed: Bad Request
[04-10 19:53] ✅ 完成
[04-10 19:53] 💤 延迟282秒防女巫...
[04-10 19:58] 📤 @meme: 🤖 Auto-minted
[04-10 19:58] ❌ HACKAI failed: Bad Request
[04-10 19:58] ✅ 完成
[04-10 19:58] 💤 延迟307秒防女巫...
[04-10 20:03] 📤 @defi: 🔷 HACKAI铸造
[04-10 20:03] ❌ HACKAI failed: Bad Request
[04-10 20:03] ✅ 完成
[04-10 20:03] 💤 延迟331秒防女巫...
[04-10 20:09] 📤 @web3: ⚡ Quick HACKAI
[04-10 20:09] ❌ HACKAI failed: Bad Request
[04-10 20:09] ✅ 完成
[04-10 20:09] 💤 延迟206秒防女巫...
[04-10 20:12] 📤 @ai: 🌊 HACKAI Wave
[04-10 20:12] ❌ HACKAI failed: Bad Request
[04-10 20:12] ✅ 完成
[04-10 20:12] 💤 延迟226秒防女巫...
[04-10 20:16] 📤 @general: 🚀 HACKAI Mint
[04-10 20:16] ❌ HACKAI failed: Bad Request
[04-10 20:16] ✅ 完成
[04-10 20:16] 💤 延迟152秒防女巫...
[04-10 20:18] 📤 @meme: 🔥 Hot HACKAI
[04-10 20:18] ❌ HACKAI failed: Bad Request
[04-10 20:18] ✅ 完成
[04-10 20:18] 💤 延迟274秒防女巫...
[04-10 20:23] 📤 @meme: 🤖 Auto-minted
[04-10 20:23] ❌ HACKAI failed: Bad Request
[04-10 20:23] ✅ 完成
[04-10 20:23] 💤 延迟328秒防女巫...
[04-10 20:24] ⚠️ 进程已运行 (PID: 28313)
[04-10 20:29] 📤 @crypto: 🔷 HACKAI铸造
[04-10 20:29] ❌ HACKAI failed: Bad Request
[04-10 20:29] ✅ 完成
[04-10 20:29] 💤 延迟273秒防女巫...
[04-10 20:33] 📤 @defi: 🚀 HACKAI Mint
[04-10 20:33] ❌ HACKAI failed: Bad Request
[04-10 20:33] ✅ 完成
[04-10 20:33] 💤 延迟302秒防女巫...
[04-10 20:38] 📤 @defi: 💎 HACKAI
[04-10 20:38] ❌ HACKAI failed: Bad Request
[04-10 20:38] ✅ 完成
[04-10 20:38] 💤 延迟356秒防女巫...
[04-10 20:44] 📤 @crypto: 🤖 Auto-minted
[04-10 20:44] ❌ HACKAI failed: Bad Request
[04-10 20:44] ✅ 完成
[04-10 20:44] 💤 延迟293秒防女巫...
[04-10 20:49] 📤 @general: 🚀 HACKAI Mint
[04-10 20:49] ❌ HACKAI failed: Bad Request
[04-10 20:49] ✅ 完成
[04-10 20:49] 💤 延迟171秒防女巫...
[04-10 20:52] 📤 @general: 🌊 HACKAI Wave
[04-10 20:52] ❌ HACKAI failed: Bad Request
[04-10 20:52] ✅ 完成
[04-10 20:52] 💤 延迟164秒防女巫...
[04-10 20:53] ⚠️ 进程已运行 (PID: 28313)
[04-10 20:55] 📤 @crypto: 💎 HACKAI
[04-10 20:55] ❌ HACKAI failed: Bad Request
[04-10 20:55] ✅ 完成
[04-10 20:55] 💤 延迟183秒防女巫...
[04-10 20:58] 📤 @web3: 🌊 HACKAI Wave
[04-10 20:58] ❌ HACKAI failed: Bad Request
[04-10 20:58] ✅ 完成
[04-10 20:58] 💤 延迟270秒防女巫...
[04-10 21:02] 📤 @web3: 🌊 HACKAI Wave
[04-10 21:02] ❌ HACKAI failed: Bad Request
[04-10 21:02] ✅ 完成
[04-10 21:02] 💤 延迟288秒防女巫...
[04-10 21:07] 📤 @meme: 🤖 Auto-minted
[04-10 21:07] ❌ HACKAI failed: Bad Request
[04-10 21:07] ✅ 完成
[04-10 21:07] 💤 延迟320秒防女巫...
[04-10 21:12] 📤 @general: 🤖 Auto-minted
[04-10 21:12] ❌ HACKAI failed: Bad Request
[04-10 21:12] ✅ 完成
[04-10 21:12] 💤 延迟278秒防女巫...
[04-10 21:17] 📤 @crypto: 💎 HACKAI
[04-10 21:17] ❌ HACKAI failed: Bad Request
[04-10 21:17] ✅ 完成
[04-10 21:17] 💤 延迟304秒防女巫...
[04-10 21:22] 📤 @tech: 🚀 HACKAI Mint
[04-10 21:22] ❌ HACKAI failed: Bad Request
[04-10 21:22] ✅ 完成
[04-10 21:22] 💤 延迟264秒防女巫...
[04-10 21:26] 📤 @tech: 🔷 HACKAI铸造
[04-10 21:26] ❌ HACKAI failed: Bad Request
[04-10 21:26] ✅ 完成
[04-10 21:26] 💤 延迟184秒防女巫...
[04-10 21:30] 📤 @meme: 🚀 HACKAI Mint
[04-10 21:30] ❌ HACKAI failed: Bad Request
[04-10 21:30] ✅ 完成
[04-10 21:30] 💤 延迟320秒防女巫...
