[02-22 16:13] 
⚠️ MOLT Mint: 进程未运行
[02-22 16:22] 
⚠️ MOLT Mint: 进程未运行
[02-22 16:23] 
⚠️ MOLT Mint: 进程未运行
[02-22 16:28] 
⚠️ Fortytwo: 未运行
⚠️ MOLT Mint: 进程未运行
[02-22 17:00] 
⚠️ Fortytwo: 未运行
⚠️ MOLT Mint: 进程未运行
[02-22 17:20] 
⚠️ Fortytwo: 未运行
⚠️ MOLT Mint: 进程未运行
[02-22 18:00] 
⚠️ Fortytwo: 未运行
⚠️ MOLT Mint: 进程未运行
[02-22 18:02] 
⚠️ MOLT Mint: 超过10分钟无日志
✅ [02-22 18:03] 全部正常
✅ [02-22 18:03] 全部正常
✅ [02-22 19:01] 全部正常
✅ [02-22 20:00] 全部正常
✅ [02-22 21:00] 全部正常
✅ [02-22 22:01] 全部正常
✅ [02-22 23:00] 全部正常
✅ [02-23 00:00] 全部正常
✅ [02-23 01:00] 全部正常
[02-23 01:35] 
⚠️ Fortytwo: 未运行
⚠️ MOLT Mint: 进程未运行
[02-23 01:36] 
⚠️ Fortytwo: 未运行
⚠️ MOLT Mint: 超过202602230136分钟无更新
[02-23 01:37] 
⚠️ Fortytwo: 未运行
✅ [02-23 01:37] 全部正常
[02-23 01:40] 监控汇报已发送
[02-23 01:42] 监控汇报已发送
[02-23 01:42] 监控汇报已发送
[02-23 01:43] 监控汇报已发送
[02-23 01:43] 监控汇报已发送
[02-23 01:43] 监控汇报已发送
[02-23 01:44] 监控汇报已发送
[02-23 02:00] 监控汇报已发送
[02-23 03:00] 监控汇报已发送
[02-23 04:00] 监控汇报已发送
[02-23 05:00] 监控汇报已发送
[02-23 06:00] 监控汇报已发送
[02-23 07:00] 监控汇报已发送
[02-23 08:00] 监控汇报已发送
[02-23 09:00] 监控汇报已发送
[02-23 10:03] 监控汇报已发送
[02-23 11:00] 监控汇报已发送
[02-23 12:00] 监控汇报已发送
[02-23 13:01] 监控汇报已发送
[02-23 14:00] 监控汇报已发送
[02-23 15:00] 监控汇报已发送
[02-23 16:01] 监控汇报已发送
[02-23 17:00] 监控汇报已发送
[02-23 18:00] 监控汇报已发送
[02-23 19:01] 监控汇报已发送
[02-23 20:00] 监控汇报已发送
[02-23 21:00] 监控汇报已发送
[02-23 22:01] 监控汇报已发送
[02-23 22:04] 监控汇报已发送
[02-23 22:06] 监控汇报已发送
[02-23 22:06] 监控汇报已发送
[02-23 22:07] 监控汇报已发送
[02-23 23:00] 监控汇报已发送
[02-24 00:00] 监控汇报已发送
[02-24 01:00] 监控汇报已发送
[02-24 02:00] 监控汇报已发送
[02-24 03:00] 监控汇报已发送
[02-24 04:00] 监控汇报已发送
[02-24 05:00] 监控汇报已发送
[02-24 06:00] 监控汇报已发送
[02-24 07:00] 监控汇报已发送
[02-24 08:00] 监控汇报已发送
[02-24 09:00] 监控汇报已发送
[02-24 10:02] 监控汇报已发送
[02-24 11:00] 监控汇报已发送
[02-24 12:00] 监控汇报已发送
[02-24 13:01] 监控汇报已发送
[02-24 14:00] 监控汇报已发送
[02-24 15:00] 监控汇报已发送
[02-24 16:01] 监控汇报已发送
[02-24 17:00] 监控汇报已发送
[02-24 19:01] 监控汇报已发送
[02-24 20:00] 监控汇报已发送
[02-24 21:00] 监控汇报已发送
[02-24 22:01] 监控汇报已发送
[02-25 00:00] 监控汇报已发送
[02-25 01:00] 监控汇报已发送
[02-25 02:00] 监控汇报已发送
[02-25 03:00] 监控汇报已发送
[02-25 04:00] 监控汇报已发送
[02-25 07:00] 监控汇报已发送
[02-25 08:00] 监控汇报已发送
[02-25 09:00] 监控汇报已发送
[02-25 10:02] 监控汇报已发送
[02-25 11:00] 监控汇报已发送
[02-25 12:00] 监控汇报已发送
[02-25 13:01] 监控汇报已发送
[02-25 14:00] 监控汇报已发送
[02-25 15:00] 监控汇报已发送
[02-25 15:02] 监控汇报已发送
[02-25 15:03] 监控汇报已发送
[02-25 15:03] 监控汇报已发送
[02-25 15:04] 监控汇报已发送
[02-25 15:04] 监控汇报已发送
[02-25 15:06] 监控汇报已发送
[02-25 15:07] 监控汇报已发送
[02-25 16:01] 监控汇报已发送
[02-25 17:00] 监控汇报已发送
[02-25 18:00] 监控汇报已发送
[02-25 19:01] 监控汇报已发送
[02-25 20:00] 监控汇报已发送
[02-25 21:00] 监控汇报已发送
[02-25 22:00] 监控汇报已发送
[02-25 23:00] 监控汇报已发送
[02-26 00:00] 监控汇报已发送
[02-26 01:00] 监控汇报已发送
[02-26 02:00] 监控汇报已发送
[02-26 03:00] 监控汇报已发送
[02-26 05:00] 监控汇报已发送
[02-26 06:00] 监控汇报已发送
[02-26 07:00] 监控汇报已发送
[02-26 08:00] 监控汇报已发送
[02-26 09:00] 监控汇报已发送
[02-26 10:01] 监控汇报已发送
[02-26 11:00] 监控汇报已发送
[02-26 12:00] 监控汇报已发送
[02-26 13:01] 监控汇报已发送
[02-26 14:01] 监控汇报已发送
[02-26 15:00] 监控汇报已发送
[02-26 16:01] 监控汇报已发送
[02-26 18:00] 监控汇报已发送
[02-26 19:00] 监控汇报已发送
[02-26 20:00] 监控汇报已发送
[02-26 21:00] 监控汇报已发送
[02-27 00:00] 监控汇报已发送
[02-27 01:00] 监控汇报已发送
[02-27 02:00] 监控汇报已发送
[02-27 03:00] 监控汇报已发送
[02-27 04:00] 监控汇报已发送
[02-27 04:47] 监控汇报已发送
[02-27 05:00] 监控汇报已发送
[02-27 06:00] 监控汇报已发送
[02-27 07:00] 监控汇报已发送
[02-27 08:00] 监控汇报已发送
[02-27 09:00] 监控汇报已发送
[02-27 10:02] 监控汇报已发送
[02-27 11:00] 监控汇报已发送
[02-27 12:00] 监控汇报已发送
[02-27 13:01] 监控汇报已发送
[02-27 14:00] 监控汇报已发送
[02-27 15:00] 监控汇报已发送
[02-27 16:01] 监控汇报已发送
[02-27 17:00] 监控汇报已发送
[02-27 18:00] 监控汇报已发送
[02-27 19:00] 监控汇报已发送
[02-27 20:00] 监控汇报已发送
[02-27 21:00] 监控汇报已发送
[02-27 22:01] 监控汇报已发送
[02-27 23:00] 监控汇报已发送
[02-28 00:00] 监控汇报已发送
[02-28 01:00] 监控汇报已发送
[02-28 02:00] 监控汇报已发送
[02-28 03:00] 监控汇报已发送
[02-28 04:00] 监控汇报已发送
[02-28 05:00] 监控汇报已发送
[02-28 06:00] 监控汇报已发送
[02-28 07:00] 监控汇报已发送
[02-28 08:00] 监控汇报已发送
[02-28 09:00] 监控汇报已发送
[02-28 10:02] 监控汇报已发送
[02-28 11:00] 监控汇报已发送
[02-28 12:00] 监控汇报已发送
[02-28 13:01] 监控汇报已发送
[02-28 14:00] 监控汇报已发送
[02-28 15:00] 监控汇报已发送
[02-28 16:00] 监控汇报已发送
[02-28 17:00] 监控汇报已发送
[02-28 18:00] 监控汇报已发送
[02-28 19:01] 监控汇报已发送
[02-28 20:00] 监控汇报已发送
[02-28 21:00] 监控汇报已发送
[02-28 23:00] 监控汇报已发送
[03-01 00:00] 监控汇报已发送
[03-01 01:00] 监控汇报已发送
[03-01 03:00] 监控汇报已发送
[03-01 04:00] 监控汇报已发送
[03-01 05:00] 监控汇报已发送
[03-01 06:00] 监控汇报已发送
[03-01 07:00] 监控汇报已发送
[03-01 08:00] 监控汇报已发送
[03-01 09:00] 监控汇报已发送
[03-01 10:01] 监控汇报已发送
[03-01 11:00] 监控汇报已发送
[03-01 12:00] 监控汇报已发送
[03-01 13:00] 监控汇报已发送
[03-01 14:00] 监控汇报已发送
[03-01 15:00] 监控汇报已发送
[03-01 16:01] 监控汇报已发送
[03-01 17:00] 监控汇报已发送
[03-01 18:00] 监控汇报已发送
[03-01 19:00] 监控汇报已发送
[03-01 20:00] 监控汇报已发送
[03-01 21:00] 监控汇报已发送
[03-01 22:01] 监控汇报已发送
[03-01 23:00] 监控汇报已发送
[03-02 00:00] 监控汇报已发送
[03-02 01:00] 监控汇报已发送
[03-02 02:00] 监控汇报已发送
[03-02 03:00] 监控汇报已发送
[03-02 04:00] 监控汇报已发送
[03-02 05:00] 监控汇报已发送
[03-02 06:00] 监控汇报已发送
[03-02 07:00] 监控汇报已发送
[03-02 08:00] 监控汇报已发送
[03-02 09:00] 监控汇报已发送
[03-02 10:02] 监控汇报已发送
[03-02 11:00] 监控汇报已发送
[03-02 12:00] 监控汇报已发送
[03-02 13:01] 监控汇报已发送
[03-02 14:00] 监控汇报已发送
[03-02 15:00] 监控汇报已发送
[03-02 16:01] 监控汇报已发送
[03-02 17:00] 监控汇报已发送
[03-02 18:00] 监控汇报已发送
[03-02 19:01] 监控汇报已发送
[03-02 20:00] 监控汇报已发送
[03-02 21:00] 监控汇报已发送
[03-02 22:01] 监控汇报已发送
[03-03 00:02] 监控汇报已发送
[03-03 01:01] 监控汇报已发送
[03-03 02:00] 监控汇报已发送
[03-03 03:00] 监控汇报已发送
[03-03 04:00] 监控汇报已发送
[03-03 05:00] 监控汇报已发送
[03-03 06:00] 监控汇报已发送
[03-03 07:00] 监控汇报已发送
[03-03 08:00] 监控汇报已发送
[03-03 09:00] 监控汇报已发送
[03-03 10:03] 监控汇报已发送
[03-03 11:00] 监控汇报已发送
[03-03 12:00] 监控汇报已发送
[03-03 13:01] 监控汇报已发送
[03-03 15:00] 监控汇报已发送
[03-03 16:02] 监控汇报已发送
[03-03 17:00] 监控汇报已发送
[03-03 18:00] 监控汇报已发送
[03-03 19:01] 监控汇报已发送
[03-03 22:02] 监控汇报已发送
[03-04 00:01] 监控汇报已发送
[03-04 02:00] 监控汇报已发送
[03-04 05:00] 监控汇报已发送
[03-04 06:00] 监控汇报已发送
[03-04 10:02] 监控汇报已发送
[03-04 12:00] 监控汇报已发送
[03-04 15:00] 监控汇报已发送
[03-04 16:02] 监控汇报已发送
[03-04 17:00] 监控汇报已发送
[03-04 18:00] 监控汇报已发送
[03-04 19:01] 监控汇报已发送
[03-04 21:00] 监控汇报已发送
[03-04 23:11] 监控汇报已发送
[03-05 00:00] 监控汇报已发送
[03-05 01:00] 监控汇报已发送
[03-05 02:01] 监控汇报已发送
[03-05 03:01] 监控汇报已发送
[03-05 09:00] 监控汇报已发送
[03-05 10:02] 监控汇报已发送
[03-05 11:01] 监控汇报已发送
[03-05 12:02] 监控汇报已发送
[03-05 13:01] 监控汇报已发送
[03-05 14:00] 监控汇报已发送
[03-05 15:00] 监控汇报已发送
[03-05 16:01] 监控汇报已发送
[03-05 18:00] 监控汇报已发送
[03-05 19:01] 监控汇报已发送
[03-05 20:00] 监控汇报已发送
[03-05 21:00] 监控汇报已发送
[03-05 22:01] 监控汇报已发送
[03-05 23:01] 监控汇报已发送
[03-06 00:01] 监控汇报已发送
[03-06 01:00] 监控汇报已发送
[03-06 02:00] 监控汇报已发送
[03-06 03:00] 监控汇报已发送
[03-06 05:00] 监控汇报已发送
[03-06 06:00] 监控汇报已发送
[03-06 07:00] 监控汇报已发送
[03-06 10:02] 监控汇报已发送
[03-06 12:00] 监控汇报已发送
[03-06 12:02] 监控汇报已发送
[03-06 13:00] 监控汇报已发送
[03-06 14:00] 监控汇报已发送
[03-06 15:00] 监控汇报已发送
[03-06 16:02] 监控汇报已发送
[03-06 17:00] 监控汇报已发送
[03-06 18:00] 监控汇报已发送
[03-06 19:01] 监控汇报已发送
[03-06 20:00] 监控汇报已发送
[03-06 22:02] 监控汇报已发送
[03-06 23:00] 监控汇报已发送
[03-07 00:00] 监控汇报已发送
[03-07 01:00] 监控汇报已发送
[03-07 02:00] 监控汇报已发送
[03-07 03:00] 监控汇报已发送
[03-07 05:01] 监控汇报已发送
[03-07 06:00] 监控汇报已发送
[03-07 08:00] 监控汇报已发送
[03-07 10:02] 监控汇报已发送
[03-07 10:13] 监控汇报已发送
[03-07 11:00] 监控汇报已发送
[03-07 12:00] 监控汇报已发送
[03-07 12:14] 监控汇报已发送
[03-07 14:17] 监控汇报已发送
[03-07 14:18] 监控汇报已发送
[03-07 14:19] 监控汇报已发送
[03-07 14:19] 监控汇报已发送
[03-07 14:20] 监控汇报已发送
[03-07 14:23] 监控汇报已发送
[03-07 14:23] 监控汇报已发送
[03-07 14:23] 监控汇报已发送
[03-07 16:07] 监控汇报已发送
[03-07 17:00] 监控汇报已发送
[03-07 17:17] 监控汇报已发送
[03-07 18:00] 监控汇报已发送
[03-07 18:30] 监控汇报已发送
[03-07 19:01] 监控汇报已发送
[03-07 20:04] 监控汇报已发送
[03-07 20:24] 监控汇报已发送
[03-07 20:25] 监控汇报已发送
[03-07 22:04] 监控汇报已发送
[03-08 00:04] 监控汇报已发送
[03-08 02:04] 监控汇报已发送
[03-08 04:04] 监控汇报已发送
[03-08 06:04] 监控汇报已发送
[03-08 08:04] 监控汇报已发送
[03-08 10:06] 监控汇报已发送
[03-08 12:04] 监控汇报已发送
[03-08 14:04] 监控汇报已发送
[03-08 16:04] 监控汇报已发送
[03-08 18:04] 监控汇报已发送
[03-08 20:04] 监控汇报已发送
[03-08 22:05] 监控汇报已发送
[03-09 00:04] 监控汇报已发送
[03-09 02:04] 监控汇报已发送
[03-09 04:04] 监控汇报已发送
[03-09 06:04] 监控汇报已发送
[03-09 08:05] 监控汇报已发送
[03-09 10:10] 监控汇报已发送
[03-09 12:04] 监控汇报已发送
[03-09 14:04] 监控汇报已发送
[03-09 16:04] 监控汇报已发送
[03-09 18:04] 监控汇报已发送
[03-09 20:04] 监控汇报已发送
[03-09 22:04] 监控汇报已发送
[03-10 00:04] 监控汇报已发送
[03-10 02:04] 监控汇报已发送
[03-10 04:04] 监控汇报已发送
[03-10 06:04] 监控汇报已发送
[03-10 08:04] 监控汇报已发送
[03-10 10:05] 监控汇报已发送
[03-10 12:04] 监控汇报已发送
[03-10 14:04] 监控汇报已发送
[03-10 16:04] 监控汇报已发送
[03-10 18:04] 监控汇报已发送
[03-10 20:04] 监控汇报已发送
[03-10 22:04] 监控汇报已发送
[03-11 00:11] 监控汇报已发送
[03-11 02:04] 监控汇报已发送
[03-11 04:04] 监控汇报已发送
[03-11 06:04] 监控汇报已发送
[03-11 08:04] 监控汇报已发送
[03-11 10:04] 监控汇报已发送
[03-11 12:04] 监控汇报已发送
[03-11 14:05] 监控汇报已发送
[03-11 17:18] 监控汇报已发送
[03-11 18:04] 监控汇报已发送
[03-11 20:25] 监控汇报已发送
[03-11 22:04] 监控汇报已发送
[03-12 00:04] 监控汇报已发送
[03-12 02:04] 监控汇报已发送
[03-12 04:04] 监控汇报已发送
[03-12 06:04] 监控汇报已发送
[03-12 08:04] 监控汇报已发送
[03-12 10:16] 监控汇报已发送
[03-12 12:04] 监控汇报已发送
[03-12 14:04] 监控汇报已发送
[03-12 16:04] 监控汇报已发送
[03-12 18:04] 监控汇报已发送
[03-12 20:04] 监控汇报已发送
[03-12 22:04] 监控汇报已发送
[03-13 00:04] 监控汇报已发送
[03-13 02:04] 监控汇报已发送
[03-13 04:04] 监控汇报已发送
[03-13 06:04] 监控汇报已发送
[03-13 08:04] 监控汇报已发送
[03-13 10:04] 监控汇报已发送
[03-13 12:04] 监控汇报已发送
[03-13 14:04] 监控汇报已发送
[03-13 16:04] 监控汇报已发送
[03-13 20:04] 监控汇报已发送
[03-13 22:04] 监控汇报已发送
[03-14 00:05] 监控汇报已发送
[03-14 00:17] 监控汇报已发送
[03-14 01:19] 监控汇报已发送
[03-14 02:04] 监控汇报已发送
[03-14 02:19] 监控汇报已发送
[03-14 03:19] 监控汇报已发送
[03-14 04:04] 监控汇报已发送
[03-14 04:19] 监控汇报已发送
[03-14 05:19] 监控汇报已发送
[03-14 06:04] 监控汇报已发送
[03-14 06:19] 监控汇报已发送
[03-14 07:19] 监控汇报已发送
[03-14 08:04] 监控汇报已发送
[03-14 08:19] 监控汇报已发送
[03-14 09:19] 监控汇报已发送
[03-14 10:04] 监控汇报已发送
[03-14 10:19] 监控汇报已发送
[03-14 11:19] 监控汇报已发送
[03-14 12:04] 监控汇报已发送
[03-14 12:19] 监控汇报已发送
[03-14 13:19] 监控汇报已发送
[03-14 14:04] 监控汇报已发送
[03-14 14:19] 监控汇报已发送
[03-14 15:19] 监控汇报已发送
[03-14 16:04] 监控汇报已发送
[03-14 16:19] 监控汇报已发送
[03-14 17:19] 监控汇报已发送
[03-14 18:04] 监控汇报已发送
[03-14 18:19] 监控汇报已发送
[03-14 19:19] 监控汇报已发送
[03-14 20:04] 监控汇报已发送
[03-14 20:19] 监控汇报已发送
[03-21 15:24] 监控汇报已发送
[03-21 16:05] 监控汇报已发送
[03-21 16:24] 监控汇报已发送
[03-21 17:24] 监控汇报已发送
[03-21 18:04] 监控汇报已发送
[03-21 18:24] 监控汇报已发送
[03-21 19:24] 监控汇报已发送
[03-21 20:04] 监控汇报已发送
[03-21 20:24] 监控汇报已发送
[03-21 21:24] 监控汇报已发送
[03-21 22:04] 监控汇报已发送
[03-21 22:24] 监控汇报已发送
[03-21 23:24] 监控汇报已发送
[03-22 00:04] 监控汇报已发送
[03-22 00:24] 监控汇报已发送
[03-22 01:24] 监控汇报已发送
[03-22 02:04] 监控汇报已发送
[03-22 02:24] 监控汇报已发送
[03-22 03:24] 监控汇报已发送
[03-22 04:18] 监控汇报已发送
[03-22 04:24] 监控汇报已发送
[03-22 05:24] 监控汇报已发送
[03-22 06:04] 监控汇报已发送
[03-22 06:25] 监控汇报已发送
[03-22 07:25] 监控汇报已发送
[03-22 08:04] 监控汇报已发送
[03-22 08:25] 监控汇报已发送
