[Sun Apr  5 14:00:00 KST 2026] OK - only        6 residual processes (threshold: 10)
[Sun Apr  5 15:00:00 KST 2026] OK - only        6 residual processes (threshold: 10)
[Sun Apr  5 16:00:00 KST 2026] OK - only        6 residual processes (threshold: 10)
[Sun Apr  5 17:00:00 KST 2026] OK - only        6 residual processes (threshold: 10)
[Sun Apr  5 18:00:00 KST 2026] OK - only        5 residual processes (threshold: 10)
[Sun Apr  5 19:00:00 KST 2026] OK - only        5 residual processes (threshold: 10)
[Sun Apr  5 20:00:00 KST 2026] OK - only        5 residual processes (threshold: 10)
[Sun Apr  5 21:00:00 KST 2026] OK - only        5 residual processes (threshold: 10)
[Sun Apr  5 22:00:00 KST 2026] OK - only        5 residual processes (threshold: 10)
[Sun Apr  5 23:00:00 KST 2026] OK - only        5 residual processes (threshold: 10)
[Mon Apr  6 00:00:01 KST 2026] OK - only        6 residual processes (threshold: 10)
[Mon Apr  6 01:00:00 KST 2026] OK - only        5 residual processes (threshold: 10)
[Mon Apr  6 02:00:01 KST 2026] OK - only        5 residual processes (threshold: 10)
[Mon Apr  6 03:00:01 KST 2026] OK - only        5 residual processes (threshold: 10)
[Mon Apr  6 04:00:01 KST 2026] OK - only        5 residual processes (threshold: 10)
[Mon Apr  6 05:00:00 KST 2026] OK - only        5 residual processes (threshold: 10)
[Mon Apr  6 06:00:00 KST 2026] OK - only        6 residual processes (threshold: 10)
[Mon Apr  6 07:00:00 KST 2026] OK - only        6 residual processes (threshold: 10)
[Mon Apr  6 08:00:01 KST 2026] OK - only        6 residual processes (threshold: 10)
[Mon Apr  6 09:00:00 KST 2026] OK - only        5 residual processes (threshold: 10)
[Mon Apr  6 10:00:00 KST 2026] OK - only        5 residual processes (threshold: 10)
[Mon Apr  6 11:00:01 KST 2026] OK - only        5 residual processes (threshold: 10)
[Mon Apr  6 12:00:00 KST 2026] OK - only        5 residual processes (threshold: 10)
[Mon Apr  6 13:00:00 KST 2026] OK - only        5 residual processes (threshold: 10)
[Mon Apr  6 14:00:01 KST 2026] OK - only        6 residual processes (threshold: 10)
[Mon Apr  6 15:00:01 KST 2026] OK - only        6 residual processes (threshold: 10)
[Mon Apr  6 16:00:01 KST 2026] OK - only        4 residual processes (threshold: 10)
[Mon Apr  6 17:00:01 KST 2026] OK - only        5 residual processes (threshold: 10)
[Mon Apr  6 18:00:01 KST 2026] OK - only        5 residual processes (threshold: 10)
[Mon Apr  6 19:00:01 KST 2026] OK - only        5 residual processes (threshold: 10)
[Mon Apr  6 20:00:00 KST 2026] OK - only        6 residual processes (threshold: 10)
[Mon Apr  6 21:00:01 KST 2026] OK - only        6 residual processes (threshold: 10)
[Mon Apr  6 22:00:00 KST 2026] OK - only        5 residual processes (threshold: 10)
[Mon Apr  6 23:00:01 KST 2026] OK - only        5 residual processes (threshold: 10)
[Tue Apr  7 00:00:01 KST 2026] OK - only        6 residual processes (threshold: 10)
[Tue Apr  7 01:00:00 KST 2026] OK - only        6 residual processes (threshold: 10)
[Tue Apr  7 02:00:00 KST 2026] OK - only        5 residual processes (threshold: 10)
[Tue Apr  7 03:00:00 KST 2026] OK - only        6 residual processes (threshold: 10)
[Tue Apr  7 04:00:00 KST 2026] OK - only        6 residual processes (threshold: 10)
[Tue Apr  7 05:00:01 KST 2026] OK - only        5 residual processes (threshold: 10)
[Tue Apr  7 06:00:01 KST 2026] OK - only        6 residual processes (threshold: 10)
[Tue Apr  7 07:00:00 KST 2026] OK - only        6 residual processes (threshold: 10)
[Tue Apr  7 08:00:00 KST 2026] OK - only        6 residual processes (threshold: 10)
[Tue Apr  7 09:00:01 KST 2026] OK - only        5 residual processes (threshold: 10)
[Tue Apr  7 10:00:00 KST 2026] OK - only        5 residual processes (threshold: 10)
[Tue Apr  7 11:00:00 KST 2026] OK - only        5 residual processes (threshold: 10)
[Tue Apr  7 12:00:00 KST 2026] OK - only        5 residual processes (threshold: 10)
[Tue Apr  7 13:00:00 KST 2026] OK - only        5 residual processes (threshold: 10)
[Tue Apr  7 14:00:00 KST 2026] OK - only        5 residual processes (threshold: 10)
[Tue Apr  7 15:00:00 KST 2026] OK - only        6 residual processes (threshold: 10)
[Tue Apr  7 16:00:00 KST 2026] OK - only        6 residual processes (threshold: 10)
[Tue Apr  7 17:00:00 KST 2026] OK - only        6 residual processes (threshold: 10)
[Tue Apr  7 18:00:00 KST 2026] OK - only        5 residual processes (threshold: 10)
[Tue Apr  7 19:00:00 KST 2026] OK - only        6 residual processes (threshold: 10)
[Tue Apr  7 20:00:00 KST 2026] OK - only        5 residual processes (threshold: 10)
[Tue Apr  7 21:00:00 KST 2026] OK - only        6 residual processes (threshold: 10)
[Tue Apr  7 22:00:00 KST 2026] OK - only        6 residual processes (threshold: 10)
[Tue Apr  7 23:00:00 KST 2026] OK - only        6 residual processes (threshold: 10)
[Wed Apr  8 00:00:00 KST 2026] OK - only        4 residual processes (threshold: 10)
[Wed Apr  8 01:00:01 KST 2026] OK - only        5 residual processes (threshold: 10)
[Wed Apr  8 02:00:00 KST 2026] OK - only        5 residual processes (threshold: 10)
[Wed Apr  8 03:00:00 KST 2026] OK - only        2 residual processes (threshold: 10)
[Wed Apr  8 04:00:01 KST 2026] OK - only        5 residual processes (threshold: 10)
[Wed Apr  8 05:00:01 KST 2026] OK - only        4 residual processes (threshold: 10)
[Wed Apr  8 06:00:00 KST 2026] OK - only        5 residual processes (threshold: 10)
[Wed Apr  8 07:00:00 KST 2026] OK - only        6 residual processes (threshold: 10)
[Wed Apr  8 08:00:01 KST 2026] OK - only        6 residual processes (threshold: 10)
[Wed Apr  8 09:00:00 KST 2026] OK - only        6 residual processes (threshold: 10)
[Wed Apr  8 10:00:00 KST 2026] OK - only        6 residual processes (threshold: 10)
[Wed Apr  8 11:00:00 KST 2026] OK - only        6 residual processes (threshold: 10)
[Wed Apr  8 12:00:00 KST 2026] OK - only        6 residual processes (threshold: 10)
[Wed Apr  8 13:00:00 KST 2026] OK - only        6 residual processes (threshold: 10)
[Wed Apr  8 14:00:00 KST 2026] OK - only        6 residual processes (threshold: 10)
[Wed Apr  8 15:00:01 KST 2026] OK - only        5 residual processes (threshold: 10)
[Wed Apr  8 16:00:01 KST 2026] OK - only        3 residual processes (threshold: 10)
[Wed Apr  8 17:00:01 KST 2026] OK - only        6 residual processes (threshold: 10)
[Wed Apr  8 18:00:01 KST 2026] OK - only        5 residual processes (threshold: 10)
[Wed Apr  8 19:00:00 KST 2026] OK - only        5 residual processes (threshold: 10)
[Wed Apr  8 20:00:01 KST 2026] OK - only        5 residual processes (threshold: 10)
[Wed Apr  8 21:00:01 KST 2026] OK - only        5 residual processes (threshold: 10)
[Wed Apr  8 22:00:00 KST 2026] OK - only        5 residual processes (threshold: 10)
[Wed Apr  8 23:00:01 KST 2026] OK - only        5 residual processes (threshold: 10)
[Thu Apr  9 00:00:00 KST 2026] OK - only        5 residual processes (threshold: 10)
[Thu Apr  9 01:00:01 KST 2026] OK - only        4 residual processes (threshold: 10)
[Thu Apr  9 02:00:01 KST 2026] OK - only        6 residual processes (threshold: 10)
[Thu Apr  9 03:00:01 KST 2026] OK - only        6 residual processes (threshold: 10)
[Thu Apr  9 04:00:00 KST 2026] OK - only        6 residual processes (threshold: 10)
[Thu Apr  9 05:00:00 KST 2026] OK - only        6 residual processes (threshold: 10)
[Thu Apr  9 06:00:01 KST 2026] OK - only        6 residual processes (threshold: 10)
[Thu Apr  9 07:00:00 KST 2026] OK - only        5 residual processes (threshold: 10)
[Thu Apr  9 08:00:00 KST 2026] OK - only        6 residual processes (threshold: 10)
[Thu Apr  9 09:00:00 KST 2026] OK - only        6 residual processes (threshold: 10)
[Thu Apr  9 10:00:01 KST 2026] OK - only        5 residual processes (threshold: 10)
[Thu Apr  9 11:00:01 KST 2026] OK - only        6 residual processes (threshold: 10)
[Thu Apr  9 12:00:01 KST 2026] OK - only        5 residual processes (threshold: 10)
[Thu Apr  9 13:00:01 KST 2026] OK - only        5 residual processes (threshold: 10)
[Thu Apr  9 14:00:00 KST 2026] OK - only        5 residual processes (threshold: 10)
[Thu Apr  9 15:00:01 KST 2026] OK - only        5 residual processes (threshold: 10)
[Thu Apr  9 16:00:01 KST 2026] OK - only        4 residual processes (threshold: 10)
[Thu Apr  9 17:00:00 KST 2026] OK - only        5 residual processes (threshold: 10)
[Thu Apr  9 18:00:00 KST 2026] OK - only        5 residual processes (threshold: 10)
[Thu Apr  9 19:00:01 KST 2026] OK - only        6 residual processes (threshold: 10)
[Thu Apr  9 20:00:00 KST 2026] OK - only        6 residual processes (threshold: 10)
[Thu Apr  9 21:00:00 KST 2026] OK - only        6 residual processes (threshold: 10)
[Thu Apr  9 22:00:00 KST 2026] OK - only        5 residual processes (threshold: 10)
[Thu Apr  9 23:00:01 KST 2026] OK - only        6 residual processes (threshold: 10)
[Fri Apr 10 00:00:00 KST 2026] OK - only        6 residual processes (threshold: 10)
[Fri Apr 10 01:00:00 KST 2026] OK - only        5 residual processes (threshold: 10)
[Fri Apr 10 02:00:00 KST 2026] OK - only        6 residual processes (threshold: 10)
[Fri Apr 10 03:00:00 KST 2026] OK - only        6 residual processes (threshold: 10)
[Fri Apr 10 04:00:01 KST 2026] OK - only        6 residual processes (threshold: 10)
[Fri Apr 10 05:00:01 KST 2026] OK - only        6 residual processes (threshold: 10)
[Fri Apr 10 06:00:00 KST 2026] OK - only        6 residual processes (threshold: 10)
[Fri Apr 10 07:00:01 KST 2026] OK - only        5 residual processes (threshold: 10)
[Fri Apr 10 08:00:00 KST 2026] OK - only        5 residual processes (threshold: 10)
[Fri Apr 10 09:00:01 KST 2026] OK - only        5 residual processes (threshold: 10)
