Sat Mar 21 16:21:51 KST 2026: Nexus nodes running:       12
Sat Mar 21 20:16:30 KST 2026: Nexus nodes running:       12
Sat Mar 21 20:45:49 KST 2026: Nexus nodes running:       11
Sat Mar 21 20:48:46 KST 2026: Nexus nodes running:       12
Sat Mar 21 21:00:02 KST 2026: Nexus nodes running:       12
Sat Mar 21 22:02:07 KST 2026: Nexus nodes running:       10
Sat Mar 21 23:01:31 KST 2026: Nexus nodes running:       13
Sat Mar 21 23:09:07 KST 2026: Nexus nodes running:       13
Sun Mar 22 09:00:02 KST 2026: Nexus nodes running:       12
Sun Mar 22 14:03:06 KST 2026: Nexus nodes running:       12
Sun Mar 22 21:00:06 KST 2026: Nexus nodes running:       12
Sun Mar 22 21:01:11 KST 2026: Nexus nodes running:       12
Mon Mar 23 07:01:55 KST 2026: Nexus nodes running:       12
Mon Mar 23 09:00:05 KST 2026: Nexus nodes running:       12
Mon Mar 23 21:00:06 KST 2026: Nexus nodes running:       12
Tue Mar 24 09:00:06 KST 2026: Nexus nodes running:       12
Tue Mar 24 09:04:07 KST 2026: Nexus nodes running:       12
Tue Mar 24 21:00:02 KST 2026: Nexus nodes running:       12
Wed Mar 25 09:00:12 KST 2026: Nexus nodes running:       11
Wed Mar 25 09:45:30 KST 2026: Nexus nodes running:       12
Wed Mar 25 21:00:24 KST 2026: Nexus nodes running:       12
Wed Mar 25 23:45:57 KST 2026: Nexus nodes running:       13
Thu Mar 26 09:00:21 KST 2026: Nexus nodes running:       11
Thu Mar 26 21:00:17 KST 2026: Nexus nodes running:       12
Fri Mar 27 09:00:39 KST 2026: Nexus nodes running:        9
Fri Mar 27 21:00:25 KST 2026: Nexus nodes running:       11
